
**** Build of configuration Debug for project HE-Roy's Life Cycle ****

Nothing to build for project HE-Roy's Life Cycle

**** Build of configuration Debug for project HE-Roy's Life Cycle ****

Nothing to build for project HE-Roy's Life Cycle

**** Build of configuration Debug for project HE-Roy's Life Cycle ****

Nothing to build for project HE-Roy's Life Cycle

**** Build of configuration Debug for project HE-Roy's Life Cycle ****

Nothing to build for project HE-Roy's Life Cycle
20:03:25 **** Build of configuration Debug for project HE-RoysLifeCycle ****
make all 
Building file: ../src/HE-RoysLifeCycle.cpp
Invoking: GCC C++ Compiler
g++ -O0 -g3 -Wall -c -fmessage-length=0 -MMD -MP -MF"src/HE-RoysLifeCycle.d" -MT"src/HE-RoysLifeCycle.o" -o "src/HE-RoysLifeCycle.o" "../src/HE-RoysLifeCycle.cpp"
Finished building: ../src/HE-RoysLifeCycle.cpp
 
Building target: HE-RoysLifeCycle
Invoking: MacOS X C++ Linker
g++  -o "HE-RoysLifeCycle"  ./src/HE-RoysLifeCycle.o   
Finished building target: HE-RoysLifeCycle
 
20:03:32 **** Incremental Build of configuration Debug for project HE-RoysLifeCycle ****
make all 
make: Nothing to be done for `all'.
20:03:38 **** Incremental Build of configuration Debug for project HE-RoysLifeCycle ****
make all 
make: Nothing to be done for `all'.
20:03:54 **** Incremental Build of configuration Debug for project HE-RoysLifeCycle ****
make all 
make: Nothing to be done for `all'.
20:03:55 **** Incremental Build of configuration Debug for project HE-RoysLifeCycle ****
make all 
make: Nothing to be done for `all'.
20:03:55 **** Incremental Build of configuration Debug for project HE-RoysLifeCycle ****
make all 
make: Nothing to be done for `all'.
20:04:03 **** Incremental Build of configuration Debug for project HE-RoysLifeCycle ****
make all 
make: Nothing to be done for `all'.
20:04:04 **** Incremental Build of configuration Debug for project HE-RoysLifeCycle ****
make all 
make: Nothing to be done for `all'.
20:04:05 **** Incremental Build of configuration Debug for project HE-RoysLifeCycle ****
make all 
make: Nothing to be done for `all'.
20:04:10 **** Incremental Build of configuration Debug for project HE-RoysLifeCycle ****
make all 
make: Nothing to be done for `all'.
20:04:40 **** Incremental Build of configuration Debug for project HE-RoysLifeCycle ****
make all 
make: Nothing to be done for `all'.
20:05:01 **** Incremental Build of configuration Debug for project HE-RoysLifeCycle ****
make all 
make: Nothing to be done for `all'.
20:06:28 **** Incremental Build of configuration Debug for project HE-RoysLifeCycle ****
make all 
make: Nothing to be done for `all'.
20:06:34 **** Incremental Build of configuration Debug for project HE-RoysLifeCycle ****
make all 
make: Nothing to be done for `all'.
20:07:01 **** Incremental Build of configuration Debug for project HE-RoysLifeCycle ****
make all 
make: Nothing to be done for `all'.
20:36:55 **** Build of configuration Debug for project HE-RoysLifeCycle ****
make all 
make: Nothing to be done for `all'.
20:37:50 **** Incremental Build of configuration Debug for project HE-RoysLifeCycle ****
make all 
make: Nothing to be done for `all'.
20:37:51 **** Incremental Build of configuration Debug for project HE-RoysLifeCycle ****
make all 
make: Nothing to be done for `all'.
20:37:52 **** Incremental Build of configuration Debug for project HE-RoysLifeCycle ****
make all 
make: Nothing to be done for `all'.
20:37:58 **** Incremental Build of configuration Debug for project HE-RoysLifeCycle ****
make all 
make: Nothing to be done for `all'.
20:38:46 **** Incremental Build of configuration Debug for project HE-RoysLifeCycle ****
make all 
Building file: ../src/HE-RoysLifeCycle.cpp
Invoking: GCC C++ Compiler
g++ -O0 -g3 -Wall -c -fmessage-length=0 -MMD -MP -MF"src/HE-RoysLifeCycle.d" -MT"src/HE-RoysLifeCycle.o" -o "src/HE-RoysLifeCycle.o" "../src/HE-RoysLifeCycle.cpp"
../src/HE-RoysLifeCycle.cpp:14:6: warning: expression result unused [-Wunused-value]
        cin << i;
        ~~~ ^  ~
../src/HE-RoysLifeCycle.cpp:14:9: warning: variable 'i' is uninitialized when used here [-Wuninitialized]
        cin << i;
               ^
../src/HE-RoysLifeCycle.cpp:13:7: note: initialize the variable 'i' to silence this warning
        int i;
             ^
              = 0
2 warnings generated.
Finished building: ../src/HE-RoysLifeCycle.cpp
 
Building target: HE-RoysLifeCycle
Invoking: MacOS X C++ Linker
g++  -o "HE-RoysLifeCycle"  ./src/HE-RoysLifeCycle.o   
Finished building target: HE-RoysLifeCycle
 
21:06:02 **** Incremental Build of configuration Debug for project HE-RoysLifeCycle ****
make all 
make: Nothing to be done for `all'.
21:07:42 **** Incremental Build of configuration Debug for project HE-RoysLifeCycle ****
make all 
make: Nothing to be done for `all'.
21:07:47 **** Incremental Build of configuration Debug for project HE-RoysLifeCycle ****
make all 
make: Nothing to be done for `all'.
21:13:14 **** Build of configuration Debug for project HE-RoysLifeCycle ****
make all 
make: Nothing to be done for `all'.
21:14:10 **** Incremental Build of configuration Debug for project HE-RoysLifeCycle ****
make all 
Building file: ../src/HE-RoysLifeCycle.cpp
Invoking: GCC C++ Compiler
g++ -O0 -g3 -Wall -c -fmessage-length=0 -MMD -MP -MF"src/HE-RoysLifeCycle.d" -MT"src/HE-RoysLifeCycle.o" -o "src/HE-RoysLifeCycle.o" "../src/HE-RoysLifeCycle.cpp"
Finished building: ../src/HE-RoysLifeCycle.cpp
 
Building target: HE-RoysLifeCycle
Invoking: MacOS X C++ Linker
g++  -o "HE-RoysLifeCycle"  ./src/HE-RoysLifeCycle.o   
Finished building target: HE-RoysLifeCycle
 
21:36:55 **** Incremental Build of configuration Debug for project HE-RoysLifeCycle ****
make all 
Building file: ../src/HE-RoysLifeCycle.cpp
Invoking: GCC C++ Compiler
g++ -O0 -g3 -Wall -c -fmessage-length=0 -MMD -MP -MF"src/HE-RoysLifeCycle.d" -MT"src/HE-RoysLifeCycle.o" -o "src/HE-RoysLifeCycle.o" "../src/HE-RoysLifeCycle.cpp"
../src/HE-RoysLifeCycle.cpp:25:16: warning: result of comparison against a string literal is unspecified (use strncmp instead) [-Wstring-compare]
                        while (s[j] == "C")
                                    ^  ~~~
../src/HE-RoysLifeCycle.cpp:25:16: error: comparison between pointer and integer ('int' and 'const char *')
                        while (s[j] == "C")
                               ~~~~ ^  ~~~
../src/HE-RoysLifeCycle.cpp:38:17: warning: result of comparison against a string literal is unspecified (use strncmp instead) [-Wstring-compare]
                while (all[j] == "C")
                              ^  ~~~
../src/HE-RoysLifeCycle.cpp:38:17: error: comparison between pointer and integer ('int' and 'const char *')
                while (all[j] == "C")
                       ~~~~~~ ^  ~~~
2 warnings and 2 errors generated.
make: *** [src/HE-RoysLifeCycle.o] Error 1
21:39:56 **** Incremental Build of configuration Debug for project HE-RoysLifeCycle ****
make all 
Building file: ../src/HE-RoysLifeCycle.cpp
Invoking: GCC C++ Compiler
g++ -O0 -g3 -Wall -c -fmessage-length=0 -MMD -MP -MF"src/HE-RoysLifeCycle.d" -MT"src/HE-RoysLifeCycle.o" -o "src/HE-RoysLifeCycle.o" "../src/HE-RoysLifeCycle.cpp"
Finished building: ../src/HE-RoysLifeCycle.cpp
 
Building target: HE-RoysLifeCycle
Invoking: MacOS X C++ Linker
g++  -o "HE-RoysLifeCycle"  ./src/HE-RoysLifeCycle.o   
Finished building target: HE-RoysLifeCycle
 
21:40:46 **** Incremental Build of configuration Debug for project HE-RoysLifeCycle ****
make all 
make: Nothing to be done for `all'.
21:41:33 **** Incremental Build of configuration Debug for project HE-RoysLifeCycle ****
make all 
Building file: ../src/HE-RoysLifeCycle.cpp
Invoking: GCC C++ Compiler
g++ -O0 -g3 -Wall -c -fmessage-length=0 -MMD -MP -MF"src/HE-RoysLifeCycle.d" -MT"src/HE-RoysLifeCycle.o" -o "src/HE-RoysLifeCycle.o" "../src/HE-RoysLifeCycle.cpp"
Finished building: ../src/HE-RoysLifeCycle.cpp
 
Building target: HE-RoysLifeCycle
Invoking: MacOS X C++ Linker
g++  -o "HE-RoysLifeCycle"  ./src/HE-RoysLifeCycle.o   
Finished building target: HE-RoysLifeCycle
 
21:53:35 **** Build of configuration Debug for project HE-Dalton and Compiler Design ****
make all 
Building file: ../src/HE-Dalton and Compiler Design.cpp
Invoking: GCC C++ Compiler
g++ -O0 -g3 -Wall -c -fmessage-length=0 -MMD -MP -MF"src/HE-Dalton and Compiler Design.d" -MT"src/HE-Dalton\ and\ Compiler\ Design.d" -o "src/HE-Dalton and Compiler Design.o" "../src/HE-Dalton and Compiler Design.cpp"
Finished building: ../src/HE-Dalton and Compiler Design.cpp
 
Building target: HE-Dalton and Compiler Design
Invoking: MacOS X C++ Linker
g++  -o "HE-Dalton and Compiler Design"  ./src/HE-Dalton\ and\ Compiler\ Design.o   
Finished building target: HE-Dalton and Compiler Design
 
21:53:41 **** Incremental Build of configuration Debug for project HE-Dalton and Compiler Design ****
make all 
make: Nothing to be done for `all'.
21:55:42 **** Incremental Build of configuration Debug for project HE-Dalton and Compiler Design ****
make all 
Building file: ../src/HE-Dalton and Compiler Design.cpp
Invoking: GCC C++ Compiler
g++ -O0 -g3 -Wall -c -fmessage-length=0 -MMD -MP -MF"src/HE-Dalton and Compiler Design.d" -MT"src/HE-Dalton\ and\ Compiler\ Design.d" -o "src/HE-Dalton and Compiler Design.o" "../src/HE-Dalton and Compiler Design.cpp"
Finished building: ../src/HE-Dalton and Compiler Design.cpp
 
Building target: HE-Dalton and Compiler Design
Invoking: MacOS X C++ Linker
g++  -o "HE-Dalton and Compiler Design"  ./src/HE-Dalton\ and\ Compiler\ Design.o   
Finished building target: HE-Dalton and Compiler Design
 
01:04:58 **** Build of configuration Debug for project Leet-AddTwoLinkedList ****
make all 
Building file: ../src/Solution.cpp
Invoking: GCC C++ Compiler
g++ -O0 -g3 -Wall -c -fmessage-length=0 -MMD -MP -MF"src/Solution.d" -MT"src/Solution.o" -o "src/Solution.o" "../src/Solution.cpp"
../src/Solution.cpp:17:19: error: expected ')'
        while((l1 != NULL) || (l2 != NULL))
                     ^
../src/Solution.cpp:10:15: note: expanded from macro 'NULL'
#define NULL 0;
              ^
../src/Solution.cpp:17:12: note: to match this '('
        while((l1 != NULL) || (l2 != NULL))
              ^
../src/Solution.cpp:17:19: error: expected ')'
        while((l1 != NULL) || (l2 != NULL))
                     ^
../src/Solution.cpp:10:15: note: expanded from macro 'NULL'
#define NULL 0;
              ^
../src/Solution.cpp:17:11: note: to match this '('
        while((l1 != NULL) || (l2 != NULL))
             ^
../src/Solution.cpp:17:23: error: expected expression
        while((l1 != NULL) || (l2 != NULL))
                         ^
3 errors generated.
make: *** [src/Solution.o] Error 1
01:05:26 **** Incremental Build of configuration Debug for project Leet-AddTwoLinkedList ****
make all 
Building file: ../src/Solution.cpp
Invoking: GCC C++ Compiler
g++ -O0 -g3 -Wall -c -fmessage-length=0 -MMD -MP -MF"src/Solution.d" -MT"src/Solution.o" -o "src/Solution.o" "../src/Solution.cpp"
../src/Solution.cpp:19:17: warning: unused variable 'sum' [-Wunused-variable]
                ListNode* sum = new ListNode(l1->val + l2->val);
                          ^
../src/Solution.cpp:22:13: warning: variable 'head' is uninitialized when used here [-Wuninitialized]
        return head;
               ^~~~
../src/Solution.cpp:15:20: note: initialize the variable 'head' to silence this warning
        ListNode* head ;
                      ^
                       = NULL
2 warnings generated.
Finished building: ../src/Solution.cpp
 
Building target: Leet-AddTwoLinkedList
Invoking: MacOS X C++ Linker
g++  -o "Leet-AddTwoLinkedList"  ./src/Solution.o   
Undefined symbols for architecture x86_64:
  "_main", referenced from:
     implicit entry/start for main executable
ld: symbol(s) not found for architecture x86_64
clang: error: linker command failed with exit code 1 (use -v to see invocation)
make: *** [Leet-AddTwoLinkedList] Error 1
01:16:03 **** Incremental Build of configuration Debug for project Leet-AddTwoLinkedList ****
make all 
Building file: ../src/Solution.cpp
Invoking: GCC C++ Compiler
g++ -O0 -g3 -Wall -c -fmessage-length=0 -MMD -MP -MF"src/Solution.d" -MT"src/Solution.o" -o "src/Solution.o" "../src/Solution.cpp"
../src/Solution.cpp:16:35: error: expected unqualified-id
        int l1_length, l2_length = 0,0;
                                     ^
../src/Solution.cpp:16:35: error: expected ';' at end of declaration
        int l1_length, l2_length = 0,0;
                                     ^
                                     ;
../src/Solution.cpp:37:1: error: 'main' must return 'int'
void main() {
^~~~
int
3 errors generated.
make: *** [src/Solution.o] Error 1
01:29:03 **** Incremental Build of configuration Debug for project Leet-AddTwoLinkedList ****
make all 
Building file: ../src/Solution.cpp
Invoking: GCC C++ Compiler
g++ -O0 -g3 -Wall -c -fmessage-length=0 -MMD -MP -MF"src/Solution.d" -MT"src/Solution.o" -o "src/Solution.o" "../src/Solution.cpp"
Finished building: ../src/Solution.cpp
 
Building target: Leet-AddTwoLinkedList
Invoking: MacOS X C++ Linker
g++  -o "Leet-AddTwoLinkedList"  ./src/Solution.o   
Undefined symbols for architecture x86_64:
  "_main", referenced from:
     implicit entry/start for main executable
ld: symbol(s) not found for architecture x86_64
clang: error: linker command failed with exit code 1 (use -v to see invocation)
make: *** [Leet-AddTwoLinkedList] Error 1
01:29:05 **** Incremental Build of configuration Debug for project Leet-AddTwoLinkedList ****
make all 
Building target: Leet-AddTwoLinkedList
Invoking: MacOS X C++ Linker
g++  -o "Leet-AddTwoLinkedList"  ./src/Solution.o   
Undefined symbols for architecture x86_64:
  "_main", referenced from:
     implicit entry/start for main executable
ld: symbol(s) not found for architecture x86_64
clang: error: linker command failed with exit code 1 (use -v to see invocation)
make: *** [Leet-AddTwoLinkedList] Error 1
01:29:05 **** Incremental Build of configuration Debug for project Leet-AddTwoLinkedList ****
make all 
Building target: Leet-AddTwoLinkedList
Invoking: MacOS X C++ Linker
g++  -o "Leet-AddTwoLinkedList"  ./src/Solution.o   
Undefined symbols for architecture x86_64:
  "_main", referenced from:
     implicit entry/start for main executable
ld: symbol(s) not found for architecture x86_64
clang: error: linker command failed with exit code 1 (use -v to see invocation)
make: *** [Leet-AddTwoLinkedList] Error 1
01:29:05 **** Incremental Build of configuration Debug for project Leet-AddTwoLinkedList ****
make all 
Building target: Leet-AddTwoLinkedList
Invoking: MacOS X C++ Linker
g++  -o "Leet-AddTwoLinkedList"  ./src/Solution.o   
Undefined symbols for architecture x86_64:
  "_main", referenced from:
     implicit entry/start for main executable
ld: symbol(s) not found for architecture x86_64
clang: error: linker command failed with exit code 1 (use -v to see invocation)
make: *** [Leet-AddTwoLinkedList] Error 1
01:32:15 **** Incremental Build of configuration Debug for project Leet-AddTwoLinkedList ****
make all 
Building target: Leet-AddTwoLinkedList
Invoking: MacOS X C++ Linker
g++  -o "Leet-AddTwoLinkedList"  ./src/Solution.o   
Undefined symbols for architecture x86_64:
  "_main", referenced from:
     implicit entry/start for main executable
ld: symbol(s) not found for architecture x86_64
clang: error: linker command failed with exit code 1 (use -v to see invocation)
make: *** [Leet-AddTwoLinkedList] Error 1
01:32:16 **** Incremental Build of configuration Debug for project Leet-AddTwoLinkedList ****
make all 
Building target: Leet-AddTwoLinkedList
Invoking: MacOS X C++ Linker
g++  -o "Leet-AddTwoLinkedList"  ./src/Solution.o   
Undefined symbols for architecture x86_64:
  "_main", referenced from:
     implicit entry/start for main executable
ld: symbol(s) not found for architecture x86_64
clang: error: linker command failed with exit code 1 (use -v to see invocation)
make: *** [Leet-AddTwoLinkedList] Error 1
01:32:16 **** Incremental Build of configuration Debug for project Leet-AddTwoLinkedList ****
make all 
Building target: Leet-AddTwoLinkedList
Invoking: MacOS X C++ Linker
g++  -o "Leet-AddTwoLinkedList"  ./src/Solution.o   
Undefined symbols for architecture x86_64:
  "_main", referenced from:
     implicit entry/start for main executable
ld: symbol(s) not found for architecture x86_64
clang: error: linker command failed with exit code 1 (use -v to see invocation)
make: *** [Leet-AddTwoLinkedList] Error 1
01:47:39 **** Build of configuration Debug for project LRUCache ****
make all 
Building file: ../src/LRUCache.cpp
Invoking: GCC C++ Compiler
g++ -O0 -g3 -Wall -c -fmessage-length=0 -MMD -MP -MF"src/LRUCache.d" -MT"src/LRUCache.o" -o "src/LRUCache.o" "../src/LRUCache.cpp"
../src/LRUCache.cpp:21:49: error: C++ requires a type specifier for all declarations
        bool operator()( const pair<int,int> l, const& pair<int,int> r){
                                                ~~~~~  ^
../src/LRUCache.cpp:21:49: error: 'pair' cannot be the name of a parameter
../src/LRUCache.cpp:21:63: error: expected ')'
        bool operator()( const pair<int,int> l, const& pair<int,int> r){
                                                                     ^
../src/LRUCache.cpp:21:17: note: to match this '('
        bool operator()( const pair<int,int> l, const& pair<int,int> r){
                       ^
../src/LRUCache.cpp:22:21: error: use of undeclared identifier 'r'
                return l.second > r.second;
                                  ^
../src/LRUCache.cpp:28:29: error: a space is required between consecutive right angle brackets (use '> >')
        priority_queue<pair<int,int>> q;
                                   ^~
                                   > >
../src/LRUCache.cpp:29:2: error: no template named 'map'; did you mean 'max'?
        map<int,int> v;
        ^~~
        max
/Applications/Xcode.app/Contents/Developer/Toolchains/XcodeDefault.xctoolchain/usr/bin/../include/c++/v1/algorithm:2600:1: note: 'max' declared here
max(const _Tp& __a, const _Tp& __b, _Compare __comp)
^
../src/LRUCache.cpp:29:2: error: C++ requires a type specifier for all declarations
        map<int,int> v;
        ^~~
../src/LRUCache.cpp:29:5: error: expected ';' at end of declaration list
        map<int,int> v;
           ^
           ;
../src/LRUCache.cpp:38:13: error: use of undeclared identifier 'map'
        return map[key];
               ^
../src/LRUCache.cpp:43:9: error: use of undeclared identifier 'v'
        if(v[key] != v.end())
           ^
../src/LRUCache.cpp:43:19: error: use of undeclared identifier 'v'
        if(v[key] != v.end())
                     ^
../src/LRUCache.cpp:44:7: error: use of undeclared identifier 'v'
                v[key] = value;
                ^
../src/LRUCache.cpp:47:10: error: use of undeclared identifier 'v'
                if(v.size() == cap){
                   ^
../src/LRUCache.cpp:49:8: error: use of undeclared identifier 'v'
                        v.erase(v.find(p.first));
                        ^
../src/LRUCache.cpp:49:16: error: use of undeclared identifier 'v'
                        v.erase(v.find(p.first));
                                ^
15 errors generated.
make: *** [src/LRUCache.o] Error 1
01:48:44 **** Incremental Build of configuration Debug for project LRUCache ****
make all 
Building file: ../src/LRUCache.cpp
Invoking: GCC C++ Compiler
g++ -O0 -g3 -Wall -c -fmessage-length=0 -MMD -MP -MF"src/LRUCache.d" -MT"src/LRUCache.o" -o "src/LRUCache.o" "../src/LRUCache.cpp"
../src/LRUCache.cpp:28:29: error: a space is required between consecutive right angle brackets (use '> >')
        priority_queue<pair<int,int>> q;
                                   ^~
                                   > >
../src/LRUCache.cpp:29:2: error: no template named 'map'; did you mean 'max'?
        map<int,int> v;
        ^~~
        max
/Applications/Xcode.app/Contents/Developer/Toolchains/XcodeDefault.xctoolchain/usr/bin/../include/c++/v1/algorithm:2600:1: note: 'max' declared here
max(const _Tp& __a, const _Tp& __b, _Compare __comp)
^
../src/LRUCache.cpp:29:2: error: C++ requires a type specifier for all declarations
        map<int,int> v;
        ^~~
../src/LRUCache.cpp:29:5: error: expected ';' at end of declaration list
        map<int,int> v;
           ^
           ;
../src/LRUCache.cpp:38:13: error: use of undeclared identifier 'map'
        return map[key];
               ^
../src/LRUCache.cpp:43:9: error: use of undeclared identifier 'v'
        if(v[key] != v.end())
           ^
../src/LRUCache.cpp:43:19: error: use of undeclared identifier 'v'
        if(v[key] != v.end())
                     ^
../src/LRUCache.cpp:44:7: error: use of undeclared identifier 'v'
                v[key] = value;
                ^
../src/LRUCache.cpp:47:10: error: use of undeclared identifier 'v'
                if(v.size() == cap){
                   ^
../src/LRUCache.cpp:49:8: error: use of undeclared identifier 'v'
                        v.erase(v.find(p.first));
                        ^
../src/LRUCache.cpp:49:16: error: use of undeclared identifier 'v'
                        v.erase(v.find(p.first));
                                ^
11 errors generated.
make: *** [src/LRUCache.o] Error 1
01:49:50 **** Incremental Build of configuration Debug for project LRUCache ****
make all 
Building file: ../src/LRUCache.cpp
Invoking: GCC C++ Compiler
g++ -O0 -g3 -Wall -c -fmessage-length=0 -MMD -MP -MF"src/LRUCache.d" -MT"src/LRUCache.o" -o "src/LRUCache.o" "../src/LRUCache.cpp"
../src/LRUCache.cpp:28:29: error: a space is required between consecutive right angle brackets (use '> >')
        priority_queue<pair<int,int>> q(comp);
                                   ^~
                                   > >
../src/LRUCache.cpp:29:2: error: no template named 'map'; did you mean 'max'?
        map<int,int> v;
        ^~~
        max
/Applications/Xcode.app/Contents/Developer/Toolchains/XcodeDefault.xctoolchain/usr/bin/../include/c++/v1/algorithm:2600:1: note: 'max' declared here
max(const _Tp& __a, const _Tp& __b, _Compare __comp)
^
../src/LRUCache.cpp:29:2: error: C++ requires a type specifier for all declarations
        map<int,int> v;
        ^~~
../src/LRUCache.cpp:29:5: error: expected ';' at end of declaration list
        map<int,int> v;
           ^
           ;
../src/LRUCache.cpp:38:13: error: use of undeclared identifier 'map'
        return map[key];
               ^
../src/LRUCache.cpp:43:9: error: use of undeclared identifier 'v'
        if(v[key] != v.end())
           ^
../src/LRUCache.cpp:43:19: error: use of undeclared identifier 'v'
        if(v[key] != v.end())
                     ^
../src/LRUCache.cpp:44:7: error: use of undeclared identifier 'v'
                v[key] = value;
                ^
../src/LRUCache.cpp:47:10: error: use of undeclared identifier 'v'
                if(v.size() == cap){
                   ^
../src/LRUCache.cpp:48:26: error: reference to non-static member function must be called
                        pair<int,int> p = q.top();
                                          ^
../src/LRUCache.cpp:49:8: error: use of undeclared identifier 'v'
                        v.erase(v.find(p.first));
                        ^
../src/LRUCache.cpp:49:16: error: use of undeclared identifier 'v'
                        v.erase(v.find(p.first));
                                ^
12 errors generated.
make: *** [src/LRUCache.o] Error 1
01:50:09 **** Incremental Build of configuration Debug for project LRUCache ****
make all 
Building file: ../src/LRUCache.cpp
Invoking: GCC C++ Compiler
g++ -O0 -g3 -Wall -c -fmessage-length=0 -MMD -MP -MF"src/LRUCache.d" -MT"src/LRUCache.o" -o "src/LRUCache.o" "../src/LRUCache.cpp"
../src/LRUCache.cpp:29:2: error: no template named 'map'; did you mean 'max'?
        map<int,int> v;
        ^~~
        max
/Applications/Xcode.app/Contents/Developer/Toolchains/XcodeDefault.xctoolchain/usr/bin/../include/c++/v1/algorithm:2600:1: note: 'max' declared here
max(const _Tp& __a, const _Tp& __b, _Compare __comp)
^
../src/LRUCache.cpp:29:2: error: C++ requires a type specifier for all declarations
        map<int,int> v;
        ^~~
../src/LRUCache.cpp:29:5: error: expected ';' at end of declaration list
        map<int,int> v;
           ^
           ;
../src/LRUCache.cpp:38:13: error: use of undeclared identifier 'map'
        return map[key];
               ^
../src/LRUCache.cpp:43:9: error: use of undeclared identifier 'v'
        if(v[key] != v.end())
           ^
../src/LRUCache.cpp:43:19: error: use of undeclared identifier 'v'
        if(v[key] != v.end())
                     ^
../src/LRUCache.cpp:44:7: error: use of undeclared identifier 'v'
                v[key] = value;
                ^
../src/LRUCache.cpp:47:10: error: use of undeclared identifier 'v'
                if(v.size() == cap){
                   ^
../src/LRUCache.cpp:48:26: error: reference to non-static member function must be called
                        pair<int,int> p = q.top();
                                          ^
../src/LRUCache.cpp:49:8: error: use of undeclared identifier 'v'
                        v.erase(v.find(p.first));
                        ^
../src/LRUCache.cpp:49:16: error: use of undeclared identifier 'v'
                        v.erase(v.find(p.first));
                                ^
11 errors generated.
make: *** [src/LRUCache.o] Error 1
01:50:13 **** Incremental Build of configuration Debug for project LRUCache ****
make all 
Building file: ../src/LRUCache.cpp
Invoking: GCC C++ Compiler
g++ -O0 -g3 -Wall -c -fmessage-length=0 -MMD -MP -MF"src/LRUCache.d" -MT"src/LRUCache.o" -o "src/LRUCache.o" "../src/LRUCache.cpp"
../src/LRUCache.cpp:29:2: error: no template named 'map'; did you mean 'max'?
        map<int,int> v;
        ^~~
        max
/Applications/Xcode.app/Contents/Developer/Toolchains/XcodeDefault.xctoolchain/usr/bin/../include/c++/v1/algorithm:2600:1: note: 'max' declared here
max(const _Tp& __a, const _Tp& __b, _Compare __comp)
^
../src/LRUCache.cpp:29:2: error: C++ requires a type specifier for all declarations
        map<int,int> v;
        ^~~
../src/LRUCache.cpp:29:5: error: expected ';' at end of declaration list
        map<int,int> v;
           ^
           ;
../src/LRUCache.cpp:38:13: error: use of undeclared identifier 'map'
        return map[key];
               ^
../src/LRUCache.cpp:43:9: error: use of undeclared identifier 'v'
        if(v[key] != v.end())
           ^
../src/LRUCache.cpp:43:19: error: use of undeclared identifier 'v'
        if(v[key] != v.end())
                     ^
../src/LRUCache.cpp:44:7: error: use of undeclared identifier 'v'
                v[key] = value;
                ^
../src/LRUCache.cpp:47:10: error: use of undeclared identifier 'v'
                if(v.size() == cap){
                   ^
../src/LRUCache.cpp:48:26: error: reference to non-static member function must be called
                        pair<int,int> p = q.top();
                                          ^
../src/LRUCache.cpp:49:8: error: use of undeclared identifier 'v'
                        v.erase(v.find(p.first));
                        ^
../src/LRUCache.cpp:49:16: error: use of undeclared identifier 'v'
                        v.erase(v.find(p.first));
                                ^
11 errors generated.
make: *** [src/LRUCache.o] Error 1
01:50:27 **** Incremental Build of configuration Debug for project LRUCache ****
make all 
Building file: ../src/LRUCache.cpp
Invoking: GCC C++ Compiler
g++ -O0 -g3 -Wall -c -fmessage-length=0 -MMD -MP -MF"src/LRUCache.d" -MT"src/LRUCache.o" -o "src/LRUCache.o" "../src/LRUCache.cpp"
../src/LRUCache.cpp:29:2: error: no template named 'map'; did you mean 'max'?
        map<int,int> v;
        ^~~
        max
/Applications/Xcode.app/Contents/Developer/Toolchains/XcodeDefault.xctoolchain/usr/bin/../include/c++/v1/algorithm:2600:1: note: 'max' declared here
max(const _Tp& __a, const _Tp& __b, _Compare __comp)
^
../src/LRUCache.cpp:29:2: error: C++ requires a type specifier for all declarations
        map<int,int> v;
        ^~~
../src/LRUCache.cpp:29:5: error: expected ';' at end of declaration list
        map<int,int> v;
           ^
           ;
../src/LRUCache.cpp:38:13: error: use of undeclared identifier 'map'
        return map[key];
               ^
../src/LRUCache.cpp:43:9: error: use of undeclared identifier 'v'
        if(v[key] != v.end())
           ^
../src/LRUCache.cpp:43:19: error: use of undeclared identifier 'v'
        if(v[key] != v.end())
                     ^
../src/LRUCache.cpp:44:7: error: use of undeclared identifier 'v'
                v[key] = value;
                ^
../src/LRUCache.cpp:47:10: error: use of undeclared identifier 'v'
                if(v.size() == cap){
                   ^
../src/LRUCache.cpp:48:26: error: reference to non-static member function must be called
                        pair<int,int> p = q.top();
                                          ^
../src/LRUCache.cpp:49:8: error: use of undeclared identifier 'v'
                        v.erase(v.find(p.first));
                        ^
../src/LRUCache.cpp:49:16: error: use of undeclared identifier 'v'
                        v.erase(v.find(p.first));
                                ^
11 errors generated.
make: *** [src/LRUCache.o] Error 1
01:50:34 **** Incremental Build of configuration Debug for project LRUCache ****
make all 
Building file: ../src/LRUCache.cpp
Invoking: GCC C++ Compiler
g++ -O0 -g3 -Wall -c -fmessage-length=0 -MMD -MP -MF"src/LRUCache.d" -MT"src/LRUCache.o" -o "src/LRUCache.o" "../src/LRUCache.cpp"
../src/LRUCache.cpp:29:2: error: no template named 'map'; did you mean 'max'?
        map<int,int> v;
        ^~~
        max
/Applications/Xcode.app/Contents/Developer/Toolchains/XcodeDefault.xctoolchain/usr/bin/../include/c++/v1/algorithm:2600:1: note: 'max' declared here
max(const _Tp& __a, const _Tp& __b, _Compare __comp)
^
../src/LRUCache.cpp:29:2: error: C++ requires a type specifier for all declarations
        map<int,int> v;
        ^~~
../src/LRUCache.cpp:29:5: error: expected ';' at end of declaration list
        map<int,int> v;
           ^
           ;
../src/LRUCache.cpp:38:13: error: use of undeclared identifier 'v'
        return v[key];
               ^
../src/LRUCache.cpp:43:9: error: use of undeclared identifier 'v'
        if(v[key] != v.end())
           ^
../src/LRUCache.cpp:43:19: error: use of undeclared identifier 'v'
        if(v[key] != v.end())
                     ^
../src/LRUCache.cpp:44:7: error: use of undeclared identifier 'v'
                v[key] = value;
                ^
../src/LRUCache.cpp:47:10: error: use of undeclared identifier 'v'
                if(v.size() == cap){
                   ^
../src/LRUCache.cpp:48:26: error: reference to non-static member function must be called
                        pair<int,int> p = q.top();
                                          ^
../src/LRUCache.cpp:49:8: error: use of undeclared identifier 'v'
                        v.erase(v.find(p.first));
                        ^
../src/LRUCache.cpp:49:16: error: use of undeclared identifier 'v'
                        v.erase(v.find(p.first));
                                ^
11 errors generated.
make: *** [src/LRUCache.o] Error 1
01:50:51 **** Incremental Build of configuration Debug for project LRUCache ****
make all 
Building file: ../src/LRUCache.cpp
Invoking: GCC C++ Compiler
g++ -O0 -g3 -Wall -c -fmessage-length=0 -MMD -MP -MF"src/LRUCache.d" -MT"src/LRUCache.o" -o "src/LRUCache.o" "../src/LRUCache.cpp"
../src/LRUCache.cpp:44:16: error: invalid operands to binary expression ('mapped_type' (aka 'int') and 'iterator' (aka '__map_iterator<typename __base::iterator>'))
        if(v[key] != v.end())
           ~~~~~~ ^  ~~~~~~~
../src/LRUCache.cpp:49:26: error: reference to non-static member function must be called
                        pair<int,int> p = q.top();
                                          ^
2 errors generated.
make: *** [src/LRUCache.o] Error 1
01:51:30 **** Incremental Build of configuration Debug for project LRUCache ****
make all 
Building file: ../src/LRUCache.cpp
Invoking: GCC C++ Compiler
g++ -O0 -g3 -Wall -c -fmessage-length=0 -MMD -MP -MF"src/LRUCache.d" -MT"src/LRUCache.o" -o "src/LRUCache.o" "../src/LRUCache.cpp"
../src/LRUCache.cpp:44:16: error: invalid operands to binary expression ('mapped_type' (aka 'int') and 'iterator' (aka '__map_iterator<typename __base::iterator>'))
        if(v[key] != v.end())
           ~~~~~~ ^  ~~~~~~~
../src/LRUCache.cpp:49:26: error: reference to non-static member function must be called
                        pair<int,int> p = q.top();
                                          ^
2 errors generated.
make: *** [src/LRUCache.o] Error 1
01:51:55 **** Incremental Build of configuration Debug for project LRUCache ****
make all 
Building file: ../src/LRUCache.cpp
Invoking: GCC C++ Compiler
g++ -O0 -g3 -Wall -c -fmessage-length=0 -MMD -MP -MF"src/LRUCache.d" -MT"src/LRUCache.o" -o "src/LRUCache.o" "../src/LRUCache.cpp"
../src/LRUCache.cpp:44:16: error: invalid operands to binary expression ('mapped_type' (aka 'int') and 'iterator' (aka '__map_iterator<typename __base::iterator>'))
        if(v[key] != v.end())
           ~~~~~~ ^  ~~~~~~~
../src/LRUCache.cpp:49:26: error: reference to non-static member function must be called
                        pair<int,int> p = q.top();
                                          ^
2 errors generated.
make: *** [src/LRUCache.o] Error 1
01:51:57 **** Incremental Build of configuration Debug for project LRUCache ****
make all 
Building file: ../src/LRUCache.cpp
Invoking: GCC C++ Compiler
g++ -O0 -g3 -Wall -c -fmessage-length=0 -MMD -MP -MF"src/LRUCache.d" -MT"src/LRUCache.o" -o "src/LRUCache.o" "../src/LRUCache.cpp"
../src/LRUCache.cpp:49:26: error: reference to non-static member function must be called
                        pair<int,int> p = q.top();
                                          ^
1 error generated.
make: *** [src/LRUCache.o] Error 1
01:56:12 **** Incremental Build of configuration Debug for project LRUCache ****
make all 
Building file: ../src/LRUCache.cpp
Invoking: GCC C++ Compiler
g++ -O0 -g3 -Wall -c -fmessage-length=0 -MMD -MP -MF"src/LRUCache.d" -MT"src/LRUCache.o" -o "src/LRUCache.o" "../src/LRUCache.cpp"
../src/LRUCache.cpp:29:51: error: a space is required between consecutive right angle brackets (use '> >')
        priority_queue< pair<int,int>,vector<pair<int,int>>,comp>  q;
                                                         ^~
                                                         > >
../src/LRUCache.cpp:49:22: error: no viable conversion from 'void' to 'pair<int, int>'
                        pair<int,int> p = q.pop();
                                      ^   ~~~~~~~
/Applications/Xcode.app/Contents/Developer/Toolchains/XcodeDefault.xctoolchain/usr/bin/../include/c++/v1/utility:248:30: note: candidate constructor (the implicit copy constructor) not viable: cannot convert argument of incomplete type 'void' to 'const std::__1::pair<int, int> &'
struct _LIBCPP_TYPE_VIS_ONLY pair
                             ^
/Applications/Xcode.app/Contents/Developer/Toolchains/XcodeDefault.xctoolchain/usr/bin/../include/c++/v1/utility:267:9: note: candidate template ignored: could not match 'pair<type-parameter-0-0, type-parameter-0-1>' against 'void'
        pair(const pair<_U1, _U2>& __p
        ^
2 errors generated.
make: *** [src/LRUCache.o] Error 1
01:56:20 **** Incremental Build of configuration Debug for project LRUCache ****
make all 
Building file: ../src/LRUCache.cpp
Invoking: GCC C++ Compiler
g++ -O0 -g3 -Wall -c -fmessage-length=0 -MMD -MP -MF"src/LRUCache.d" -MT"src/LRUCache.o" -o "src/LRUCache.o" "../src/LRUCache.cpp"
../src/LRUCache.cpp:29:51: error: a space is required between consecutive right angle brackets (use '> >')
        priority_queue< pair<int,int>,vector<pair<int,int>>,comp>  q;
                                                         ^~
                                                         > >
../src/LRUCache.cpp:49:22: error: no viable conversion from 'void' to 'pair<int, int>'
                        pair<int,int> p = q.pop();
                                      ^   ~~~~~~~
/Applications/Xcode.app/Contents/Developer/Toolchains/XcodeDefault.xctoolchain/usr/bin/../include/c++/v1/utility:248:30: note: candidate constructor (the implicit copy constructor) not viable: cannot convert argument of incomplete type 'void' to 'const std::__1::pair<int, int> &'
struct _LIBCPP_TYPE_VIS_ONLY pair
                             ^
/Applications/Xcode.app/Contents/Developer/Toolchains/XcodeDefault.xctoolchain/usr/bin/../include/c++/v1/utility:267:9: note: candidate template ignored: could not match 'pair<type-parameter-0-0, type-parameter-0-1>' against 'void'
        pair(const pair<_U1, _U2>& __p
        ^
2 errors generated.
make: *** [src/LRUCache.o] Error 1
01:56:30 **** Incremental Build of configuration Debug for project LRUCache ****
make all 
Building file: ../src/LRUCache.cpp
Invoking: GCC C++ Compiler
g++ -O0 -g3 -Wall -c -fmessage-length=0 -MMD -MP -MF"src/LRUCache.d" -MT"src/LRUCache.o" -o "src/LRUCache.o" "../src/LRUCache.cpp"
../src/LRUCache.cpp:29:51: error: a space is required between consecutive right angle brackets (use '> >')
        priority_queue< pair<int,int>,vector<pair<int,int>>,comp>  q;
                                                         ^~
                                                         > >
../src/LRUCache.cpp:49:22: error: no viable conversion from 'void' to 'pair<int, int>'
                        pair<int,int> p = q.pop();
                                      ^   ~~~~~~~
/Applications/Xcode.app/Contents/Developer/Toolchains/XcodeDefault.xctoolchain/usr/bin/../include/c++/v1/utility:248:30: note: candidate constructor (the implicit copy constructor) not viable: cannot convert argument of incomplete type 'void' to 'const std::__1::pair<int, int> &'
struct _LIBCPP_TYPE_VIS_ONLY pair
                             ^
/Applications/Xcode.app/Contents/Developer/Toolchains/XcodeDefault.xctoolchain/usr/bin/../include/c++/v1/utility:267:9: note: candidate template ignored: could not match 'pair<type-parameter-0-0, type-parameter-0-1>' against 'void'
        pair(const pair<_U1, _U2>& __p
        ^
2 errors generated.
make: *** [src/LRUCache.o] Error 1
01:56:46 **** Incremental Build of configuration Debug for project LRUCache ****
make all 
Building file: ../src/LRUCache.cpp
Invoking: GCC C++ Compiler
g++ -O0 -g3 -Wall -c -fmessage-length=0 -MMD -MP -MF"src/LRUCache.d" -MT"src/LRUCache.o" -o "src/LRUCache.o" "../src/LRUCache.cpp"
../src/LRUCache.cpp:49:22: error: no viable conversion from 'void' to 'pair<int, int>'
                        pair<int,int> p = q.pop();
                                      ^   ~~~~~~~
/Applications/Xcode.app/Contents/Developer/Toolchains/XcodeDefault.xctoolchain/usr/bin/../include/c++/v1/utility:248:30: note: candidate constructor (the implicit copy constructor) not viable: cannot convert argument of incomplete type 'void' to 'const std::__1::pair<int, int> &'
struct _LIBCPP_TYPE_VIS_ONLY pair
                             ^
/Applications/Xcode.app/Contents/Developer/Toolchains/XcodeDefault.xctoolchain/usr/bin/../include/c++/v1/utility:267:9: note: candidate template ignored: could not match 'pair<type-parameter-0-0, type-parameter-0-1>' against 'void'
        pair(const pair<_U1, _U2>& __p
        ^
1 error generated.
make: *** [src/LRUCache.o] Error 1
01:56:49 **** Incremental Build of configuration Debug for project LRUCache ****
make all 
Building file: ../src/LRUCache.cpp
Invoking: GCC C++ Compiler
g++ -O0 -g3 -Wall -c -fmessage-length=0 -MMD -MP -MF"src/LRUCache.d" -MT"src/LRUCache.o" -o "src/LRUCache.o" "../src/LRUCache.cpp"
../src/LRUCache.cpp:49:22: error: no viable conversion from 'void' to 'pair<int, int>'
                        pair<int,int> p = q.pop();
                                      ^   ~~~~~~~
/Applications/Xcode.app/Contents/Developer/Toolchains/XcodeDefault.xctoolchain/usr/bin/../include/c++/v1/utility:248:30: note: candidate constructor (the implicit copy constructor) not viable: cannot convert argument of incomplete type 'void' to 'const std::__1::pair<int, int> &'
struct _LIBCPP_TYPE_VIS_ONLY pair
                             ^
/Applications/Xcode.app/Contents/Developer/Toolchains/XcodeDefault.xctoolchain/usr/bin/../include/c++/v1/utility:267:9: note: candidate template ignored: could not match 'pair<type-parameter-0-0, type-parameter-0-1>' against 'void'
        pair(const pair<_U1, _U2>& __p
        ^
1 error generated.
make: *** [src/LRUCache.o] Error 1
01:57:13 **** Incremental Build of configuration Debug for project LRUCache ****
make all 
Building file: ../src/LRUCache.cpp
Invoking: GCC C++ Compiler
g++ -O0 -g3 -Wall -c -fmessage-length=0 -MMD -MP -MF"src/LRUCache.d" -MT"src/LRUCache.o" -o "src/LRUCache.o" "../src/LRUCache.cpp"
Finished building: ../src/LRUCache.cpp
 
Building target: LRUCache
Invoking: MacOS X C++ Linker
g++  -o "LRUCache"  ./src/LRUCache.o   
Finished building target: LRUCache
 
01:59:26 **** Incremental Build of configuration Debug for project LRUCache ****
make all 
Building file: ../src/LRUCache.cpp
Invoking: GCC C++ Compiler
g++ -O0 -g3 -Wall -c -fmessage-length=0 -MMD -MP -MF"src/LRUCache.d" -MT"src/LRUCache.o" -o "src/LRUCache.o" "../src/LRUCache.cpp"
../src/LRUCache.cpp:39:6: error: C++ requires a type specifier for all declarations
        map[key]++;
        ^~~
../src/LRUCache.cpp:39:14: error: expected ';' at end of declaration
        map[key]++;
                ^
                ;
2 errors generated.
make: *** [src/LRUCache.o] Error 1
01:59:37 **** Incremental Build of configuration Debug for project LRUCache ****
make all 
Building file: ../src/LRUCache.cpp
Invoking: GCC C++ Compiler
g++ -O0 -g3 -Wall -c -fmessage-length=0 -MMD -MP -MF"src/LRUCache.d" -MT"src/LRUCache.o" -o "src/LRUCache.o" "../src/LRUCache.cpp"
../src/LRUCache.cpp:39:6: error: C++ requires a type specifier for all declarations
        map[key] = map[key] + 1;
        ^~~
1 error generated.
make: *** [src/LRUCache.o] Error 1
01:59:46 **** Incremental Build of configuration Debug for project LRUCache ****
make all 
Building file: ../src/LRUCache.cpp
Invoking: GCC C++ Compiler
g++ -O0 -g3 -Wall -c -fmessage-length=0 -MMD -MP -MF"src/LRUCache.d" -MT"src/LRUCache.o" -o "src/LRUCache.o" "../src/LRUCache.cpp"
Finished building: ../src/LRUCache.cpp
 
Building target: LRUCache
Invoking: MacOS X C++ Linker
g++  -o "LRUCache"  ./src/LRUCache.o   
Finished building target: LRUCache
 
23:12:50 **** Build of configuration Debug for project Leet-LongestSubStringNotRepeatable ****
make all 
Building file: ../src/Leet-LongestSubStringNotRepeatable.cpp
Invoking: GCC C++ Compiler
g++ -O0 -g3 -Wall -c -fmessage-length=0 -MMD -MP -MF"src/Leet-LongestSubStringNotRepeatable.d" -MT"src/Leet-LongestSubStringNotRepeatable.o" -o "src/Leet-LongestSubStringNotRepeatable.o" "../src/Leet-LongestSubStringNotRepeatable.cpp"
Finished building: ../src/Leet-LongestSubStringNotRepeatable.cpp
 
Building target: Leet-LongestSubStringNotRepeatable
Invoking: MacOS X C++ Linker
g++  -o "Leet-LongestSubStringNotRepeatable"  ./src/Leet-LongestSubStringNotRepeatable.o   
Finished building target: Leet-LongestSubStringNotRepeatable
 
23:13:13 **** Incremental Build of configuration Debug for project Leet-LongestSubStringNotRepeatable ****
make all 
make: Nothing to be done for `all'.
23:13:14 **** Incremental Build of configuration Debug for project Leet-LongestSubStringNotRepeatable ****
make all 
make: Nothing to be done for `all'.
23:13:14 **** Incremental Build of configuration Debug for project Leet-LongestSubStringNotRepeatable ****
make all 
make: Nothing to be done for `all'.
23:13:15 **** Incremental Build of configuration Debug for project Leet-LongestSubStringNotRepeatable ****
make all 
make: Nothing to be done for `all'.
23:13:16 **** Incremental Build of configuration Debug for project Leet-LongestSubStringNotRepeatable ****
make all 
make: Nothing to be done for `all'.
23:13:17 **** Incremental Build of configuration Debug for project Leet-LongestSubStringNotRepeatable ****
make all 
make: Nothing to be done for `all'.
23:13:17 **** Incremental Build of configuration Debug for project Leet-LongestSubStringNotRepeatable ****
make all 
make: Nothing to be done for `all'.
23:13:18 **** Incremental Build of configuration Debug for project Leet-LongestSubStringNotRepeatable ****
make all 
make: Nothing to be done for `all'.
23:13:20 **** Incremental Build of configuration Debug for project Leet-LongestSubStringNotRepeatable ****
make all 
make: Nothing to be done for `all'.
23:13:20 **** Incremental Build of configuration Debug for project Leet-LongestSubStringNotRepeatable ****
make all 
make: Nothing to be done for `all'.
23:13:20 **** Incremental Build of configuration Debug for project Leet-LongestSubStringNotRepeatable ****
make all 
make: Nothing to be done for `all'.
23:13:20 **** Incremental Build of configuration Debug for project Leet-LongestSubStringNotRepeatable ****
make all 
make: Nothing to be done for `all'.
23:13:21 **** Incremental Build of configuration Debug for project Leet-LongestSubStringNotRepeatable ****
make all 
make: Nothing to be done for `all'.
23:13:21 **** Incremental Build of configuration Debug for project Leet-LongestSubStringNotRepeatable ****
make all 
make: Nothing to be done for `all'.
23:13:21 **** Incremental Build of configuration Debug for project Leet-LongestSubStringNotRepeatable ****
make all 
make: Nothing to be done for `all'.
23:13:45 **** Incremental Build of configuration Debug for project Leet-LongestSubStringNotRepeatable ****
make all 
make: Nothing to be done for `all'.
23:13:53 **** Incremental Build of configuration Debug for project Leet-LongestSubStringNotRepeatable ****
make all 
Building file: ../src/Leet-LongestSubStringNotRepeatable.cpp
Invoking: GCC C++ Compiler
g++ -O0 -g3 -Wall -c -fmessage-length=0 -MMD -MP -MF"src/Leet-LongestSubStringNotRepeatable.d" -MT"src/Leet-LongestSubStringNotRepeatable.o" -o "src/Leet-LongestSubStringNotRepeatable.o" "../src/Leet-LongestSubStringNotRepeatable.cpp"
../src/Leet-LongestSubStringNotRepeatable.cpp:20:10: warning: 'auto' type specifier is a C++11 extension [-Wc++11-extensions]
        for(auto c: s) {
            ^
../src/Leet-LongestSubStringNotRepeatable.cpp:20:16: warning: range-based for loop is a C++11 extension [-Wc++11-extensions]
        for(auto c: s) {
                  ^
../src/Leet-LongestSubStringNotRepeatable.cpp:22:16: error: expected unqualified-id
                if(seen. != seen.end()) {
                         ^
2 warnings and 1 error generated.
make: *** [src/Leet-LongestSubStringNotRepeatable.o] Error 1
23:14:01 **** Incremental Build of configuration Debug for project Leet-LongestSubStringNotRepeatable ****
make all 
Building file: ../src/Leet-LongestSubStringNotRepeatable.cpp
Invoking: GCC C++ Compiler
g++ -O0 -g3 -Wall -c -fmessage-length=0 -MMD -MP -MF"src/Leet-LongestSubStringNotRepeatable.d" -MT"src/Leet-LongestSubStringNotRepeatable.o" -o "src/Leet-LongestSubStringNotRepeatable.o" "../src/Leet-LongestSubStringNotRepeatable.cpp"
../src/Leet-LongestSubStringNotRepeatable.cpp:20:10: warning: 'auto' type specifier is a C++11 extension [-Wc++11-extensions]
        for(auto c: s) {
            ^
../src/Leet-LongestSubStringNotRepeatable.cpp:20:16: warning: range-based for loop is a C++11 extension [-Wc++11-extensions]
        for(auto c: s) {
                  ^
../src/Leet-LongestSubStringNotRepeatable.cpp:22:16: error: expected unqualified-id
                if(seen. != seen.end()) {
                         ^
2 warnings and 1 error generated.
make: *** [src/Leet-LongestSubStringNotRepeatable.o] Error 1
23:14:19 **** Incremental Build of configuration Debug for project Leet-LongestSubStringNotRepeatable ****
make all 
Building file: ../src/Leet-LongestSubStringNotRepeatable.cpp
Invoking: GCC C++ Compiler
g++ -O0 -g3 -Wall -c -fmessage-length=0 -MMD -MP -MF"src/Leet-LongestSubStringNotRepeatable.d" -MT"src/Leet-LongestSubStringNotRepeatable.o" -o "src/Leet-LongestSubStringNotRepeatable.o" "../src/Leet-LongestSubStringNotRepeatable.cpp"
../src/Leet-LongestSubStringNotRepeatable.cpp:20:10: warning: 'auto' type specifier is a C++11 extension [-Wc++11-extensions]
        for(auto c: s) {
            ^
../src/Leet-LongestSubStringNotRepeatable.cpp:20:16: warning: range-based for loop is a C++11 extension [-Wc++11-extensions]
        for(auto c: s) {
                  ^
../src/Leet-LongestSubStringNotRepeatable.cpp:19:10: warning: unused variable 'count' [-Wunused-variable]
        int count =0;
            ^
../src/Leet-LongestSubStringNotRepeatable.cpp:26:5: warning: control reaches end of non-void function [-Wreturn-type]
    }
    ^
4 warnings generated.
Finished building: ../src/Leet-LongestSubStringNotRepeatable.cpp
 
Building target: Leet-LongestSubStringNotRepeatable
Invoking: MacOS X C++ Linker
g++  -o "Leet-LongestSubStringNotRepeatable"  ./src/Leet-LongestSubStringNotRepeatable.o   
Undefined symbols for architecture x86_64:
  "_main", referenced from:
     implicit entry/start for main executable
ld: symbol(s) not found for architecture x86_64
clang: error: linker command failed with exit code 1 (use -v to see invocation)
make: *** [Leet-LongestSubStringNotRepeatable] Error 1
23:19:26 **** Incremental Build of configuration Debug for project Leet-LongestSubStringNotRepeatable ****
make all 
Building file: ../src/Leet-LongestSubStringNotRepeatable.cpp
Invoking: GCC C++ Compiler
g++ -O0 -g3 -Wall -c -fmessage-length=0 -MMD -MP -MF"src/Leet-LongestSubStringNotRepeatable.d" -MT"src/Leet-LongestSubStringNotRepeatable.o" -o "src/Leet-LongestSubStringNotRepeatable.o" "../src/Leet-LongestSubStringNotRepeatable.cpp"
../src/Leet-LongestSubStringNotRepeatable.cpp:21:10: warning: 'auto' type specifier is a C++11 extension [-Wc++11-extensions]
        for(auto c: s) {
            ^
../src/Leet-LongestSubStringNotRepeatable.cpp:21:16: warning: range-based for loop is a C++11 extension [-Wc++11-extensions]
        for(auto c: s) {
                  ^
../src/Leet-LongestSubStringNotRepeatable.cpp:27:23: error: invalid operands to binary expression ('set<char>::iterator' (aka '__tree_const_iterator<value_type, __node_pointer, difference_type>') and 'set<char>::iterator')
                        count = max(end-start, count);
                                    ~~~^~~~~~
/Applications/Xcode.app/Contents/Developer/Toolchains/XcodeDefault.xctoolchain/usr/bin/../include/c++/v1/iterator:622:1: note: candidate template ignored: could not match 'reverse_iterator' against '__tree_const_iterator'
operator-(const reverse_iterator<_Iter1>& __x, const reverse_iterator<_Iter2>& __y)
^
/Applications/Xcode.app/Contents/Developer/Toolchains/XcodeDefault.xctoolchain/usr/bin/../include/c++/v1/iterator:1017:1: note: candidate template ignored: could not match 'move_iterator' against '__tree_const_iterator'
operator-(const move_iterator<_Iter1>& __x, const move_iterator<_Iter2>& __y)
^
/Applications/Xcode.app/Contents/Developer/Toolchains/XcodeDefault.xctoolchain/usr/bin/../include/c++/v1/iterator:1260:5: note: candidate template ignored: could not match '__wrap_iter' against '__tree_const_iterator'
    operator-(const __wrap_iter<_Iter1>&, const __wrap_iter<_Iter2>&) _NOEXCEPT;
    ^
/Applications/Xcode.app/Contents/Developer/Toolchains/XcodeDefault.xctoolchain/usr/bin/../include/c++/v1/string:486:11: note: candidate template ignored: could not match 'fpos' against '__tree_const_iterator'
streamoff operator-(const fpos<_StateT>& __x, const fpos<_StateT>& __y)
          ^
../src/Leet-LongestSubStringNotRepeatable.cpp:31:21: error: invalid operands to binary expression ('set<char>::iterator' (aka '__tree_const_iterator<value_type, __node_pointer, difference_type>') and 'set<char>::iterator')
        count = max(end-start, count);
                    ~~~^~~~~~
/Applications/Xcode.app/Contents/Developer/Toolchains/XcodeDefault.xctoolchain/usr/bin/../include/c++/v1/iterator:622:1: note: candidate template ignored: could not match 'reverse_iterator' against '__tree_const_iterator'
operator-(const reverse_iterator<_Iter1>& __x, const reverse_iterator<_Iter2>& __y)
^
/Applications/Xcode.app/Contents/Developer/Toolchains/XcodeDefault.xctoolchain/usr/bin/../include/c++/v1/iterator:1017:1: note: candidate template ignored: could not match 'move_iterator' against '__tree_const_iterator'
operator-(const move_iterator<_Iter1>& __x, const move_iterator<_Iter2>& __y)
^
/Applications/Xcode.app/Contents/Developer/Toolchains/XcodeDefault.xctoolchain/usr/bin/../include/c++/v1/iterator:1260:5: note: candidate template ignored: could not match '__wrap_iter' against '__tree_const_iterator'
    operator-(const __wrap_iter<_Iter1>&, const __wrap_iter<_Iter2>&) _NOEXCEPT;
    ^
/Applications/Xcode.app/Contents/Developer/Toolchains/XcodeDefault.xctoolchain/usr/bin/../include/c++/v1/string:486:11: note: candidate template ignored: could not match 'fpos' against '__tree_const_iterator'
streamoff operator-(const fpos<_StateT>& __x, const fpos<_StateT>& __y)
          ^
2 warnings and 2 errors generated.
make: *** [src/Leet-LongestSubStringNotRepeatable.o] Error 1
23:22:09 **** Incremental Build of configuration Debug for project Leet-LongestSubStringNotRepeatable ****
make all 
Building file: ../src/Leet-LongestSubStringNotRepeatable.cpp
Invoking: GCC C++ Compiler
g++ -O0 -g3 -Wall -c -fmessage-length=0 -MMD -MP -MF"src/Leet-LongestSubStringNotRepeatable.d" -MT"src/Leet-LongestSubStringNotRepeatable.o" -o "src/Leet-LongestSubStringNotRepeatable.o" "../src/Leet-LongestSubStringNotRepeatable.cpp"
../src/Leet-LongestSubStringNotRepeatable.cpp:21:10: warning: 'auto' type specifier is a C++11 extension [-Wc++11-extensions]
        for(auto c: s) {
            ^
../src/Leet-LongestSubStringNotRepeatable.cpp:21:16: warning: range-based for loop is a C++11 extension [-Wc++11-extensions]
        for(auto c: s) {
                  ^
../src/Leet-LongestSubStringNotRepeatable.cpp:27:32: error: invalid operands to binary expression ('set<char>::iterator' (aka '__tree_const_iterator<value_type, __node_pointer, difference_type>') and 'set<char>::iterator')
                        count = max(distance(end-start), count);
                                             ~~~^~~~~~
/Applications/Xcode.app/Contents/Developer/Toolchains/XcodeDefault.xctoolchain/usr/bin/../include/c++/v1/iterator:622:1: note: candidate template ignored: could not match 'reverse_iterator' against '__tree_const_iterator'
operator-(const reverse_iterator<_Iter1>& __x, const reverse_iterator<_Iter2>& __y)
^
/Applications/Xcode.app/Contents/Developer/Toolchains/XcodeDefault.xctoolchain/usr/bin/../include/c++/v1/iterator:1017:1: note: candidate template ignored: could not match 'move_iterator' against '__tree_const_iterator'
operator-(const move_iterator<_Iter1>& __x, const move_iterator<_Iter2>& __y)
^
/Applications/Xcode.app/Contents/Developer/Toolchains/XcodeDefault.xctoolchain/usr/bin/../include/c++/v1/iterator:1260:5: note: candidate template ignored: could not match '__wrap_iter' against '__tree_const_iterator'
    operator-(const __wrap_iter<_Iter1>&, const __wrap_iter<_Iter2>&) _NOEXCEPT;
    ^
/Applications/Xcode.app/Contents/Developer/Toolchains/XcodeDefault.xctoolchain/usr/bin/../include/c++/v1/string:486:11: note: candidate template ignored: could not match 'fpos' against '__tree_const_iterator'
streamoff operator-(const fpos<_StateT>& __x, const fpos<_StateT>& __y)
          ^
../src/Leet-LongestSubStringNotRepeatable.cpp:31:21: error: invalid operands to binary expression ('set<char>::iterator' (aka '__tree_const_iterator<value_type, __node_pointer, difference_type>') and 'set<char>::iterator')
        count = max(end-start, count);
                    ~~~^~~~~~
/Applications/Xcode.app/Contents/Developer/Toolchains/XcodeDefault.xctoolchain/usr/bin/../include/c++/v1/iterator:622:1: note: candidate template ignored: could not match 'reverse_iterator' against '__tree_const_iterator'
operator-(const reverse_iterator<_Iter1>& __x, const reverse_iterator<_Iter2>& __y)
^
/Applications/Xcode.app/Contents/Developer/Toolchains/XcodeDefault.xctoolchain/usr/bin/../include/c++/v1/iterator:1017:1: note: candidate template ignored: could not match 'move_iterator' against '__tree_const_iterator'
operator-(const move_iterator<_Iter1>& __x, const move_iterator<_Iter2>& __y)
^
/Applications/Xcode.app/Contents/Developer/Toolchains/XcodeDefault.xctoolchain/usr/bin/../include/c++/v1/iterator:1260:5: note: candidate template ignored: could not match '__wrap_iter' against '__tree_const_iterator'
    operator-(const __wrap_iter<_Iter1>&, const __wrap_iter<_Iter2>&) _NOEXCEPT;
    ^
/Applications/Xcode.app/Contents/Developer/Toolchains/XcodeDefault.xctoolchain/usr/bin/../include/c++/v1/string:486:11: note: candidate template ignored: could not match 'fpos' against '__tree_const_iterator'
streamoff operator-(const fpos<_StateT>& __x, const fpos<_StateT>& __y)
          ^
2 warnings and 2 errors generated.
make: *** [src/Leet-LongestSubStringNotRepeatable.o] Error 1
23:22:14 **** Incremental Build of configuration Debug for project Leet-LongestSubStringNotRepeatable ****
make all 
Building file: ../src/Leet-LongestSubStringNotRepeatable.cpp
Invoking: GCC C++ Compiler
g++ -O0 -g3 -Wall -c -fmessage-length=0 -MMD -MP -MF"src/Leet-LongestSubStringNotRepeatable.d" -MT"src/Leet-LongestSubStringNotRepeatable.o" -o "src/Leet-LongestSubStringNotRepeatable.o" "../src/Leet-LongestSubStringNotRepeatable.cpp"
../src/Leet-LongestSubStringNotRepeatable.cpp:21:10: warning: 'auto' type specifier is a C++11 extension [-Wc++11-extensions]
        for(auto c: s) {
            ^
../src/Leet-LongestSubStringNotRepeatable.cpp:21:16: warning: range-based for loop is a C++11 extension [-Wc++11-extensions]
        for(auto c: s) {
                  ^
../src/Leet-LongestSubStringNotRepeatable.cpp:27:32: error: invalid operands to binary expression ('set<char>::iterator' (aka '__tree_const_iterator<value_type, __node_pointer, difference_type>') and 'set<char>::iterator')
                        count = max(distance(end-start), count);
                                             ~~~^~~~~~
/Applications/Xcode.app/Contents/Developer/Toolchains/XcodeDefault.xctoolchain/usr/bin/../include/c++/v1/iterator:622:1: note: candidate template ignored: could not match 'reverse_iterator' against '__tree_const_iterator'
operator-(const reverse_iterator<_Iter1>& __x, const reverse_iterator<_Iter2>& __y)
^
/Applications/Xcode.app/Contents/Developer/Toolchains/XcodeDefault.xctoolchain/usr/bin/../include/c++/v1/iterator:1017:1: note: candidate template ignored: could not match 'move_iterator' against '__tree_const_iterator'
operator-(const move_iterator<_Iter1>& __x, const move_iterator<_Iter2>& __y)
^
/Applications/Xcode.app/Contents/Developer/Toolchains/XcodeDefault.xctoolchain/usr/bin/../include/c++/v1/iterator:1260:5: note: candidate template ignored: could not match '__wrap_iter' against '__tree_const_iterator'
    operator-(const __wrap_iter<_Iter1>&, const __wrap_iter<_Iter2>&) _NOEXCEPT;
    ^
/Applications/Xcode.app/Contents/Developer/Toolchains/XcodeDefault.xctoolchain/usr/bin/../include/c++/v1/string:486:11: note: candidate template ignored: could not match 'fpos' against '__tree_const_iterator'
streamoff operator-(const fpos<_StateT>& __x, const fpos<_StateT>& __y)
          ^
../src/Leet-LongestSubStringNotRepeatable.cpp:31:21: error: invalid operands to binary expression ('set<char>::iterator' (aka '__tree_const_iterator<value_type, __node_pointer, difference_type>') and 'set<char>::iterator')
        count = max(end-start, count);
                    ~~~^~~~~~
/Applications/Xcode.app/Contents/Developer/Toolchains/XcodeDefault.xctoolchain/usr/bin/../include/c++/v1/iterator:622:1: note: candidate template ignored: could not match 'reverse_iterator' against '__tree_const_iterator'
operator-(const reverse_iterator<_Iter1>& __x, const reverse_iterator<_Iter2>& __y)
^
/Applications/Xcode.app/Contents/Developer/Toolchains/XcodeDefault.xctoolchain/usr/bin/../include/c++/v1/iterator:1017:1: note: candidate template ignored: could not match 'move_iterator' against '__tree_const_iterator'
operator-(const move_iterator<_Iter1>& __x, const move_iterator<_Iter2>& __y)
^
/Applications/Xcode.app/Contents/Developer/Toolchains/XcodeDefault.xctoolchain/usr/bin/../include/c++/v1/iterator:1260:5: note: candidate template ignored: could not match '__wrap_iter' against '__tree_const_iterator'
    operator-(const __wrap_iter<_Iter1>&, const __wrap_iter<_Iter2>&) _NOEXCEPT;
    ^
/Applications/Xcode.app/Contents/Developer/Toolchains/XcodeDefault.xctoolchain/usr/bin/../include/c++/v1/string:486:11: note: candidate template ignored: could not match 'fpos' against '__tree_const_iterator'
streamoff operator-(const fpos<_StateT>& __x, const fpos<_StateT>& __y)
          ^
2 warnings and 2 errors generated.
make: *** [src/Leet-LongestSubStringNotRepeatable.o] Error 1
23:22:35 **** Incremental Build of configuration Debug for project Leet-LongestSubStringNotRepeatable ****
make all 
Building file: ../src/Leet-LongestSubStringNotRepeatable.cpp
Invoking: GCC C++ Compiler
g++ -O0 -g3 -Wall -c -fmessage-length=0 -MMD -MP -MF"src/Leet-LongestSubStringNotRepeatable.d" -MT"src/Leet-LongestSubStringNotRepeatable.o" -o "src/Leet-LongestSubStringNotRepeatable.o" "../src/Leet-LongestSubStringNotRepeatable.cpp"
../src/Leet-LongestSubStringNotRepeatable.cpp:21:10: warning: 'auto' type specifier is a C++11 extension [-Wc++11-extensions]
        for(auto c: s) {
            ^
../src/Leet-LongestSubStringNotRepeatable.cpp:21:16: warning: range-based for loop is a C++11 extension [-Wc++11-extensions]
        for(auto c: s) {
                  ^
../src/Leet-LongestSubStringNotRepeatable.cpp:27:12: warning: unused variable 'size' [-Wunused-variable]
                        int size = distance(start,end);
                            ^
../src/Leet-LongestSubStringNotRepeatable.cpp:31:21: error: invalid operands to binary expression ('set<char>::iterator' (aka '__tree_const_iterator<value_type, __node_pointer, difference_type>') and 'set<char>::iterator')
        count = max(end-start, count);
                    ~~~^~~~~~
/Applications/Xcode.app/Contents/Developer/Toolchains/XcodeDefault.xctoolchain/usr/bin/../include/c++/v1/iterator:622:1: note: candidate template ignored: could not match 'reverse_iterator' against '__tree_const_iterator'
operator-(const reverse_iterator<_Iter1>& __x, const reverse_iterator<_Iter2>& __y)
^
/Applications/Xcode.app/Contents/Developer/Toolchains/XcodeDefault.xctoolchain/usr/bin/../include/c++/v1/iterator:1017:1: note: candidate template ignored: could not match 'move_iterator' against '__tree_const_iterator'
operator-(const move_iterator<_Iter1>& __x, const move_iterator<_Iter2>& __y)
^
/Applications/Xcode.app/Contents/Developer/Toolchains/XcodeDefault.xctoolchain/usr/bin/../include/c++/v1/iterator:1260:5: note: candidate template ignored: could not match '__wrap_iter' against '__tree_const_iterator'
    operator-(const __wrap_iter<_Iter1>&, const __wrap_iter<_Iter2>&) _NOEXCEPT;
    ^
/Applications/Xcode.app/Contents/Developer/Toolchains/XcodeDefault.xctoolchain/usr/bin/../include/c++/v1/string:486:11: note: candidate template ignored: could not match 'fpos' against '__tree_const_iterator'
streamoff operator-(const fpos<_StateT>& __x, const fpos<_StateT>& __y)
          ^
3 warnings and 1 error generated.
make: *** [src/Leet-LongestSubStringNotRepeatable.o] Error 1
23:22:45 **** Incremental Build of configuration Debug for project Leet-LongestSubStringNotRepeatable ****
make all 
Building file: ../src/Leet-LongestSubStringNotRepeatable.cpp
Invoking: GCC C++ Compiler
g++ -O0 -g3 -Wall -c -fmessage-length=0 -MMD -MP -MF"src/Leet-LongestSubStringNotRepeatable.d" -MT"src/Leet-LongestSubStringNotRepeatable.o" -o "src/Leet-LongestSubStringNotRepeatable.o" "../src/Leet-LongestSubStringNotRepeatable.cpp"
../src/Leet-LongestSubStringNotRepeatable.cpp:21:10: warning: 'auto' type specifier is a C++11 extension [-Wc++11-extensions]
        for(auto c: s) {
            ^
../src/Leet-LongestSubStringNotRepeatable.cpp:21:16: warning: range-based for loop is a C++11 extension [-Wc++11-extensions]
        for(auto c: s) {
                  ^
../src/Leet-LongestSubStringNotRepeatable.cpp:32:21: error: invalid operands to binary expression ('set<char>::iterator' (aka '__tree_const_iterator<value_type, __node_pointer, difference_type>') and 'set<char>::iterator')
        count = max(end-start, count);
                    ~~~^~~~~~
/Applications/Xcode.app/Contents/Developer/Toolchains/XcodeDefault.xctoolchain/usr/bin/../include/c++/v1/iterator:622:1: note: candidate template ignored: could not match 'reverse_iterator' against '__tree_const_iterator'
operator-(const reverse_iterator<_Iter1>& __x, const reverse_iterator<_Iter2>& __y)
^
/Applications/Xcode.app/Contents/Developer/Toolchains/XcodeDefault.xctoolchain/usr/bin/../include/c++/v1/iterator:1017:1: note: candidate template ignored: could not match 'move_iterator' against '__tree_const_iterator'
operator-(const move_iterator<_Iter1>& __x, const move_iterator<_Iter2>& __y)
^
/Applications/Xcode.app/Contents/Developer/Toolchains/XcodeDefault.xctoolchain/usr/bin/../include/c++/v1/iterator:1260:5: note: candidate template ignored: could not match '__wrap_iter' against '__tree_const_iterator'
    operator-(const __wrap_iter<_Iter1>&, const __wrap_iter<_Iter2>&) _NOEXCEPT;
    ^
/Applications/Xcode.app/Contents/Developer/Toolchains/XcodeDefault.xctoolchain/usr/bin/../include/c++/v1/string:486:11: note: candidate template ignored: could not match 'fpos' against '__tree_const_iterator'
streamoff operator-(const fpos<_StateT>& __x, const fpos<_StateT>& __y)
          ^
2 warnings and 1 error generated.
make: *** [src/Leet-LongestSubStringNotRepeatable.o] Error 1
23:22:49 **** Incremental Build of configuration Debug for project Leet-LongestSubStringNotRepeatable ****
make all 
Building file: ../src/Leet-LongestSubStringNotRepeatable.cpp
Invoking: GCC C++ Compiler
g++ -O0 -g3 -Wall -c -fmessage-length=0 -MMD -MP -MF"src/Leet-LongestSubStringNotRepeatable.d" -MT"src/Leet-LongestSubStringNotRepeatable.o" -o "src/Leet-LongestSubStringNotRepeatable.o" "../src/Leet-LongestSubStringNotRepeatable.cpp"
../src/Leet-LongestSubStringNotRepeatable.cpp:21:10: warning: 'auto' type specifier is a C++11 extension [-Wc++11-extensions]
        for(auto c: s) {
            ^
../src/Leet-LongestSubStringNotRepeatable.cpp:21:16: warning: range-based for loop is a C++11 extension [-Wc++11-extensions]
        for(auto c: s) {
                  ^
../src/Leet-LongestSubStringNotRepeatable.cpp:32:21: error: invalid operands to binary expression ('set<char>::iterator' (aka '__tree_const_iterator<value_type, __node_pointer, difference_type>') and 'set<char>::iterator')
        count = max(end-start, count);
                    ~~~^~~~~~
/Applications/Xcode.app/Contents/Developer/Toolchains/XcodeDefault.xctoolchain/usr/bin/../include/c++/v1/iterator:622:1: note: candidate template ignored: could not match 'reverse_iterator' against '__tree_const_iterator'
operator-(const reverse_iterator<_Iter1>& __x, const reverse_iterator<_Iter2>& __y)
^
/Applications/Xcode.app/Contents/Developer/Toolchains/XcodeDefault.xctoolchain/usr/bin/../include/c++/v1/iterator:1017:1: note: candidate template ignored: could not match 'move_iterator' against '__tree_const_iterator'
operator-(const move_iterator<_Iter1>& __x, const move_iterator<_Iter2>& __y)
^
/Applications/Xcode.app/Contents/Developer/Toolchains/XcodeDefault.xctoolchain/usr/bin/../include/c++/v1/iterator:1260:5: note: candidate template ignored: could not match '__wrap_iter' against '__tree_const_iterator'
    operator-(const __wrap_iter<_Iter1>&, const __wrap_iter<_Iter2>&) _NOEXCEPT;
    ^
/Applications/Xcode.app/Contents/Developer/Toolchains/XcodeDefault.xctoolchain/usr/bin/../include/c++/v1/string:486:11: note: candidate template ignored: could not match 'fpos' against '__tree_const_iterator'
streamoff operator-(const fpos<_StateT>& __x, const fpos<_StateT>& __y)
          ^
2 warnings and 1 error generated.
make: *** [src/Leet-LongestSubStringNotRepeatable.o] Error 1
23:23:04 **** Incremental Build of configuration Debug for project Leet-LongestSubStringNotRepeatable ****
make all 
Building file: ../src/Leet-LongestSubStringNotRepeatable.cpp
Invoking: GCC C++ Compiler
g++ -O0 -g3 -Wall -c -fmessage-length=0 -MMD -MP -MF"src/Leet-LongestSubStringNotRepeatable.d" -MT"src/Leet-LongestSubStringNotRepeatable.o" -o "src/Leet-LongestSubStringNotRepeatable.o" "../src/Leet-LongestSubStringNotRepeatable.cpp"
../src/Leet-LongestSubStringNotRepeatable.cpp:21:10: warning: 'auto' type specifier is a C++11 extension [-Wc++11-extensions]
        for(auto c: s) {
            ^
../src/Leet-LongestSubStringNotRepeatable.cpp:21:16: warning: range-based for loop is a C++11 extension [-Wc++11-extensions]
        for(auto c: s) {
                  ^
../src/Leet-LongestSubStringNotRepeatable.cpp:27:16: error: no matching function for call to 'max'
                        count = max(distance(start,end), count);
                                ^~~
/Applications/Xcode.app/Contents/Developer/Toolchains/XcodeDefault.xctoolchain/usr/bin/../include/c++/v1/algorithm:2608:1: note: candidate template ignored: deduced conflicting types for parameter '_Tp' ('long' vs. 'int')
max(const _Tp& __a, const _Tp& __b)
^
/Applications/Xcode.app/Contents/Developer/Toolchains/XcodeDefault.xctoolchain/usr/bin/../include/c++/v1/algorithm:2600:1: note: candidate function template not viable: requires 3 arguments, but 2 were provided
max(const _Tp& __a, const _Tp& __b, _Compare __comp)
^
../src/Leet-LongestSubStringNotRepeatable.cpp:31:21: error: invalid operands to binary expression ('set<char>::iterator' (aka '__tree_const_iterator<value_type, __node_pointer, difference_type>') and 'set<char>::iterator')
        count = max(end-start, count);
                    ~~~^~~~~~
/Applications/Xcode.app/Contents/Developer/Toolchains/XcodeDefault.xctoolchain/usr/bin/../include/c++/v1/iterator:622:1: note: candidate template ignored: could not match 'reverse_iterator' against '__tree_const_iterator'
operator-(const reverse_iterator<_Iter1>& __x, const reverse_iterator<_Iter2>& __y)
^
/Applications/Xcode.app/Contents/Developer/Toolchains/XcodeDefault.xctoolchain/usr/bin/../include/c++/v1/iterator:1017:1: note: candidate template ignored: could not match 'move_iterator' against '__tree_const_iterator'
operator-(const move_iterator<_Iter1>& __x, const move_iterator<_Iter2>& __y)
^
/Applications/Xcode.app/Contents/Developer/Toolchains/XcodeDefault.xctoolchain/usr/bin/../include/c++/v1/iterator:1260:5: note: candidate template ignored: could not match '__wrap_iter' against '__tree_const_iterator'
    operator-(const __wrap_iter<_Iter1>&, const __wrap_iter<_Iter2>&) _NOEXCEPT;
    ^
/Applications/Xcode.app/Contents/Developer/Toolchains/XcodeDefault.xctoolchain/usr/bin/../include/c++/v1/string:486:11: note: candidate template ignored: could not match 'fpos' against '__tree_const_iterator'
streamoff operator-(const fpos<_StateT>& __x, const fpos<_StateT>& __y)
          ^
2 warnings and 2 errors generated.
make: *** [src/Leet-LongestSubStringNotRepeatable.o] Error 1
23:23:30 **** Incremental Build of configuration Debug for project Leet-LongestSubStringNotRepeatable ****
make all 
Building file: ../src/Leet-LongestSubStringNotRepeatable.cpp
Invoking: GCC C++ Compiler
g++ -O0 -g3 -Wall -c -fmessage-length=0 -MMD -MP -MF"src/Leet-LongestSubStringNotRepeatable.d" -MT"src/Leet-LongestSubStringNotRepeatable.o" -o "src/Leet-LongestSubStringNotRepeatable.o" "../src/Leet-LongestSubStringNotRepeatable.cpp"
../src/Leet-LongestSubStringNotRepeatable.cpp:21:10: warning: 'auto' type specifier is a C++11 extension [-Wc++11-extensions]
        for(auto c: s) {
            ^
../src/Leet-LongestSubStringNotRepeatable.cpp:21:16: warning: range-based for loop is a C++11 extension [-Wc++11-extensions]
        for(auto c: s) {
                  ^
../src/Leet-LongestSubStringNotRepeatable.cpp:27:16: error: no matching function for call to 'max'
                        count = max(distance(start,end), count);
                                ^~~
/Applications/Xcode.app/Contents/Developer/Toolchains/XcodeDefault.xctoolchain/usr/bin/../include/c++/v1/algorithm:2608:1: note: candidate template ignored: deduced conflicting types for parameter '_Tp' ('long' vs. 'int')
max(const _Tp& __a, const _Tp& __b)
^
/Applications/Xcode.app/Contents/Developer/Toolchains/XcodeDefault.xctoolchain/usr/bin/../include/c++/v1/algorithm:2600:1: note: candidate function template not viable: requires 3 arguments, but 2 were provided
max(const _Tp& __a, const _Tp& __b, _Compare __comp)
^
../src/Leet-LongestSubStringNotRepeatable.cpp:31:21: error: invalid operands to binary expression ('set<char>::iterator' (aka '__tree_const_iterator<value_type, __node_pointer, difference_type>') and 'set<char>::iterator')
        count = max(end-start, count);
                    ~~~^~~~~~
/Applications/Xcode.app/Contents/Developer/Toolchains/XcodeDefault.xctoolchain/usr/bin/../include/c++/v1/iterator:622:1: note: candidate template ignored: could not match 'reverse_iterator' against '__tree_const_iterator'
operator-(const reverse_iterator<_Iter1>& __x, const reverse_iterator<_Iter2>& __y)
^
/Applications/Xcode.app/Contents/Developer/Toolchains/XcodeDefault.xctoolchain/usr/bin/../include/c++/v1/iterator:1017:1: note: candidate template ignored: could not match 'move_iterator' against '__tree_const_iterator'
operator-(const move_iterator<_Iter1>& __x, const move_iterator<_Iter2>& __y)
^
/Applications/Xcode.app/Contents/Developer/Toolchains/XcodeDefault.xctoolchain/usr/bin/../include/c++/v1/iterator:1260:5: note: candidate template ignored: could not match '__wrap_iter' against '__tree_const_iterator'
    operator-(const __wrap_iter<_Iter1>&, const __wrap_iter<_Iter2>&) _NOEXCEPT;
    ^
/Applications/Xcode.app/Contents/Developer/Toolchains/XcodeDefault.xctoolchain/usr/bin/../include/c++/v1/string:486:11: note: candidate template ignored: could not match 'fpos' against '__tree_const_iterator'
streamoff operator-(const fpos<_StateT>& __x, const fpos<_StateT>& __y)
          ^
2 warnings and 2 errors generated.
make: *** [src/Leet-LongestSubStringNotRepeatable.o] Error 1
23:23:32 **** Incremental Build of configuration Debug for project Leet-LongestSubStringNotRepeatable ****
make all 
Building file: ../src/Leet-LongestSubStringNotRepeatable.cpp
Invoking: GCC C++ Compiler
g++ -O0 -g3 -Wall -c -fmessage-length=0 -MMD -MP -MF"src/Leet-LongestSubStringNotRepeatable.d" -MT"src/Leet-LongestSubStringNotRepeatable.o" -o "src/Leet-LongestSubStringNotRepeatable.o" "../src/Leet-LongestSubStringNotRepeatable.cpp"
../src/Leet-LongestSubStringNotRepeatable.cpp:21:10: warning: 'auto' type specifier is a C++11 extension [-Wc++11-extensions]
        for(auto c: s) {
            ^
../src/Leet-LongestSubStringNotRepeatable.cpp:21:16: warning: range-based for loop is a C++11 extension [-Wc++11-extensions]
        for(auto c: s) {
                  ^
../src/Leet-LongestSubStringNotRepeatable.cpp:27:16: error: no matching function for call to 'max'
                        count = max(distance(start,end), count);
                                ^~~
/Applications/Xcode.app/Contents/Developer/Toolchains/XcodeDefault.xctoolchain/usr/bin/../include/c++/v1/algorithm:2608:1: note: candidate template ignored: deduced conflicting types for parameter '_Tp' ('long' vs. 'int')
max(const _Tp& __a, const _Tp& __b)
^
/Applications/Xcode.app/Contents/Developer/Toolchains/XcodeDefault.xctoolchain/usr/bin/../include/c++/v1/algorithm:2600:1: note: candidate function template not viable: requires 3 arguments, but 2 were provided
max(const _Tp& __a, const _Tp& __b, _Compare __comp)
^
../src/Leet-LongestSubStringNotRepeatable.cpp:31:21: error: invalid operands to binary expression ('set<char>::iterator' (aka '__tree_const_iterator<value_type, __node_pointer, difference_type>') and 'set<char>::iterator')
        count = max(end-start, count);
                    ~~~^~~~~~
/Applications/Xcode.app/Contents/Developer/Toolchains/XcodeDefault.xctoolchain/usr/bin/../include/c++/v1/iterator:622:1: note: candidate template ignored: could not match 'reverse_iterator' against '__tree_const_iterator'
operator-(const reverse_iterator<_Iter1>& __x, const reverse_iterator<_Iter2>& __y)
^
/Applications/Xcode.app/Contents/Developer/Toolchains/XcodeDefault.xctoolchain/usr/bin/../include/c++/v1/iterator:1017:1: note: candidate template ignored: could not match 'move_iterator' against '__tree_const_iterator'
operator-(const move_iterator<_Iter1>& __x, const move_iterator<_Iter2>& __y)
^
/Applications/Xcode.app/Contents/Developer/Toolchains/XcodeDefault.xctoolchain/usr/bin/../include/c++/v1/iterator:1260:5: note: candidate template ignored: could not match '__wrap_iter' against '__tree_const_iterator'
    operator-(const __wrap_iter<_Iter1>&, const __wrap_iter<_Iter2>&) _NOEXCEPT;
    ^
/Applications/Xcode.app/Contents/Developer/Toolchains/XcodeDefault.xctoolchain/usr/bin/../include/c++/v1/string:486:11: note: candidate template ignored: could not match 'fpos' against '__tree_const_iterator'
streamoff operator-(const fpos<_StateT>& __x, const fpos<_StateT>& __y)
          ^
2 warnings and 2 errors generated.
make: *** [src/Leet-LongestSubStringNotRepeatable.o] Error 1
23:23:39 **** Incremental Build of configuration Debug for project Leet-LongestSubStringNotRepeatable ****
make all 
Building file: ../src/Leet-LongestSubStringNotRepeatable.cpp
Invoking: GCC C++ Compiler
g++ -O0 -g3 -Wall -c -fmessage-length=0 -MMD -MP -MF"src/Leet-LongestSubStringNotRepeatable.d" -MT"src/Leet-LongestSubStringNotRepeatable.o" -o "src/Leet-LongestSubStringNotRepeatable.o" "../src/Leet-LongestSubStringNotRepeatable.cpp"
../src/Leet-LongestSubStringNotRepeatable.cpp:21:10: warning: 'auto' type specifier is a C++11 extension [-Wc++11-extensions]
        for(auto c: s) {
            ^
../src/Leet-LongestSubStringNotRepeatable.cpp:21:16: warning: range-based for loop is a C++11 extension [-Wc++11-extensions]
        for(auto c: s) {
                  ^
../src/Leet-LongestSubStringNotRepeatable.cpp:32:21: error: invalid operands to binary expression ('set<char>::iterator' (aka '__tree_const_iterator<value_type, __node_pointer, difference_type>') and 'set<char>::iterator')
        count = max(end-start, count);
                    ~~~^~~~~~
/Applications/Xcode.app/Contents/Developer/Toolchains/XcodeDefault.xctoolchain/usr/bin/../include/c++/v1/iterator:622:1: note: candidate template ignored: could not match 'reverse_iterator' against '__tree_const_iterator'
operator-(const reverse_iterator<_Iter1>& __x, const reverse_iterator<_Iter2>& __y)
^
/Applications/Xcode.app/Contents/Developer/Toolchains/XcodeDefault.xctoolchain/usr/bin/../include/c++/v1/iterator:1017:1: note: candidate template ignored: could not match 'move_iterator' against '__tree_const_iterator'
operator-(const move_iterator<_Iter1>& __x, const move_iterator<_Iter2>& __y)
^
/Applications/Xcode.app/Contents/Developer/Toolchains/XcodeDefault.xctoolchain/usr/bin/../include/c++/v1/iterator:1260:5: note: candidate template ignored: could not match '__wrap_iter' against '__tree_const_iterator'
    operator-(const __wrap_iter<_Iter1>&, const __wrap_iter<_Iter2>&) _NOEXCEPT;
    ^
/Applications/Xcode.app/Contents/Developer/Toolchains/XcodeDefault.xctoolchain/usr/bin/../include/c++/v1/string:486:11: note: candidate template ignored: could not match 'fpos' against '__tree_const_iterator'
streamoff operator-(const fpos<_StateT>& __x, const fpos<_StateT>& __y)
          ^
2 warnings and 1 error generated.
make: *** [src/Leet-LongestSubStringNotRepeatable.o] Error 1
23:26:36 **** Incremental Build of configuration Debug for project Leet-LongestSubStringNotRepeatable ****
make all 
Building file: ../src/Leet-LongestSubStringNotRepeatable.cpp
Invoking: GCC C++ Compiler
g++ -O0 -g3 -Wall -c -fmessage-length=0 -MMD -MP -MF"src/Leet-LongestSubStringNotRepeatable.d" -MT"src/Leet-LongestSubStringNotRepeatable.o" -o "src/Leet-LongestSubStringNotRepeatable.o" "../src/Leet-LongestSubStringNotRepeatable.cpp"
../src/Leet-LongestSubStringNotRepeatable.cpp:21:10: warning: 'auto' type specifier is a C++11 extension [-Wc++11-extensions]
        for(auto c: s) {
            ^
../src/Leet-LongestSubStringNotRepeatable.cpp:21:16: warning: range-based for loop is a C++11 extension [-Wc++11-extensions]
        for(auto c: s) {
                  ^
../src/Leet-LongestSubStringNotRepeatable.cpp:33:14: error: no matching function for call to 'max'
        count = max(distance(start,end), count);
                ^~~
/Applications/Xcode.app/Contents/Developer/Toolchains/XcodeDefault.xctoolchain/usr/bin/../include/c++/v1/algorithm:2608:1: note: candidate template ignored: deduced conflicting types for parameter '_Tp' ('long' vs. 'int')
max(const _Tp& __a, const _Tp& __b)
^
/Applications/Xcode.app/Contents/Developer/Toolchains/XcodeDefault.xctoolchain/usr/bin/../include/c++/v1/algorithm:2600:1: note: candidate function template not viable: requires 3 arguments, but 2 were provided
max(const _Tp& __a, const _Tp& __b, _Compare __comp)
^
2 warnings and 1 error generated.
make: *** [src/Leet-LongestSubStringNotRepeatable.o] Error 1
23:27:18 **** Incremental Build of configuration Debug for project Leet-LongestSubStringNotRepeatable ****
make all 
Building file: ../src/Leet-LongestSubStringNotRepeatable.cpp
Invoking: GCC C++ Compiler
g++ -O0 -g3 -Wall -c -fmessage-length=0 -MMD -MP -MF"src/Leet-LongestSubStringNotRepeatable.d" -MT"src/Leet-LongestSubStringNotRepeatable.o" -o "src/Leet-LongestSubStringNotRepeatable.o" "../src/Leet-LongestSubStringNotRepeatable.cpp"
../src/Leet-LongestSubStringNotRepeatable.cpp:21:10: warning: 'auto' type specifier is a C++11 extension [-Wc++11-extensions]
        for(auto c: s) {
            ^
../src/Leet-LongestSubStringNotRepeatable.cpp:21:16: warning: range-based for loop is a C++11 extension [-Wc++11-extensions]
        for(auto c: s) {
                  ^
../src/Leet-LongestSubStringNotRepeatable.cpp:33:14: error: no matching function for call to 'max'
        count = max(distance(start,end), count);
                ^~~
/Applications/Xcode.app/Contents/Developer/Toolchains/XcodeDefault.xctoolchain/usr/bin/../include/c++/v1/algorithm:2608:1: note: candidate template ignored: deduced conflicting types for parameter '_Tp' ('long' vs. 'int')
max(const _Tp& __a, const _Tp& __b)
^
/Applications/Xcode.app/Contents/Developer/Toolchains/XcodeDefault.xctoolchain/usr/bin/../include/c++/v1/algorithm:2600:1: note: candidate function template not viable: requires 3 arguments, but 2 were provided
max(const _Tp& __a, const _Tp& __b, _Compare __comp)
^
2 warnings and 1 error generated.
make: *** [src/Leet-LongestSubStringNotRepeatable.o] Error 1
23:27:25 **** Incremental Build of configuration Debug for project Leet-LongestSubStringNotRepeatable ****
make all 
Building file: ../src/Leet-LongestSubStringNotRepeatable.cpp
Invoking: GCC C++ Compiler
g++ -O0 -g3 -Wall -c -fmessage-length=0 -MMD -MP -MF"src/Leet-LongestSubStringNotRepeatable.d" -MT"src/Leet-LongestSubStringNotRepeatable.o" -o "src/Leet-LongestSubStringNotRepeatable.o" "../src/Leet-LongestSubStringNotRepeatable.cpp"
../src/Leet-LongestSubStringNotRepeatable.cpp:21:10: warning: 'auto' type specifier is a C++11 extension [-Wc++11-extensions]
        for(auto c: s) {
            ^
../src/Leet-LongestSubStringNotRepeatable.cpp:21:16: warning: range-based for loop is a C++11 extension [-Wc++11-extensions]
        for(auto c: s) {
                  ^
../src/Leet-LongestSubStringNotRepeatable.cpp:33:14: error: no matching function for call to 'max'
        count = max(distance(start,end), count);
                ^~~
/Applications/Xcode.app/Contents/Developer/Toolchains/XcodeDefault.xctoolchain/usr/bin/../include/c++/v1/algorithm:2608:1: note: candidate template ignored: deduced conflicting types for parameter '_Tp' ('long' vs. 'int')
max(const _Tp& __a, const _Tp& __b)
^
/Applications/Xcode.app/Contents/Developer/Toolchains/XcodeDefault.xctoolchain/usr/bin/../include/c++/v1/algorithm:2600:1: note: candidate function template not viable: requires 3 arguments, but 2 were provided
max(const _Tp& __a, const _Tp& __b, _Compare __comp)
^
2 warnings and 1 error generated.
make: *** [src/Leet-LongestSubStringNotRepeatable.o] Error 1
23:27:32 **** Incremental Build of configuration Debug for project Leet-LongestSubStringNotRepeatable ****
make all 
Building file: ../src/Leet-LongestSubStringNotRepeatable.cpp
Invoking: GCC C++ Compiler
g++ -O0 -g3 -Wall -c -fmessage-length=0 -MMD -MP -MF"src/Leet-LongestSubStringNotRepeatable.d" -MT"src/Leet-LongestSubStringNotRepeatable.o" -o "src/Leet-LongestSubStringNotRepeatable.o" "../src/Leet-LongestSubStringNotRepeatable.cpp"
../src/Leet-LongestSubStringNotRepeatable.cpp:21:10: warning: 'auto' type specifier is a C++11 extension [-Wc++11-extensions]
        for(auto c: s) {
            ^
../src/Leet-LongestSubStringNotRepeatable.cpp:21:16: warning: range-based for loop is a C++11 extension [-Wc++11-extensions]
        for(auto c: s) {
                  ^
2 warnings generated.
Finished building: ../src/Leet-LongestSubStringNotRepeatable.cpp
 
Building target: Leet-LongestSubStringNotRepeatable
Invoking: MacOS X C++ Linker
g++  -o "Leet-LongestSubStringNotRepeatable"  ./src/Leet-LongestSubStringNotRepeatable.o   
Undefined symbols for architecture x86_64:
  "_main", referenced from:
     implicit entry/start for main executable
ld: symbol(s) not found for architecture x86_64
clang: error: linker command failed with exit code 1 (use -v to see invocation)
make: *** [Leet-LongestSubStringNotRepeatable] Error 1
23:28:27 **** Incremental Build of configuration Debug for project Leet-LongestSubStringNotRepeatable ****
make all 
Building file: ../src/Leet-LongestSubStringNotRepeatable.cpp
Invoking: GCC C++ Compiler
g++ -O0 -g3 -Wall -c -fmessage-length=0 -MMD -MP -MF"src/Leet-LongestSubStringNotRepeatable.d" -MT"src/Leet-LongestSubStringNotRepeatable.o" -o "src/Leet-LongestSubStringNotRepeatable.o" "../src/Leet-LongestSubStringNotRepeatable.cpp"
../src/Leet-LongestSubStringNotRepeatable.cpp:21:16: warning: range-based for loop is a C++11 extension [-Wc++11-extensions]
        for(char c: s) {
                  ^
1 warning generated.
Finished building: ../src/Leet-LongestSubStringNotRepeatable.cpp
 
Building target: Leet-LongestSubStringNotRepeatable
Invoking: MacOS X C++ Linker
g++  -o "Leet-LongestSubStringNotRepeatable"  ./src/Leet-LongestSubStringNotRepeatable.o   
Undefined symbols for architecture x86_64:
  "_main", referenced from:
     implicit entry/start for main executable
ld: symbol(s) not found for architecture x86_64
clang: error: linker command failed with exit code 1 (use -v to see invocation)
make: *** [Leet-LongestSubStringNotRepeatable] Error 1
23:30:31 **** Incremental Build of configuration Debug for project Leet-LongestSubStringNotRepeatable ****
make all 
Building file: ../src/Leet-LongestSubStringNotRepeatable.cpp
Invoking: GCC C++ Compiler
g++ -O0 -g3 -Wall -c -fmessage-length=0 -MMD -MP -MF"src/Leet-LongestSubStringNotRepeatable.d" -MT"src/Leet-LongestSubStringNotRepeatable.o" -o "src/Leet-LongestSubStringNotRepeatable.o" "../src/Leet-LongestSubStringNotRepeatable.cpp"
../src/Leet-LongestSubStringNotRepeatable.cpp:21:16: warning: range-based for loop is a C++11 extension [-Wc++11-extensions]
        for(char c: s) {
                  ^
../src/Leet-LongestSubStringNotRepeatable.cpp:41:1: error: 'main' must return 'int'
void main() {
^~~~
int
1 warning and 1 error generated.
make: *** [src/Leet-LongestSubStringNotRepeatable.o] Error 1
23:30:42 **** Incremental Build of configuration Debug for project Leet-LongestSubStringNotRepeatable ****
make all 
Building file: ../src/Leet-LongestSubStringNotRepeatable.cpp
Invoking: GCC C++ Compiler
g++ -O0 -g3 -Wall -c -fmessage-length=0 -MMD -MP -MF"src/Leet-LongestSubStringNotRepeatable.d" -MT"src/Leet-LongestSubStringNotRepeatable.o" -o "src/Leet-LongestSubStringNotRepeatable.o" "../src/Leet-LongestSubStringNotRepeatable.cpp"
../src/Leet-LongestSubStringNotRepeatable.cpp:21:16: warning: range-based for loop is a C++11 extension [-Wc++11-extensions]
        for(char c: s) {
                  ^
../src/Leet-LongestSubStringNotRepeatable.cpp:41:1: error: 'main' must return 'int'
void main() {
^~~~
int
1 warning and 1 error generated.
make: *** [src/Leet-LongestSubStringNotRepeatable.o] Error 1
23:30:45 **** Incremental Build of configuration Debug for project Leet-LongestSubStringNotRepeatable ****
make all 
Building file: ../src/Leet-LongestSubStringNotRepeatable.cpp
Invoking: GCC C++ Compiler
g++ -O0 -g3 -Wall -c -fmessage-length=0 -MMD -MP -MF"src/Leet-LongestSubStringNotRepeatable.d" -MT"src/Leet-LongestSubStringNotRepeatable.o" -o "src/Leet-LongestSubStringNotRepeatable.o" "../src/Leet-LongestSubStringNotRepeatable.cpp"
../src/Leet-LongestSubStringNotRepeatable.cpp:21:16: warning: range-based for loop is a C++11 extension [-Wc++11-extensions]
        for(char c: s) {
                  ^
../src/Leet-LongestSubStringNotRepeatable.cpp:41:1: error: 'main' must return 'int'
void main() {
^~~~
int
1 warning and 1 error generated.
make: *** [src/Leet-LongestSubStringNotRepeatable.o] Error 1
23:30:59 **** Incremental Build of configuration Debug for project Leet-LongestSubStringNotRepeatable ****
make all 
Building file: ../src/Leet-LongestSubStringNotRepeatable.cpp
Invoking: GCC C++ Compiler
g++ -O0 -g3 -Wall -c -fmessage-length=0 -MMD -MP -MF"src/Leet-LongestSubStringNotRepeatable.d" -MT"src/Leet-LongestSubStringNotRepeatable.o" -o "src/Leet-LongestSubStringNotRepeatable.o" "../src/Leet-LongestSubStringNotRepeatable.cpp"
../src/Leet-LongestSubStringNotRepeatable.cpp:21:16: warning: range-based for loop is a C++11 extension [-Wc++11-extensions]
        for(char c: s) {
                  ^
../src/Leet-LongestSubStringNotRepeatable.cpp:43:6: warning: unused variable 'ans' [-Wunused-variable]
        int ans = s->lengthOfLongestSubstring("abcabc");
            ^
2 warnings generated.
Finished building: ../src/Leet-LongestSubStringNotRepeatable.cpp
 
Building target: Leet-LongestSubStringNotRepeatable
Invoking: MacOS X C++ Linker
g++  -o "Leet-LongestSubStringNotRepeatable"  ./src/Leet-LongestSubStringNotRepeatable.o   
Finished building target: Leet-LongestSubStringNotRepeatable
 
23:31:03 **** Incremental Build of configuration Debug for project Leet-LongestSubStringNotRepeatable ****
make all 
make: Nothing to be done for `all'.
23:31:41 **** Incremental Build of configuration Debug for project Leet-LongestSubStringNotRepeatable ****
make all 
make: Nothing to be done for `all'.
23:32:07 **** Incremental Build of configuration Debug for project Leet-LongestSubStringNotRepeatable ****
make all 
make: Nothing to be done for `all'.
23:32:31 **** Incremental Build of configuration Debug for project Leet-LongestSubStringNotRepeatable ****
make all 
make: Nothing to be done for `all'.
23:33:05 **** Incremental Build of configuration Debug for project Leet-LongestSubStringNotRepeatable ****
make all 
make: Nothing to be done for `all'.
23:34:00 **** Incremental Build of configuration Debug for project Leet-LongestSubStringNotRepeatable ****
make all 
Building target: Leet-LongestSubStringNotRepeatable
Invoking: MacOS X C++ Linker
g++  -o "Leet-LongestSubStringNotRepeatable"  ./src/Leet-LongestSubStringNotRepeatable.o   
Finished building target: Leet-LongestSubStringNotRepeatable
 
23:36:28 **** Incremental Build of configuration Debug for project Leet-LongestSubStringNotRepeatable ****
make all 
make: Nothing to be done for `all'.
23:41:45 **** Incremental Build of configuration Debug for project Leet-LongestSubStringNotRepeatable ****
make all 
Building file: ../src/Leet-LongestSubStringNotRepeatable.cpp
Invoking: GCC C++ Compiler
g++ -O0 -g3 -Wall -c -fmessage-length=0 -MMD -MP -MF"src/Leet-LongestSubStringNotRepeatable.d" -MT"src/Leet-LongestSubStringNotRepeatable.o" -o "src/Leet-LongestSubStringNotRepeatable.o" "../src/Leet-LongestSubStringNotRepeatable.cpp"
../src/Leet-LongestSubStringNotRepeatable.cpp:21:16: warning: range-based for loop is a C++11 extension [-Wc++11-extensions]
        for(char c: s) {
                  ^
../src/Leet-LongestSubStringNotRepeatable.cpp:43:6: warning: unused variable 'ans' [-Wunused-variable]
        int ans = s->lengthOfLongestSubstring("abcabc");
            ^
2 warnings generated.
Finished building: ../src/Leet-LongestSubStringNotRepeatable.cpp
 
Building target: Leet-LongestSubStringNotRepeatable
Invoking: MacOS X C++ Linker
g++  -o "Leet-LongestSubStringNotRepeatable"  ./src/Leet-LongestSubStringNotRepeatable.o   
Finished building target: Leet-LongestSubStringNotRepeatable
 
23:42:56 **** Incremental Build of configuration Debug for project Leet-LongestSubStringNotRepeatable ****
make all 
make: Nothing to be done for `all'.
23:43:48 **** Incremental Build of configuration Debug for project Leet-LongestSubStringNotRepeatable ****
make all 
Building file: ../src/Leet-LongestSubStringNotRepeatable.cpp
Invoking: GCC C++ Compiler
g++ -O0 -g3 -Wall -c -fmessage-length=0 -MMD -MP -MF"src/Leet-LongestSubStringNotRepeatable.d" -MT"src/Leet-LongestSubStringNotRepeatable.o" -o "src/Leet-LongestSubStringNotRepeatable.o" "../src/Leet-LongestSubStringNotRepeatable.cpp"
../src/Leet-LongestSubStringNotRepeatable.cpp:21:16: warning: range-based for loop is a C++11 extension [-Wc++11-extensions]
        for(char c: s) {
                  ^
1 warning generated.
Finished building: ../src/Leet-LongestSubStringNotRepeatable.cpp
 
Building target: Leet-LongestSubStringNotRepeatable
Invoking: MacOS X C++ Linker
g++  -o "Leet-LongestSubStringNotRepeatable"  ./src/Leet-LongestSubStringNotRepeatable.o   
Finished building target: Leet-LongestSubStringNotRepeatable
 
23:48:02 **** Incremental Build of configuration Debug for project Leet-LongestSubStringNotRepeatable ****
make all 
Building file: ../src/Leet-LongestSubStringNotRepeatable.cpp
Invoking: GCC C++ Compiler
g++ -O0 -g3 -Wall -c -fmessage-length=0 -MMD -MP -MF"src/Leet-LongestSubStringNotRepeatable.d" -MT"src/Leet-LongestSubStringNotRepeatable.o" -o "src/Leet-LongestSubStringNotRepeatable.o" "../src/Leet-LongestSubStringNotRepeatable.cpp"
../src/Leet-LongestSubStringNotRepeatable.cpp:21:16: warning: range-based for loop is a C++11 extension [-Wc++11-extensions]
        for(char c: s) {
                  ^
../src/Leet-LongestSubStringNotRepeatable.cpp:27:12: warning: 'auto' type specifier is a C++11 extension [-Wc++11-extensions]
                        for(auto i = start; i < end; i ++) cout << *i;
                            ^
../src/Leet-LongestSubStringNotRepeatable.cpp:27:30: error: invalid operands to binary expression ('std::__1::__tree_const_iterator<char, std::__1::__tree_node<char, void *> *, long>' and 'set<char>::iterator' (aka '__tree_const_iterator<value_type, __node_pointer, difference_type>'))
                        for(auto i = start; i < end; i ++) cout << *i;
                                            ~ ^ ~~~
2 warnings and 1 error generated.
make: *** [src/Leet-LongestSubStringNotRepeatable.o] Error 1
23:48:40 **** Incremental Build of configuration Debug for project Leet-LongestSubStringNotRepeatable ****
make all 
Building file: ../src/Leet-LongestSubStringNotRepeatable.cpp
Invoking: GCC C++ Compiler
g++ -O0 -g3 -Wall -c -fmessage-length=0 -MMD -MP -MF"src/Leet-LongestSubStringNotRepeatable.d" -MT"src/Leet-LongestSubStringNotRepeatable.o" -o "src/Leet-LongestSubStringNotRepeatable.o" "../src/Leet-LongestSubStringNotRepeatable.cpp"
../src/Leet-LongestSubStringNotRepeatable.cpp:21:16: warning: range-based for loop is a C++11 extension [-Wc++11-extensions]
        for(char c: s) {
                  ^
../src/Leet-LongestSubStringNotRepeatable.cpp:27:50: error: invalid operands to binary expression ('std::set<char>::iterator' (aka '__tree_const_iterator<value_type, __node_pointer, difference_type>') and 'set<char>::iterator' (aka '__tree_const_iterator<value_type, __node_pointer, difference_type>'))
                        for(std::set<char>::iterator i = start; i < end; i ++) cout << *i;
                                                                ~ ^ ~~~
1 warning and 1 error generated.
make: *** [src/Leet-LongestSubStringNotRepeatable.o] Error 1
23:49:22 **** Incremental Build of configuration Debug for project Leet-LongestSubStringNotRepeatable ****
make all 
Building file: ../src/Leet-LongestSubStringNotRepeatable.cpp
Invoking: GCC C++ Compiler
g++ -O0 -g3 -Wall -c -fmessage-length=0 -MMD -MP -MF"src/Leet-LongestSubStringNotRepeatable.d" -MT"src/Leet-LongestSubStringNotRepeatable.o" -o "src/Leet-LongestSubStringNotRepeatable.o" "../src/Leet-LongestSubStringNotRepeatable.cpp"
../src/Leet-LongestSubStringNotRepeatable.cpp:21:16: warning: range-based for loop is a C++11 extension [-Wc++11-extensions]
        for(char c: s) {
                  ^
../src/Leet-LongestSubStringNotRepeatable.cpp:27:50: error: invalid operands to binary expression ('std::set<char>::iterator' (aka '__tree_const_iterator<value_type, __node_pointer, difference_type>') and 'set<char>::iterator' (aka '__tree_const_iterator<value_type, __node_pointer, difference_type>'))
                        for(std::set<char>::iterator i = start; i < end; i++)
                                                                ~ ^ ~~~
1 warning and 1 error generated.
make: *** [src/Leet-LongestSubStringNotRepeatable.o] Error 1
23:49:39 **** Incremental Build of configuration Debug for project Leet-LongestSubStringNotRepeatable ****
make all 
Building file: ../src/Leet-LongestSubStringNotRepeatable.cpp
Invoking: GCC C++ Compiler
g++ -O0 -g3 -Wall -c -fmessage-length=0 -MMD -MP -MF"src/Leet-LongestSubStringNotRepeatable.d" -MT"src/Leet-LongestSubStringNotRepeatable.o" -o "src/Leet-LongestSubStringNotRepeatable.o" "../src/Leet-LongestSubStringNotRepeatable.cpp"
../src/Leet-LongestSubStringNotRepeatable.cpp:21:16: warning: range-based for loop is a C++11 extension [-Wc++11-extensions]
        for(char c: s) {
                  ^
../src/Leet-LongestSubStringNotRepeatable.cpp:27:50: error: invalid operands to binary expression ('std::set<char>::iterator' (aka '__tree_const_iterator<value_type, __node_pointer, difference_type>') and 'set<char>::iterator' (aka '__tree_const_iterator<value_type, __node_pointer, difference_type>'))
                        for(std::set<char>::iterator i = start; i < end; i++)
                                                                ~ ^ ~~~
1 warning and 1 error generated.
make: *** [src/Leet-LongestSubStringNotRepeatable.o] Error 1
23:49:43 **** Incremental Build of configuration Debug for project Leet-LongestSubStringNotRepeatable ****
make all 
Building file: ../src/Leet-LongestSubStringNotRepeatable.cpp
Invoking: GCC C++ Compiler
g++ -O0 -g3 -Wall -c -fmessage-length=0 -MMD -MP -MF"src/Leet-LongestSubStringNotRepeatable.d" -MT"src/Leet-LongestSubStringNotRepeatable.o" -o "src/Leet-LongestSubStringNotRepeatable.o" "../src/Leet-LongestSubStringNotRepeatable.cpp"
../src/Leet-LongestSubStringNotRepeatable.cpp:21:16: warning: range-based for loop is a C++11 extension [-Wc++11-extensions]
        for(char c: s) {
                  ^
1 warning generated.
Finished building: ../src/Leet-LongestSubStringNotRepeatable.cpp
 
Building target: Leet-LongestSubStringNotRepeatable
Invoking: MacOS X C++ Linker
g++  -o "Leet-LongestSubStringNotRepeatable"  ./src/Leet-LongestSubStringNotRepeatable.o   
Finished building target: Leet-LongestSubStringNotRepeatable
 
23:49:51 **** Incremental Build of configuration Debug for project Leet-LongestSubStringNotRepeatable ****
make all 
make: Nothing to be done for `all'.
23:50:10 **** Incremental Build of configuration Debug for project Leet-LongestSubStringNotRepeatable ****
make all 
make: Nothing to be done for `all'.
23:50:48 **** Incremental Build of configuration Debug for project Leet-LongestSubStringNotRepeatable ****
make all 
make: Nothing to be done for `all'.
23:51:28 **** Incremental Build of configuration Debug for project Leet-LongestSubStringNotRepeatable ****
make all 
Building file: ../src/Leet-LongestSubStringNotRepeatable.cpp
Invoking: GCC C++ Compiler
g++ -O0 -g3 -Wall -c -fmessage-length=0 -MMD -MP -MF"src/Leet-LongestSubStringNotRepeatable.d" -MT"src/Leet-LongestSubStringNotRepeatable.o" -o "src/Leet-LongestSubStringNotRepeatable.o" "../src/Leet-LongestSubStringNotRepeatable.cpp"
../src/Leet-LongestSubStringNotRepeatable.cpp:21:16: warning: range-based for loop is a C++11 extension [-Wc++11-extensions]
        for(char c: s) {
                  ^
1 warning generated.
Finished building: ../src/Leet-LongestSubStringNotRepeatable.cpp
 
Building target: Leet-LongestSubStringNotRepeatable
Invoking: MacOS X C++ Linker
g++  -o "Leet-LongestSubStringNotRepeatable"  ./src/Leet-LongestSubStringNotRepeatable.o   
Finished building target: Leet-LongestSubStringNotRepeatable
 
23:51:31 **** Incremental Build of configuration Debug for project Leet-LongestSubStringNotRepeatable ****
make all 
make: Nothing to be done for `all'.
23:51:42 **** Incremental Build of configuration Debug for project Leet-LongestSubStringNotRepeatable ****
make all 
make: Nothing to be done for `all'.
23:52:34 **** Incremental Build of configuration Debug for project Leet-LongestSubStringNotRepeatable ****
make all 
make: Nothing to be done for `all'.
23:53:30 **** Incremental Build of configuration Debug for project Leet-LongestSubStringNotRepeatable ****
make all 
Building file: ../src/Leet-LongestSubStringNotRepeatable.cpp
Invoking: GCC C++ Compiler
g++ -O0 -g3 -Wall -c -fmessage-length=0 -MMD -MP -MF"src/Leet-LongestSubStringNotRepeatable.d" -MT"src/Leet-LongestSubStringNotRepeatable.o" -o "src/Leet-LongestSubStringNotRepeatable.o" "../src/Leet-LongestSubStringNotRepeatable.cpp"
../src/Leet-LongestSubStringNotRepeatable.cpp:21:16: warning: range-based for loop is a C++11 extension [-Wc++11-extensions]
        for(char c: s) {
                  ^
1 warning generated.
Finished building: ../src/Leet-LongestSubStringNotRepeatable.cpp
 
Building target: Leet-LongestSubStringNotRepeatable
Invoking: MacOS X C++ Linker
g++  -o "Leet-LongestSubStringNotRepeatable"  ./src/Leet-LongestSubStringNotRepeatable.o   
Finished building target: Leet-LongestSubStringNotRepeatable
 
23:53:33 **** Incremental Build of configuration Debug for project Leet-LongestSubStringNotRepeatable ****
make all 
make: Nothing to be done for `all'.
23:54:37 **** Incremental Build of configuration Debug for project Leet-LongestSubStringNotRepeatable ****
make all 
Building file: ../src/Leet-LongestSubStringNotRepeatable.cpp
Invoking: GCC C++ Compiler
g++ -O0 -g3 -Wall -c -fmessage-length=0 -MMD -MP -MF"src/Leet-LongestSubStringNotRepeatable.d" -MT"src/Leet-LongestSubStringNotRepeatable.o" -o "src/Leet-LongestSubStringNotRepeatable.o" "../src/Leet-LongestSubStringNotRepeatable.cpp"
../src/Leet-LongestSubStringNotRepeatable.cpp:21:16: warning: range-based for loop is a C++11 extension [-Wc++11-extensions]
        for(char c: s) {
                  ^
1 warning generated.
Finished building: ../src/Leet-LongestSubStringNotRepeatable.cpp
 
Building target: Leet-LongestSubStringNotRepeatable
Invoking: MacOS X C++ Linker
g++  -o "Leet-LongestSubStringNotRepeatable"  ./src/Leet-LongestSubStringNotRepeatable.o   
Finished building target: Leet-LongestSubStringNotRepeatable
 
23:55:14 **** Incremental Build of configuration Debug for project Leet-LongestSubStringNotRepeatable ****
make all 
Building file: ../src/Leet-LongestSubStringNotRepeatable.cpp
Invoking: GCC C++ Compiler
g++ -O0 -g3 -Wall -c -fmessage-length=0 -MMD -MP -MF"src/Leet-LongestSubStringNotRepeatable.d" -MT"src/Leet-LongestSubStringNotRepeatable.o" -o "src/Leet-LongestSubStringNotRepeatable.o" "../src/Leet-LongestSubStringNotRepeatable.cpp"
../src/Leet-LongestSubStringNotRepeatable.cpp:21:16: warning: range-based for loop is a C++11 extension [-Wc++11-extensions]
        for(char c: s) {
                  ^
1 warning generated.
Finished building: ../src/Leet-LongestSubStringNotRepeatable.cpp
 
Building target: Leet-LongestSubStringNotRepeatable
Invoking: MacOS X C++ Linker
g++  -o "Leet-LongestSubStringNotRepeatable"  ./src/Leet-LongestSubStringNotRepeatable.o   
Finished building target: Leet-LongestSubStringNotRepeatable
 
23:55:58 **** Incremental Build of configuration Debug for project Leet-LongestSubStringNotRepeatable ****
make all 
Building file: ../src/Leet-LongestSubStringNotRepeatable.cpp
Invoking: GCC C++ Compiler
g++ -O0 -g3 -Wall -c -fmessage-length=0 -MMD -MP -MF"src/Leet-LongestSubStringNotRepeatable.d" -MT"src/Leet-LongestSubStringNotRepeatable.o" -o "src/Leet-LongestSubStringNotRepeatable.o" "../src/Leet-LongestSubStringNotRepeatable.cpp"
../src/Leet-LongestSubStringNotRepeatable.cpp:21:16: warning: range-based for loop is a C++11 extension [-Wc++11-extensions]
        for(char c: s) {
                  ^
1 warning generated.
Finished building: ../src/Leet-LongestSubStringNotRepeatable.cpp
 
Building target: Leet-LongestSubStringNotRepeatable
Invoking: MacOS X C++ Linker
g++  -o "Leet-LongestSubStringNotRepeatable"  ./src/Leet-LongestSubStringNotRepeatable.o   
Finished building target: Leet-LongestSubStringNotRepeatable
 
23:58:03 **** Incremental Build of configuration Debug for project Leet-LongestSubStringNotRepeatable ****
make all 
Building file: ../src/Leet-LongestSubStringNotRepeatable.cpp
Invoking: GCC C++ Compiler
g++ -O0 -g3 -Wall -c -fmessage-length=0 -MMD -MP -MF"src/Leet-LongestSubStringNotRepeatable.d" -MT"src/Leet-LongestSubStringNotRepeatable.o" -o "src/Leet-LongestSubStringNotRepeatable.o" "../src/Leet-LongestSubStringNotRepeatable.cpp"
../src/Leet-LongestSubStringNotRepeatable.cpp:21:16: warning: range-based for loop is a C++11 extension [-Wc++11-extensions]
        for(char c: s) {
                  ^
1 warning generated.
Finished building: ../src/Leet-LongestSubStringNotRepeatable.cpp
 
Building target: Leet-LongestSubStringNotRepeatable
Invoking: MacOS X C++ Linker
g++  -o "Leet-LongestSubStringNotRepeatable"  ./src/Leet-LongestSubStringNotRepeatable.o   
Finished building target: Leet-LongestSubStringNotRepeatable
 
00:03:05 **** Incremental Build of configuration Debug for project Leet-LongestSubStringNotRepeatable ****
make all 
Building file: ../src/Leet-LongestSubStringNotRepeatable.cpp
Invoking: GCC C++ Compiler
g++ -O0 -g3 -Wall -c -fmessage-length=0 -MMD -MP -MF"src/Leet-LongestSubStringNotRepeatable.d" -MT"src/Leet-LongestSubStringNotRepeatable.o" -o "src/Leet-LongestSubStringNotRepeatable.o" "../src/Leet-LongestSubStringNotRepeatable.cpp"
../src/Leet-LongestSubStringNotRepeatable.cpp:23:8: error: no member named 'emplace' in 'std::__1::set<char, std::__1::less<char>, std::__1::allocator<char> >'
                seen.emplace(s[0]);
                ~~~~ ^
../src/Leet-LongestSubStringNotRepeatable.cpp:24:15: warning: range-based for loop is a C++11 extension [-Wc++11-extensions]
                for (char c : s) {
                            ^
1 warning and 1 error generated.
make: *** [src/Leet-LongestSubStringNotRepeatable.o] Error 1
00:03:52 **** Incremental Build of configuration Debug for project Leet-LongestSubStringNotRepeatable ****
make all 
Building file: ../src/Leet-LongestSubStringNotRepeatable.cpp
Invoking: GCC C++ Compiler
g++ -O0 -g3 -Wall -c -fmessage-length=0 -MMD -MP -MF"src/Leet-LongestSubStringNotRepeatable.d" -MT"src/Leet-LongestSubStringNotRepeatable.o" -o "src/Leet-LongestSubStringNotRepeatable.o" "../src/Leet-LongestSubStringNotRepeatable.cpp"
../src/Leet-LongestSubStringNotRepeatable.cpp:23:19: error: type 'set<char>' does not provide a subscript operator
                seen.insert(seen[0]);
                            ~~~~^~
../src/Leet-LongestSubStringNotRepeatable.cpp:24:15: warning: range-based for loop is a C++11 extension [-Wc++11-extensions]
                for (char c : s) {
                            ^
1 warning and 1 error generated.
make: *** [src/Leet-LongestSubStringNotRepeatable.o] Error 1
00:04:07 **** Incremental Build of configuration Debug for project Leet-LongestSubStringNotRepeatable ****
make all 
Building file: ../src/Leet-LongestSubStringNotRepeatable.cpp
Invoking: GCC C++ Compiler
g++ -O0 -g3 -Wall -c -fmessage-length=0 -MMD -MP -MF"src/Leet-LongestSubStringNotRepeatable.d" -MT"src/Leet-LongestSubStringNotRepeatable.o" -o "src/Leet-LongestSubStringNotRepeatable.o" "../src/Leet-LongestSubStringNotRepeatable.cpp"
../src/Leet-LongestSubStringNotRepeatable.cpp:23:19: error: type 'set<char>' does not provide a subscript operator
                seen.insert(seen[0]);
                            ~~~~^~
../src/Leet-LongestSubStringNotRepeatable.cpp:24:15: warning: range-based for loop is a C++11 extension [-Wc++11-extensions]
                for (char c : s) {
                            ^
1 warning and 1 error generated.
make: *** [src/Leet-LongestSubStringNotRepeatable.o] Error 1
00:05:21 **** Incremental Build of configuration Debug for project Leet-LongestSubStringNotRepeatable ****
make all 
Building file: ../src/Leet-LongestSubStringNotRepeatable.cpp
Invoking: GCC C++ Compiler
g++ -O0 -g3 -Wall -c -fmessage-length=0 -MMD -MP -MF"src/Leet-LongestSubStringNotRepeatable.d" -MT"src/Leet-LongestSubStringNotRepeatable.o" -o "src/Leet-LongestSubStringNotRepeatable.o" "../src/Leet-LongestSubStringNotRepeatable.cpp"
../src/Leet-LongestSubStringNotRepeatable.cpp:23:19: error: type 'set<char>' does not provide a subscript operator
                seen.insert(seen[0]);
                            ~~~~^~
../src/Leet-LongestSubStringNotRepeatable.cpp:24:15: warning: range-based for loop is a C++11 extension [-Wc++11-extensions]
                for (char c : s) {
                            ^
1 warning and 1 error generated.
make: *** [src/Leet-LongestSubStringNotRepeatable.o] Error 1
00:05:23 **** Incremental Build of configuration Debug for project Leet-LongestSubStringNotRepeatable ****
make all 
Building file: ../src/Leet-LongestSubStringNotRepeatable.cpp
Invoking: GCC C++ Compiler
g++ -O0 -g3 -Wall -c -fmessage-length=0 -MMD -MP -MF"src/Leet-LongestSubStringNotRepeatable.d" -MT"src/Leet-LongestSubStringNotRepeatable.o" -o "src/Leet-LongestSubStringNotRepeatable.o" "../src/Leet-LongestSubStringNotRepeatable.cpp"
../src/Leet-LongestSubStringNotRepeatable.cpp:23:19: error: type 'set<char>' does not provide a subscript operator
                seen.insert(seen[0]);
                            ~~~~^~
../src/Leet-LongestSubStringNotRepeatable.cpp:24:15: warning: range-based for loop is a C++11 extension [-Wc++11-extensions]
                for (char c : s) {
                            ^
1 warning and 1 error generated.
make: *** [src/Leet-LongestSubStringNotRepeatable.o] Error 1
00:05:36 **** Incremental Build of configuration Debug for project Leet-LongestSubStringNotRepeatable ****
make all 
Building file: ../src/Leet-LongestSubStringNotRepeatable.cpp
Invoking: GCC C++ Compiler
g++ -O0 -g3 -Wall -c -fmessage-length=0 -MMD -MP -MF"src/Leet-LongestSubStringNotRepeatable.d" -MT"src/Leet-LongestSubStringNotRepeatable.o" -o "src/Leet-LongestSubStringNotRepeatable.o" "../src/Leet-LongestSubStringNotRepeatable.cpp"
../src/Leet-LongestSubStringNotRepeatable.cpp:25:15: warning: range-based for loop is a C++11 extension [-Wc++11-extensions]
                for (char c : s) {
                            ^
1 warning generated.
Finished building: ../src/Leet-LongestSubStringNotRepeatable.cpp
 
Building target: Leet-LongestSubStringNotRepeatable
Invoking: MacOS X C++ Linker
g++  -o "Leet-LongestSubStringNotRepeatable"  ./src/Leet-LongestSubStringNotRepeatable.o   
Finished building target: Leet-LongestSubStringNotRepeatable
 
00:06:11 **** Incremental Build of configuration Debug for project Leet-LongestSubStringNotRepeatable ****
make all 
Building file: ../src/Leet-LongestSubStringNotRepeatable.cpp
Invoking: GCC C++ Compiler
g++ -O0 -g3 -Wall -c -fmessage-length=0 -MMD -MP -MF"src/Leet-LongestSubStringNotRepeatable.d" -MT"src/Leet-LongestSubStringNotRepeatable.o" -o "src/Leet-LongestSubStringNotRepeatable.o" "../src/Leet-LongestSubStringNotRepeatable.cpp"
../src/Leet-LongestSubStringNotRepeatable.cpp:25:15: warning: range-based for loop is a C++11 extension [-Wc++11-extensions]
                for (char c : s) {
                            ^
1 warning generated.
Finished building: ../src/Leet-LongestSubStringNotRepeatable.cpp
 
Building target: Leet-LongestSubStringNotRepeatable
Invoking: MacOS X C++ Linker
g++  -o "Leet-LongestSubStringNotRepeatable"  ./src/Leet-LongestSubStringNotRepeatable.o   
Finished building target: Leet-LongestSubStringNotRepeatable
 
00:08:37 **** Incremental Build of configuration Debug for project Leet-LongestSubStringNotRepeatable ****
make all 
Building file: ../src/Leet-LongestSubStringNotRepeatable.cpp
Invoking: GCC C++ Compiler
g++ -O0 -g3 -Wall -c -fmessage-length=0 -MMD -MP -MF"src/Leet-LongestSubStringNotRepeatable.d" -MT"src/Leet-LongestSubStringNotRepeatable.o" -o "src/Leet-LongestSubStringNotRepeatable.o" "../src/Leet-LongestSubStringNotRepeatable.cpp"
../src/Leet-LongestSubStringNotRepeatable.cpp:22:30: error: no viable conversion from 'int' to 'set<char>::iterator' (aka '__tree_const_iterator<value_type, __node_pointer, difference_type>')
                set<char>::iterator start, end = 0;
                                           ^     ~
/Applications/Xcode.app/Contents/Developer/Toolchains/XcodeDefault.xctoolchain/usr/bin/../include/c++/v1/__tree:690:29: note: candidate constructor (the implicit copy constructor) not viable: no known conversion from 'int' to 'const std::__1::__tree_const_iterator<char, std::__1::__tree_node<char, void *> *, long> &' for 1st argument
class _LIBCPP_TYPE_VIS_ONLY __tree_const_iterator
                            ^
/Applications/Xcode.app/Contents/Developer/Toolchains/XcodeDefault.xctoolchain/usr/bin/../include/c++/v1/__tree:738:5: note: candidate constructor not viable: no known conversion from 'int' to '__non_const_iterator' (aka '__tree_iterator<value_type, __non_const_node_pointer, difference_type>') for 1st argument
    __tree_const_iterator(__non_const_iterator __p) _NOEXCEPT
    ^
../src/Leet-LongestSubStringNotRepeatable.cpp:25:15: warning: range-based for loop is a C++11 extension [-Wc++11-extensions]
                for (char c : s) {
                            ^
../src/Leet-LongestSubStringNotRepeatable.cpp:36:13: error: no viable overloaded operator[] for type 'string' (aka 'basic_string<char, char_traits<char>, allocator<char> >')
                                while (s[start] != c)
                                       ~^~~~~~
/Applications/Xcode.app/Contents/Developer/Toolchains/XcodeDefault.xctoolchain/usr/bin/../include/c++/v1/string:1415:47: note: candidate function not viable: no known conversion from 'set<char>::iterator' (aka '__tree_const_iterator<value_type, __node_pointer, difference_type>') to 'size_type' (aka 'unsigned long') for 1st argument
    _LIBCPP_INLINE_VISIBILITY reference       operator[](size_type __pos);
                                              ^
/Applications/Xcode.app/Contents/Developer/Toolchains/XcodeDefault.xctoolchain/usr/bin/../include/c++/v1/string:1414:47: note: candidate function not viable: no known conversion from 'set<char>::iterator' (aka '__tree_const_iterator<value_type, __node_pointer, difference_type>') to 'size_type' (aka 'unsigned long') for 1st argument
    _LIBCPP_INLINE_VISIBILITY const_reference operator[](size_type __pos) const;
                                              ^
1 warning and 2 errors generated.
make: *** [src/Leet-LongestSubStringNotRepeatable.o] Error 1
00:09:02 **** Incremental Build of configuration Debug for project Leet-LongestSubStringNotRepeatable ****
make all 
Building file: ../src/Leet-LongestSubStringNotRepeatable.cpp
Invoking: GCC C++ Compiler
g++ -O0 -g3 -Wall -c -fmessage-length=0 -MMD -MP -MF"src/Leet-LongestSubStringNotRepeatable.d" -MT"src/Leet-LongestSubStringNotRepeatable.o" -o "src/Leet-LongestSubStringNotRepeatable.o" "../src/Leet-LongestSubStringNotRepeatable.cpp"
../src/Leet-LongestSubStringNotRepeatable.cpp:22:30: error: no viable conversion from 'int' to 'set<char>::iterator' (aka '__tree_const_iterator<value_type, __node_pointer, difference_type>')
                set<char>::iterator start, end = 0;
                                           ^     ~
/Applications/Xcode.app/Contents/Developer/Toolchains/XcodeDefault.xctoolchain/usr/bin/../include/c++/v1/__tree:690:29: note: candidate constructor (the implicit copy constructor) not viable: no known conversion from 'int' to 'const std::__1::__tree_const_iterator<char, std::__1::__tree_node<char, void *> *, long> &' for 1st argument
class _LIBCPP_TYPE_VIS_ONLY __tree_const_iterator
                            ^
/Applications/Xcode.app/Contents/Developer/Toolchains/XcodeDefault.xctoolchain/usr/bin/../include/c++/v1/__tree:738:5: note: candidate constructor not viable: no known conversion from 'int' to '__non_const_iterator' (aka '__tree_iterator<value_type, __non_const_node_pointer, difference_type>') for 1st argument
    __tree_const_iterator(__non_const_iterator __p) _NOEXCEPT
    ^
../src/Leet-LongestSubStringNotRepeatable.cpp:25:15: warning: range-based for loop is a C++11 extension [-Wc++11-extensions]
                for (char c : s) {
                            ^
../src/Leet-LongestSubStringNotRepeatable.cpp:36:13: error: no viable overloaded operator[] for type 'string' (aka 'basic_string<char, char_traits<char>, allocator<char> >')
                                while (s[start] != c)
                                       ~^~~~~~
/Applications/Xcode.app/Contents/Developer/Toolchains/XcodeDefault.xctoolchain/usr/bin/../include/c++/v1/string:1415:47: note: candidate function not viable: no known conversion from 'set<char>::iterator' (aka '__tree_const_iterator<value_type, __node_pointer, difference_type>') to 'size_type' (aka 'unsigned long') for 1st argument
    _LIBCPP_INLINE_VISIBILITY reference       operator[](size_type __pos);
                                              ^
/Applications/Xcode.app/Contents/Developer/Toolchains/XcodeDefault.xctoolchain/usr/bin/../include/c++/v1/string:1414:47: note: candidate function not viable: no known conversion from 'set<char>::iterator' (aka '__tree_const_iterator<value_type, __node_pointer, difference_type>') to 'size_type' (aka 'unsigned long') for 1st argument
    _LIBCPP_INLINE_VISIBILITY const_reference operator[](size_type __pos) const;
                                              ^
1 warning and 2 errors generated.
make: *** [src/Leet-LongestSubStringNotRepeatable.o] Error 1
00:09:04 **** Incremental Build of configuration Debug for project Leet-LongestSubStringNotRepeatable ****
make all 
Building file: ../src/Leet-LongestSubStringNotRepeatable.cpp
Invoking: GCC C++ Compiler
g++ -O0 -g3 -Wall -c -fmessage-length=0 -MMD -MP -MF"src/Leet-LongestSubStringNotRepeatable.d" -MT"src/Leet-LongestSubStringNotRepeatable.o" -o "src/Leet-LongestSubStringNotRepeatable.o" "../src/Leet-LongestSubStringNotRepeatable.cpp"
../src/Leet-LongestSubStringNotRepeatable.cpp:22:30: error: no viable conversion from 'int' to 'set<char>::iterator' (aka '__tree_const_iterator<value_type, __node_pointer, difference_type>')
                set<char>::iterator start, end = 0;
                                           ^     ~
/Applications/Xcode.app/Contents/Developer/Toolchains/XcodeDefault.xctoolchain/usr/bin/../include/c++/v1/__tree:690:29: note: candidate constructor (the implicit copy constructor) not viable: no known conversion from 'int' to 'const std::__1::__tree_const_iterator<char, std::__1::__tree_node<char, void *> *, long> &' for 1st argument
class _LIBCPP_TYPE_VIS_ONLY __tree_const_iterator
                            ^
/Applications/Xcode.app/Contents/Developer/Toolchains/XcodeDefault.xctoolchain/usr/bin/../include/c++/v1/__tree:738:5: note: candidate constructor not viable: no known conversion from 'int' to '__non_const_iterator' (aka '__tree_iterator<value_type, __non_const_node_pointer, difference_type>') for 1st argument
    __tree_const_iterator(__non_const_iterator __p) _NOEXCEPT
    ^
../src/Leet-LongestSubStringNotRepeatable.cpp:25:15: warning: range-based for loop is a C++11 extension [-Wc++11-extensions]
                for (char c : s) {
                            ^
../src/Leet-LongestSubStringNotRepeatable.cpp:36:13: error: no viable overloaded operator[] for type 'string' (aka 'basic_string<char, char_traits<char>, allocator<char> >')
                                while (s[start] != c)
                                       ~^~~~~~
/Applications/Xcode.app/Contents/Developer/Toolchains/XcodeDefault.xctoolchain/usr/bin/../include/c++/v1/string:1415:47: note: candidate function not viable: no known conversion from 'set<char>::iterator' (aka '__tree_const_iterator<value_type, __node_pointer, difference_type>') to 'size_type' (aka 'unsigned long') for 1st argument
    _LIBCPP_INLINE_VISIBILITY reference       operator[](size_type __pos);
                                              ^
/Applications/Xcode.app/Contents/Developer/Toolchains/XcodeDefault.xctoolchain/usr/bin/../include/c++/v1/string:1414:47: note: candidate function not viable: no known conversion from 'set<char>::iterator' (aka '__tree_const_iterator<value_type, __node_pointer, difference_type>') to 'size_type' (aka 'unsigned long') for 1st argument
    _LIBCPP_INLINE_VISIBILITY const_reference operator[](size_type __pos) const;
                                              ^
1 warning and 2 errors generated.
make: *** [src/Leet-LongestSubStringNotRepeatable.o] Error 1
00:09:05 **** Incremental Build of configuration Debug for project Leet-LongestSubStringNotRepeatable ****
make all 
Building file: ../src/Leet-LongestSubStringNotRepeatable.cpp
Invoking: GCC C++ Compiler
g++ -O0 -g3 -Wall -c -fmessage-length=0 -MMD -MP -MF"src/Leet-LongestSubStringNotRepeatable.d" -MT"src/Leet-LongestSubStringNotRepeatable.o" -o "src/Leet-LongestSubStringNotRepeatable.o" "../src/Leet-LongestSubStringNotRepeatable.cpp"
../src/Leet-LongestSubStringNotRepeatable.cpp:22:30: error: no viable conversion from 'int' to 'set<char>::iterator' (aka '__tree_const_iterator<value_type, __node_pointer, difference_type>')
                set<char>::iterator start, end = 0;
                                           ^     ~
/Applications/Xcode.app/Contents/Developer/Toolchains/XcodeDefault.xctoolchain/usr/bin/../include/c++/v1/__tree:690:29: note: candidate constructor (the implicit copy constructor) not viable: no known conversion from 'int' to 'const std::__1::__tree_const_iterator<char, std::__1::__tree_node<char, void *> *, long> &' for 1st argument
class _LIBCPP_TYPE_VIS_ONLY __tree_const_iterator
                            ^
/Applications/Xcode.app/Contents/Developer/Toolchains/XcodeDefault.xctoolchain/usr/bin/../include/c++/v1/__tree:738:5: note: candidate constructor not viable: no known conversion from 'int' to '__non_const_iterator' (aka '__tree_iterator<value_type, __non_const_node_pointer, difference_type>') for 1st argument
    __tree_const_iterator(__non_const_iterator __p) _NOEXCEPT
    ^
../src/Leet-LongestSubStringNotRepeatable.cpp:25:15: warning: range-based for loop is a C++11 extension [-Wc++11-extensions]
                for (char c : s) {
                            ^
../src/Leet-LongestSubStringNotRepeatable.cpp:36:13: error: no viable overloaded operator[] for type 'string' (aka 'basic_string<char, char_traits<char>, allocator<char> >')
                                while (s[start] != c)
                                       ~^~~~~~
/Applications/Xcode.app/Contents/Developer/Toolchains/XcodeDefault.xctoolchain/usr/bin/../include/c++/v1/string:1415:47: note: candidate function not viable: no known conversion from 'set<char>::iterator' (aka '__tree_const_iterator<value_type, __node_pointer, difference_type>') to 'size_type' (aka 'unsigned long') for 1st argument
    _LIBCPP_INLINE_VISIBILITY reference       operator[](size_type __pos);
                                              ^
/Applications/Xcode.app/Contents/Developer/Toolchains/XcodeDefault.xctoolchain/usr/bin/../include/c++/v1/string:1414:47: note: candidate function not viable: no known conversion from 'set<char>::iterator' (aka '__tree_const_iterator<value_type, __node_pointer, difference_type>') to 'size_type' (aka 'unsigned long') for 1st argument
    _LIBCPP_INLINE_VISIBILITY const_reference operator[](size_type __pos) const;
                                              ^
1 warning and 2 errors generated.
make: *** [src/Leet-LongestSubStringNotRepeatable.o] Error 1
00:09:08 **** Incremental Build of configuration Debug for project Leet-LongestSubStringNotRepeatable ****
make all 
Building file: ../src/Leet-LongestSubStringNotRepeatable.cpp
Invoking: GCC C++ Compiler
g++ -O0 -g3 -Wall -c -fmessage-length=0 -MMD -MP -MF"src/Leet-LongestSubStringNotRepeatable.d" -MT"src/Leet-LongestSubStringNotRepeatable.o" -o "src/Leet-LongestSubStringNotRepeatable.o" "../src/Leet-LongestSubStringNotRepeatable.cpp"
../src/Leet-LongestSubStringNotRepeatable.cpp:22:30: error: no viable conversion from 'int' to 'set<char>::iterator' (aka '__tree_const_iterator<value_type, __node_pointer, difference_type>')
                set<char>::iterator start, end = 0;
                                           ^     ~
/Applications/Xcode.app/Contents/Developer/Toolchains/XcodeDefault.xctoolchain/usr/bin/../include/c++/v1/__tree:690:29: note: candidate constructor (the implicit copy constructor) not viable: no known conversion from 'int' to 'const std::__1::__tree_const_iterator<char, std::__1::__tree_node<char, void *> *, long> &' for 1st argument
class _LIBCPP_TYPE_VIS_ONLY __tree_const_iterator
                            ^
/Applications/Xcode.app/Contents/Developer/Toolchains/XcodeDefault.xctoolchain/usr/bin/../include/c++/v1/__tree:738:5: note: candidate constructor not viable: no known conversion from 'int' to '__non_const_iterator' (aka '__tree_iterator<value_type, __non_const_node_pointer, difference_type>') for 1st argument
    __tree_const_iterator(__non_const_iterator __p) _NOEXCEPT
    ^
../src/Leet-LongestSubStringNotRepeatable.cpp:25:15: warning: range-based for loop is a C++11 extension [-Wc++11-extensions]
                for (char c : s) {
                            ^
../src/Leet-LongestSubStringNotRepeatable.cpp:36:13: error: no viable overloaded operator[] for type 'string' (aka 'basic_string<char, char_traits<char>, allocator<char> >')
                                while (s[start] != c)
                                       ~^~~~~~
/Applications/Xcode.app/Contents/Developer/Toolchains/XcodeDefault.xctoolchain/usr/bin/../include/c++/v1/string:1415:47: note: candidate function not viable: no known conversion from 'set<char>::iterator' (aka '__tree_const_iterator<value_type, __node_pointer, difference_type>') to 'size_type' (aka 'unsigned long') for 1st argument
    _LIBCPP_INLINE_VISIBILITY reference       operator[](size_type __pos);
                                              ^
/Applications/Xcode.app/Contents/Developer/Toolchains/XcodeDefault.xctoolchain/usr/bin/../include/c++/v1/string:1414:47: note: candidate function not viable: no known conversion from 'set<char>::iterator' (aka '__tree_const_iterator<value_type, __node_pointer, difference_type>') to 'size_type' (aka 'unsigned long') for 1st argument
    _LIBCPP_INLINE_VISIBILITY const_reference operator[](size_type __pos) const;
                                              ^
1 warning and 2 errors generated.
make: *** [src/Leet-LongestSubStringNotRepeatable.o] Error 1
00:09:22 **** Incremental Build of configuration Debug for project Leet-LongestSubStringNotRepeatable ****
make all 
Building file: ../src/Leet-LongestSubStringNotRepeatable.cpp
Invoking: GCC C++ Compiler
g++ -O0 -g3 -Wall -c -fmessage-length=0 -MMD -MP -MF"src/Leet-LongestSubStringNotRepeatable.d" -MT"src/Leet-LongestSubStringNotRepeatable.o" -o "src/Leet-LongestSubStringNotRepeatable.o" "../src/Leet-LongestSubStringNotRepeatable.cpp"
../src/Leet-LongestSubStringNotRepeatable.cpp:22:30: error: no viable conversion from 'int' to 'set<char>::iterator' (aka '__tree_const_iterator<value_type, __node_pointer, difference_type>')
                set<char>::iterator start, end = 0;
                                           ^     ~
/Applications/Xcode.app/Contents/Developer/Toolchains/XcodeDefault.xctoolchain/usr/bin/../include/c++/v1/__tree:690:29: note: candidate constructor (the implicit copy constructor) not viable: no known conversion from 'int' to 'const std::__1::__tree_const_iterator<char, std::__1::__tree_node<char, void *> *, long> &' for 1st argument
class _LIBCPP_TYPE_VIS_ONLY __tree_const_iterator
                            ^
/Applications/Xcode.app/Contents/Developer/Toolchains/XcodeDefault.xctoolchain/usr/bin/../include/c++/v1/__tree:738:5: note: candidate constructor not viable: no known conversion from 'int' to '__non_const_iterator' (aka '__tree_iterator<value_type, __non_const_node_pointer, difference_type>') for 1st argument
    __tree_const_iterator(__non_const_iterator __p) _NOEXCEPT
    ^
../src/Leet-LongestSubStringNotRepeatable.cpp:25:15: warning: range-based for loop is a C++11 extension [-Wc++11-extensions]
                for (char c : s) {
                            ^
../src/Leet-LongestSubStringNotRepeatable.cpp:36:13: error: no viable overloaded operator[] for type 'string' (aka 'basic_string<char, char_traits<char>, allocator<char> >')
                                while (s[start] != c)
                                       ~^~~~~~
/Applications/Xcode.app/Contents/Developer/Toolchains/XcodeDefault.xctoolchain/usr/bin/../include/c++/v1/string:1415:47: note: candidate function not viable: no known conversion from 'set<char>::iterator' (aka '__tree_const_iterator<value_type, __node_pointer, difference_type>') to 'size_type' (aka 'unsigned long') for 1st argument
    _LIBCPP_INLINE_VISIBILITY reference       operator[](size_type __pos);
                                              ^
/Applications/Xcode.app/Contents/Developer/Toolchains/XcodeDefault.xctoolchain/usr/bin/../include/c++/v1/string:1414:47: note: candidate function not viable: no known conversion from 'set<char>::iterator' (aka '__tree_const_iterator<value_type, __node_pointer, difference_type>') to 'size_type' (aka 'unsigned long') for 1st argument
    _LIBCPP_INLINE_VISIBILITY const_reference operator[](size_type __pos) const;
                                              ^
1 warning and 2 errors generated.
make: *** [src/Leet-LongestSubStringNotRepeatable.o] Error 1
00:09:27 **** Incremental Build of configuration Debug for project Leet-LongestSubStringNotRepeatable ****
make all 
Building file: ../src/Leet-LongestSubStringNotRepeatable.cpp
Invoking: GCC C++ Compiler
g++ -O0 -g3 -Wall -c -fmessage-length=0 -MMD -MP -MF"src/Leet-LongestSubStringNotRepeatable.d" -MT"src/Leet-LongestSubStringNotRepeatable.o" -o "src/Leet-LongestSubStringNotRepeatable.o" "../src/Leet-LongestSubStringNotRepeatable.cpp"
../src/Leet-LongestSubStringNotRepeatable.cpp:25:15: warning: range-based for loop is a C++11 extension [-Wc++11-extensions]
                for (char c : s) {
                            ^
../src/Leet-LongestSubStringNotRepeatable.cpp:32:9: warning: unused variable 'size' [-Wunused-variable]
                                int size = 0;
                                    ^
../src/Leet-LongestSubStringNotRepeatable.cpp:34:22: warning: variable 'start' is uninitialized when used here [-Wuninitialized]
                                count = max(end -start, count);
                                                 ^~~~~
../src/Leet-LongestSubStringNotRepeatable.cpp:22:12: note: initialize the variable 'start' to silence this warning
                int start,end= 0;
                         ^
                          = 0
3 warnings generated.
Finished building: ../src/Leet-LongestSubStringNotRepeatable.cpp
 
Building target: Leet-LongestSubStringNotRepeatable
Invoking: MacOS X C++ Linker
g++  -o "Leet-LongestSubStringNotRepeatable"  ./src/Leet-LongestSubStringNotRepeatable.o   
Finished building target: Leet-LongestSubStringNotRepeatable
 
00:11:38 **** Incremental Build of configuration Debug for project Leet-LongestSubStringNotRepeatable ****
make all 
Building file: ../src/Leet-LongestSubStringNotRepeatable.cpp
Invoking: GCC C++ Compiler
g++ -O0 -g3 -Wall -c -fmessage-length=0 -MMD -MP -MF"src/Leet-LongestSubStringNotRepeatable.d" -MT"src/Leet-LongestSubStringNotRepeatable.o" -o "src/Leet-LongestSubStringNotRepeatable.o" "../src/Leet-LongestSubStringNotRepeatable.cpp"
../src/Leet-LongestSubStringNotRepeatable.cpp:24:15: warning: range-based for loop is a C++11 extension [-Wc++11-extensions]
                for (char c : s) {
                            ^
../src/Leet-LongestSubStringNotRepeatable.cpp:32:9: warning: unused variable 'size' [-Wunused-variable]
                                int size = 0;
                                    ^
../src/Leet-LongestSubStringNotRepeatable.cpp:33:23: warning: variable 'start' is uninitialized when used here [-Wuninitialized]
                                count = max(end - start, count);
                                                  ^~~~~
../src/Leet-LongestSubStringNotRepeatable.cpp:21:19: note: initialize the variable 'start' to silence this warning
                int count, start,end= 0;
                                ^
                                 = 0
3 warnings generated.
Finished building: ../src/Leet-LongestSubStringNotRepeatable.cpp
 
Building target: Leet-LongestSubStringNotRepeatable
Invoking: MacOS X C++ Linker
g++  -o "Leet-LongestSubStringNotRepeatable"  ./src/Leet-LongestSubStringNotRepeatable.o   
Finished building target: Leet-LongestSubStringNotRepeatable
 
00:11:49 **** Incremental Build of configuration Debug for project Leet-LongestSubStringNotRepeatable ****
make all 
Building file: ../src/Leet-LongestSubStringNotRepeatable.cpp
Invoking: GCC C++ Compiler
g++ -O0 -g3 -Wall -c -fmessage-length=0 -MMD -MP -MF"src/Leet-LongestSubStringNotRepeatable.d" -MT"src/Leet-LongestSubStringNotRepeatable.o" -o "src/Leet-LongestSubStringNotRepeatable.o" "../src/Leet-LongestSubStringNotRepeatable.cpp"
../src/Leet-LongestSubStringNotRepeatable.cpp:24:15: warning: range-based for loop is a C++11 extension [-Wc++11-extensions]
                for (char c : s) {
                            ^
../src/Leet-LongestSubStringNotRepeatable.cpp:32:23: warning: variable 'start' is uninitialized when used here [-Wuninitialized]
                                count = max(end - start, count);
                                                  ^~~~~
../src/Leet-LongestSubStringNotRepeatable.cpp:21:19: note: initialize the variable 'start' to silence this warning
                int count, start,end= 0;
                                ^
                                 = 0
2 warnings generated.
Finished building: ../src/Leet-LongestSubStringNotRepeatable.cpp
 
Building target: Leet-LongestSubStringNotRepeatable
Invoking: MacOS X C++ Linker
g++  -o "Leet-LongestSubStringNotRepeatable"  ./src/Leet-LongestSubStringNotRepeatable.o   
Finished building target: Leet-LongestSubStringNotRepeatable
 
00:11:51 **** Incremental Build of configuration Debug for project Leet-LongestSubStringNotRepeatable ****
make all 
make: Nothing to be done for `all'.
00:12:23 **** Incremental Build of configuration Debug for project Leet-LongestSubStringNotRepeatable ****
make all 
Building file: ../src/Leet-LongestSubStringNotRepeatable.cpp
Invoking: GCC C++ Compiler
g++ -O0 -g3 -Wall -c -fmessage-length=0 -MMD -MP -MF"src/Leet-LongestSubStringNotRepeatable.d" -MT"src/Leet-LongestSubStringNotRepeatable.o" -o "src/Leet-LongestSubStringNotRepeatable.o" "../src/Leet-LongestSubStringNotRepeatable.cpp"
../src/Leet-LongestSubStringNotRepeatable.cpp:24:15: warning: range-based for loop is a C++11 extension [-Wc++11-extensions]
                for (char c : s) {
                            ^
../src/Leet-LongestSubStringNotRepeatable.cpp:33:23: warning: variable 'start' is uninitialized when used here [-Wuninitialized]
                                count = max(end - start, count);
                                                  ^~~~~
../src/Leet-LongestSubStringNotRepeatable.cpp:21:19: note: initialize the variable 'start' to silence this warning
                int count, start,end= 0;
                                ^
                                 = 0
2 warnings generated.
Finished building: ../src/Leet-LongestSubStringNotRepeatable.cpp
 
Building target: Leet-LongestSubStringNotRepeatable
Invoking: MacOS X C++ Linker
g++  -o "Leet-LongestSubStringNotRepeatable"  ./src/Leet-LongestSubStringNotRepeatable.o   
Finished building target: Leet-LongestSubStringNotRepeatable
 
00:13:05 **** Incremental Build of configuration Debug for project Leet-LongestSubStringNotRepeatable ****
make all 
make: Nothing to be done for `all'.
00:13:06 **** Incremental Build of configuration Debug for project Leet-LongestSubStringNotRepeatable ****
make all 
make: Nothing to be done for `all'.
00:13:07 **** Incremental Build of configuration Debug for project Leet-LongestSubStringNotRepeatable ****
make all 
make: Nothing to be done for `all'.
00:13:08 **** Incremental Build of configuration Debug for project Leet-LongestSubStringNotRepeatable ****
make all 
make: Nothing to be done for `all'.
00:13:08 **** Incremental Build of configuration Debug for project Leet-LongestSubStringNotRepeatable ****
make all 
make: Nothing to be done for `all'.
00:13:08 **** Incremental Build of configuration Debug for project Leet-LongestSubStringNotRepeatable ****
make all 
make: Nothing to be done for `all'.
00:13:09 **** Incremental Build of configuration Debug for project Leet-LongestSubStringNotRepeatable ****
make all 
make: Nothing to be done for `all'.
00:13:09 **** Incremental Build of configuration Debug for project Leet-LongestSubStringNotRepeatable ****
make all 
make: Nothing to be done for `all'.
00:13:09 **** Incremental Build of configuration Debug for project Leet-LongestSubStringNotRepeatable ****
make all 
make: Nothing to be done for `all'.
00:13:09 **** Incremental Build of configuration Debug for project Leet-LongestSubStringNotRepeatable ****
make all 
make: Nothing to be done for `all'.
00:13:09 **** Incremental Build of configuration Debug for project Leet-LongestSubStringNotRepeatable ****
make all 
make: Nothing to be done for `all'.
00:13:10 **** Incremental Build of configuration Debug for project Leet-LongestSubStringNotRepeatable ****
make all 
make: Nothing to be done for `all'.
00:13:10 **** Incremental Build of configuration Debug for project Leet-LongestSubStringNotRepeatable ****
make all 
make: Nothing to be done for `all'.
00:13:10 **** Incremental Build of configuration Debug for project Leet-LongestSubStringNotRepeatable ****
make all 
make: Nothing to be done for `all'.
00:13:10 **** Incremental Build of configuration Debug for project Leet-LongestSubStringNotRepeatable ****
make all 
make: Nothing to be done for `all'.
00:13:10 **** Incremental Build of configuration Debug for project Leet-LongestSubStringNotRepeatable ****
make all 
make: Nothing to be done for `all'.
00:13:10 **** Incremental Build of configuration Debug for project Leet-LongestSubStringNotRepeatable ****
make all 
make: Nothing to be done for `all'.
00:13:11 **** Incremental Build of configuration Debug for project Leet-LongestSubStringNotRepeatable ****
make all 
make: Nothing to be done for `all'.
00:13:11 **** Incremental Build of configuration Debug for project Leet-LongestSubStringNotRepeatable ****
make all 
make: Nothing to be done for `all'.
00:13:11 **** Incremental Build of configuration Debug for project Leet-LongestSubStringNotRepeatable ****
make all 
make: Nothing to be done for `all'.
00:13:13 **** Incremental Build of configuration Debug for project Leet-LongestSubStringNotRepeatable ****
make all 
make: Nothing to be done for `all'.
00:13:48 **** Incremental Build of configuration Debug for project Leet-LongestSubStringNotRepeatable ****
make all 
Building file: ../src/Leet-LongestSubStringNotRepeatable.cpp
Invoking: GCC C++ Compiler
g++ -O0 -g3 -Wall -c -fmessage-length=0 -MMD -MP -MF"src/Leet-LongestSubStringNotRepeatable.d" -MT"src/Leet-LongestSubStringNotRepeatable.o" -o "src/Leet-LongestSubStringNotRepeatable.o" "../src/Leet-LongestSubStringNotRepeatable.cpp"
../src/Leet-LongestSubStringNotRepeatable.cpp:24:15: warning: range-based for loop is a C++11 extension [-Wc++11-extensions]
                for (char c : s) {
                            ^
../src/Leet-LongestSubStringNotRepeatable.cpp:33:23: warning: variable 'start' is uninitialized when used here [-Wuninitialized]
                                count = max(end - start, count);
                                                  ^~~~~
../src/Leet-LongestSubStringNotRepeatable.cpp:21:19: note: initialize the variable 'start' to silence this warning
                int count, start,end= 0;
                                ^
                                 = 0
2 warnings generated.
Finished building: ../src/Leet-LongestSubStringNotRepeatable.cpp
 
Building target: Leet-LongestSubStringNotRepeatable
Invoking: MacOS X C++ Linker
g++  -o "Leet-LongestSubStringNotRepeatable"  ./src/Leet-LongestSubStringNotRepeatable.o   
Finished building target: Leet-LongestSubStringNotRepeatable
 
00:17:20 **** Incremental Build of configuration Debug for project Leet-LongestSubStringNotRepeatable ****
make all 
Building file: ../src/Leet-LongestSubStringNotRepeatable.cpp
Invoking: GCC C++ Compiler
g++ -O0 -g3 -Wall -c -fmessage-length=0 -MMD -MP -MF"src/Leet-LongestSubStringNotRepeatable.d" -MT"src/Leet-LongestSubStringNotRepeatable.o" -o "src/Leet-LongestSubStringNotRepeatable.o" "../src/Leet-LongestSubStringNotRepeatable.cpp"
../src/Leet-LongestSubStringNotRepeatable.cpp:24:15: warning: range-based for loop is a C++11 extension [-Wc++11-extensions]
                for (char c : s) {
                            ^
../src/Leet-LongestSubStringNotRepeatable.cpp:33:23: warning: variable 'start' is uninitialized when used here [-Wuninitialized]
                                count = max(end - start, count);
                                                  ^~~~~
../src/Leet-LongestSubStringNotRepeatable.cpp:21:19: note: initialize the variable 'start' to silence this warning
                int count, start,end= 0;
                                ^
                                 = 0
2 warnings generated.
Finished building: ../src/Leet-LongestSubStringNotRepeatable.cpp
 
Building target: Leet-LongestSubStringNotRepeatable
Invoking: MacOS X C++ Linker
g++  -o "Leet-LongestSubStringNotRepeatable"  ./src/Leet-LongestSubStringNotRepeatable.o   
Finished building target: Leet-LongestSubStringNotRepeatable
 
00:17:59 **** Incremental Build of configuration Debug for project Leet-LongestSubStringNotRepeatable ****
make all 
make: Nothing to be done for `all'.
00:18:01 **** Incremental Build of configuration Debug for project Leet-LongestSubStringNotRepeatable ****
make all 
make: Nothing to be done for `all'.
00:18:02 **** Incremental Build of configuration Debug for project Leet-LongestSubStringNotRepeatable ****
make all 
make: Nothing to be done for `all'.
00:18:02 **** Incremental Build of configuration Debug for project Leet-LongestSubStringNotRepeatable ****
make all 
make: Nothing to be done for `all'.
00:18:02 **** Incremental Build of configuration Debug for project Leet-LongestSubStringNotRepeatable ****
make all 
make: Nothing to be done for `all'.
00:18:02 **** Incremental Build of configuration Debug for project Leet-LongestSubStringNotRepeatable ****
make all 
make: Nothing to be done for `all'.
00:18:02 **** Incremental Build of configuration Debug for project Leet-LongestSubStringNotRepeatable ****
make all 
make: Nothing to be done for `all'.
00:18:25 **** Incremental Build of configuration Debug for project Leet-LongestSubStringNotRepeatable ****
make all 
make: Nothing to be done for `all'.
00:18:53 **** Incremental Build of configuration Debug for project Leet-LongestSubStringNotRepeatable ****
make all 
make: Nothing to be done for `all'.
00:19:29 **** Incremental Build of configuration Debug for project Leet-LongestSubStringNotRepeatable ****
make all 
Building file: ../src/Leet-LongestSubStringNotRepeatable.cpp
Invoking: GCC C++ Compiler
g++ -O0 -g3 -Wall -c -fmessage-length=0 -MMD -MP -MF"src/Leet-LongestSubStringNotRepeatable.d" -MT"src/Leet-LongestSubStringNotRepeatable.o" -o "src/Leet-LongestSubStringNotRepeatable.o" "../src/Leet-LongestSubStringNotRepeatable.cpp"
../src/Leet-LongestSubStringNotRepeatable.cpp:24:15: warning: range-based for loop is a C++11 extension [-Wc++11-extensions]
                for (char c : s) {
                            ^
../src/Leet-LongestSubStringNotRepeatable.cpp:33:23: warning: variable 'start' is uninitialized when used here [-Wuninitialized]
                                count = max(end - start, count);
                                                  ^~~~~
../src/Leet-LongestSubStringNotRepeatable.cpp:21:19: note: initialize the variable 'start' to silence this warning
                int count, start,end= 0;
                                ^
                                 = 0
2 warnings generated.
Finished building: ../src/Leet-LongestSubStringNotRepeatable.cpp
 
Building target: Leet-LongestSubStringNotRepeatable
Invoking: MacOS X C++ Linker
g++  -o "Leet-LongestSubStringNotRepeatable"  ./src/Leet-LongestSubStringNotRepeatable.o   
Finished building target: Leet-LongestSubStringNotRepeatable
 
00:19:33 **** Incremental Build of configuration Debug for project Leet-LongestSubStringNotRepeatable ****
make all 
make: Nothing to be done for `all'.
00:20:08 **** Incremental Build of configuration Debug for project Leet-LongestSubStringNotRepeatable ****
make all 
make: Nothing to be done for `all'.
00:20:10 **** Incremental Build of configuration Debug for project Leet-LongestSubStringNotRepeatable ****
make all 
make: Nothing to be done for `all'.
00:20:11 **** Incremental Build of configuration Debug for project Leet-LongestSubStringNotRepeatable ****
make all 
make: Nothing to be done for `all'.
00:20:14 **** Incremental Build of configuration Debug for project Leet-LongestSubStringNotRepeatable ****
make all 
make: Nothing to be done for `all'.
00:21:25 **** Incremental Build of configuration Debug for project Leet-LongestSubStringNotRepeatable ****
make all 
Building file: ../src/Leet-LongestSubStringNotRepeatable.cpp
Invoking: GCC C++ Compiler
g++ -O0 -g3 -Wall -c -fmessage-length=0 -MMD -MP -MF"src/Leet-LongestSubStringNotRepeatable.d" -MT"src/Leet-LongestSubStringNotRepeatable.o" -o "src/Leet-LongestSubStringNotRepeatable.o" "../src/Leet-LongestSubStringNotRepeatable.cpp"
../src/Leet-LongestSubStringNotRepeatable.cpp:24:15: warning: range-based for loop is a C++11 extension [-Wc++11-extensions]
                for (char c : s) {
                            ^
../src/Leet-LongestSubStringNotRepeatable.cpp:33:23: warning: variable 'start' is uninitialized when used here [-Wuninitialized]
                                count = max(end - start, count);
                                                  ^~~~~
../src/Leet-LongestSubStringNotRepeatable.cpp:21:19: note: initialize the variable 'start' to silence this warning
                int count, start,end= 0;
                                ^
                                 = 0
2 warnings generated.
Finished building: ../src/Leet-LongestSubStringNotRepeatable.cpp
 
Building target: Leet-LongestSubStringNotRepeatable
Invoking: MacOS X C++ Linker
g++  -o "Leet-LongestSubStringNotRepeatable"  ./src/Leet-LongestSubStringNotRepeatable.o   
Finished building target: Leet-LongestSubStringNotRepeatable
 
00:22:42 **** Incremental Build of configuration Debug for project Leet-LongestSubStringNotRepeatable ****
make all 
Building file: ../src/Leet-LongestSubStringNotRepeatable.cpp
Invoking: GCC C++ Compiler
g++ -O0 -g3 -Wall -c -fmessage-length=0 -MMD -MP -MF"src/Leet-LongestSubStringNotRepeatable.d" -MT"src/Leet-LongestSubStringNotRepeatable.o" -o "src/Leet-LongestSubStringNotRepeatable.o" "../src/Leet-LongestSubStringNotRepeatable.cpp"
../src/Leet-LongestSubStringNotRepeatable.cpp:26:15: warning: range-based for loop is a C++11 extension [-Wc++11-extensions]
                for (char c : s) {
                            ^
1 warning generated.
Finished building: ../src/Leet-LongestSubStringNotRepeatable.cpp
 
Building target: Leet-LongestSubStringNotRepeatable
Invoking: MacOS X C++ Linker
g++  -o "Leet-LongestSubStringNotRepeatable"  ./src/Leet-LongestSubStringNotRepeatable.o   
Finished building target: Leet-LongestSubStringNotRepeatable
 
00:22:49 **** Incremental Build of configuration Debug for project Leet-LongestSubStringNotRepeatable ****
make all 
make: Nothing to be done for `all'.
00:23:55 **** Incremental Build of configuration Debug for project Leet-LongestSubStringNotRepeatable ****
make all 
Building file: ../src/Leet-LongestSubStringNotRepeatable.cpp
Invoking: GCC C++ Compiler
g++ -O0 -g3 -Wall -c -fmessage-length=0 -MMD -MP -MF"src/Leet-LongestSubStringNotRepeatable.d" -MT"src/Leet-LongestSubStringNotRepeatable.o" -o "src/Leet-LongestSubStringNotRepeatable.o" "../src/Leet-LongestSubStringNotRepeatable.cpp"
../src/Leet-LongestSubStringNotRepeatable.cpp:26:15: warning: range-based for loop is a C++11 extension [-Wc++11-extensions]
                for (char c : s) {
                            ^
1 warning generated.
Finished building: ../src/Leet-LongestSubStringNotRepeatable.cpp
 
Building target: Leet-LongestSubStringNotRepeatable
Invoking: MacOS X C++ Linker
g++  -o "Leet-LongestSubStringNotRepeatable"  ./src/Leet-LongestSubStringNotRepeatable.o   
Finished building target: Leet-LongestSubStringNotRepeatable
 
00:25:22 **** Incremental Build of configuration Debug for project Leet-LongestSubStringNotRepeatable ****
make all 
Building file: ../src/Leet-LongestSubStringNotRepeatable.cpp
Invoking: GCC C++ Compiler
g++ -O0 -g3 -Wall -c -fmessage-length=0 -MMD -MP -MF"src/Leet-LongestSubStringNotRepeatable.d" -MT"src/Leet-LongestSubStringNotRepeatable.o" -o "src/Leet-LongestSubStringNotRepeatable.o" "../src/Leet-LongestSubStringNotRepeatable.cpp"
../src/Leet-LongestSubStringNotRepeatable.cpp:25:15: warning: range-based for loop is a C++11 extension [-Wc++11-extensions]
                for (char c : s) {
                            ^
1 warning generated.
Finished building: ../src/Leet-LongestSubStringNotRepeatable.cpp
 
Building target: Leet-LongestSubStringNotRepeatable
Invoking: MacOS X C++ Linker
g++  -o "Leet-LongestSubStringNotRepeatable"  ./src/Leet-LongestSubStringNotRepeatable.o   
Finished building target: Leet-LongestSubStringNotRepeatable
 
00:26:50 **** Incremental Build of configuration Debug for project Leet-LongestSubStringNotRepeatable ****
make all 
Building file: ../src/Leet-LongestSubStringNotRepeatable.cpp
Invoking: GCC C++ Compiler
g++ -O0 -g3 -Wall -c -fmessage-length=0 -MMD -MP -MF"src/Leet-LongestSubStringNotRepeatable.d" -MT"src/Leet-LongestSubStringNotRepeatable.o" -o "src/Leet-LongestSubStringNotRepeatable.o" "../src/Leet-LongestSubStringNotRepeatable.cpp"
../src/Leet-LongestSubStringNotRepeatable.cpp:25:15: warning: range-based for loop is a C++11 extension [-Wc++11-extensions]
                for (char c : s) {
                            ^
1 warning generated.
Finished building: ../src/Leet-LongestSubStringNotRepeatable.cpp
 
Building target: Leet-LongestSubStringNotRepeatable
Invoking: MacOS X C++ Linker
g++  -o "Leet-LongestSubStringNotRepeatable"  ./src/Leet-LongestSubStringNotRepeatable.o   
Finished building target: Leet-LongestSubStringNotRepeatable
 
00:31:32 **** Incremental Build of configuration Debug for project Leet-LongestSubStringNotRepeatable ****
make all 
Building file: ../src/Leet-LongestSubStringNotRepeatable.cpp
Invoking: GCC C++ Compiler
g++ -O0 -g3 -Wall -c -fmessage-length=0 -MMD -MP -MF"src/Leet-LongestSubStringNotRepeatable.d" -MT"src/Leet-LongestSubStringNotRepeatable.o" -o "src/Leet-LongestSubStringNotRepeatable.o" "../src/Leet-LongestSubStringNotRepeatable.cpp"
../src/Leet-LongestSubStringNotRepeatable.cpp:25:15: warning: range-based for loop is a C++11 extension [-Wc++11-extensions]
                for (char c : s) {
                            ^
1 warning generated.
Finished building: ../src/Leet-LongestSubStringNotRepeatable.cpp
 
Building target: Leet-LongestSubStringNotRepeatable
Invoking: MacOS X C++ Linker
g++  -o "Leet-LongestSubStringNotRepeatable"  ./src/Leet-LongestSubStringNotRepeatable.o   
Finished building target: Leet-LongestSubStringNotRepeatable
 
00:32:12 **** Incremental Build of configuration Debug for project Leet-LongestSubStringNotRepeatable ****
make all 
Building file: ../src/Leet-LongestSubStringNotRepeatable.cpp
Invoking: GCC C++ Compiler
g++ -O0 -g3 -Wall -c -fmessage-length=0 -MMD -MP -MF"src/Leet-LongestSubStringNotRepeatable.d" -MT"src/Leet-LongestSubStringNotRepeatable.o" -o "src/Leet-LongestSubStringNotRepeatable.o" "../src/Leet-LongestSubStringNotRepeatable.cpp"
../src/Leet-LongestSubStringNotRepeatable.cpp:25:15: warning: range-based for loop is a C++11 extension [-Wc++11-extensions]
                for (char c : s) {
                            ^
../src/Leet-LongestSubStringNotRepeatable.cpp:39:12: error: expected expression
                                cout <<< "at end" << end << start << endl;
                                       ^
../src/Leet-LongestSubStringNotRepeatable.cpp:39:23: error: invalid operands to binary expression ('const char *' and 'int')
                                cout <<< "at end" << end << start << endl;
                                         ~~~~~~~~ ^  ~~~
1 warning and 2 errors generated.
make: *** [src/Leet-LongestSubStringNotRepeatable.o] Error 1
00:32:29 **** Incremental Build of configuration Debug for project Leet-LongestSubStringNotRepeatable ****
make all 
Building file: ../src/Leet-LongestSubStringNotRepeatable.cpp
Invoking: GCC C++ Compiler
g++ -O0 -g3 -Wall -c -fmessage-length=0 -MMD -MP -MF"src/Leet-LongestSubStringNotRepeatable.d" -MT"src/Leet-LongestSubStringNotRepeatable.o" -o "src/Leet-LongestSubStringNotRepeatable.o" "../src/Leet-LongestSubStringNotRepeatable.cpp"
../src/Leet-LongestSubStringNotRepeatable.cpp:25:15: warning: range-based for loop is a C++11 extension [-Wc++11-extensions]
                for (char c : s) {
                            ^
1 warning generated.
Finished building: ../src/Leet-LongestSubStringNotRepeatable.cpp
 
Building target: Leet-LongestSubStringNotRepeatable
Invoking: MacOS X C++ Linker
g++  -o "Leet-LongestSubStringNotRepeatable"  ./src/Leet-LongestSubStringNotRepeatable.o   
Finished building target: Leet-LongestSubStringNotRepeatable
 
00:32:41 **** Incremental Build of configuration Debug for project Leet-LongestSubStringNotRepeatable ****
make all 
make: Nothing to be done for `all'.
00:32:46 **** Incremental Build of configuration Debug for project Leet-LongestSubStringNotRepeatable ****
make all 
make: Nothing to be done for `all'.
00:34:54 **** Incremental Build of configuration Debug for project Leet-LongestSubStringNotRepeatable ****
make all 
Building file: ../src/Leet-LongestSubStringNotRepeatable.cpp
Invoking: GCC C++ Compiler
g++ -O0 -g3 -Wall -c -fmessage-length=0 -MMD -MP -MF"src/Leet-LongestSubStringNotRepeatable.d" -MT"src/Leet-LongestSubStringNotRepeatable.o" -o "src/Leet-LongestSubStringNotRepeatable.o" "../src/Leet-LongestSubStringNotRepeatable.cpp"
../src/Leet-LongestSubStringNotRepeatable.cpp:25:15: warning: range-based for loop is a C++11 extension [-Wc++11-extensions]
                for (char c : s) {
                            ^
1 warning generated.
Finished building: ../src/Leet-LongestSubStringNotRepeatable.cpp
 
Building target: Leet-LongestSubStringNotRepeatable
Invoking: MacOS X C++ Linker
g++  -o "Leet-LongestSubStringNotRepeatable"  ./src/Leet-LongestSubStringNotRepeatable.o   
Finished building target: Leet-LongestSubStringNotRepeatable
 
21:12:35 **** Build of configuration Debug for project Leet-BiggestBucketOfWater ****
make all 
Building file: ../src/Leet-BiggestBucketOfWater.cpp
Invoking: GCC C++ Compiler
g++ -O0 -g3 -Wall -c -fmessage-length=0 -MMD -MP -MF"src/Leet-BiggestBucketOfWater.d" -MT"src/Leet-BiggestBucketOfWater.o" -o "src/Leet-BiggestBucketOfWater.o" "../src/Leet-BiggestBucketOfWater.cpp"
../src/Leet-BiggestBucketOfWater.cpp:20:10: warning: 'auto' type specifier is a C++11 extension [-Wc++11-extensions]
        for(auto i : height){
            ^
../src/Leet-BiggestBucketOfWater.cpp:20:17: warning: range-based for loop is a C++11 extension [-Wc++11-extensions]
        for(auto i : height){
                   ^
../src/Leet-BiggestBucketOfWater.cpp:21:11: warning: 'auto' type specifier is a C++11 extension [-Wc++11-extensions]
                for(auto j = i; j != height.end(); j++) {
                    ^
../src/Leet-BiggestBucketOfWater.cpp:21:25: error: invalid operands to binary expression ('int' and 'iterator' (aka '__wrap_iter<pointer>'))
                for(auto j = i; j != height.end(); j++) {
                                ~ ^  ~~~~~~~~~~~~
../src/Leet-BiggestBucketOfWater.cpp:23:37: error: indirection requires pointer operand ('int' invalid)
                        max_area = max(max_area, min(*j , *i) * (j-i));
                                                     ^~
../src/Leet-BiggestBucketOfWater.cpp:35:20: error: non-const lvalue reference to type 'vector<int>' cannot bind to a temporary of type 'vector<int> *'
        cout << s.maxArea(new vector<int>())
                          ^~~~~~~~~~~~~~~~~
../src/Leet-BiggestBucketOfWater.cpp:17:30: note: passing argument to parameter 'height' here
    int maxArea(vector<int>& height) {
                             ^
3 warnings and 3 errors generated.
make: *** [src/Leet-BiggestBucketOfWater.o] Error 1
21:12:57 **** Incremental Build of configuration Debug for project Leet-BiggestBucketOfWater ****
make all 
Building file: ../src/Leet-BiggestBucketOfWater.cpp
Invoking: GCC C++ Compiler
g++ -O0 -g3 -Wall -c -fmessage-length=0 -MMD -MP -MF"src/Leet-BiggestBucketOfWater.d" -MT"src/Leet-BiggestBucketOfWater.o" -o "src/Leet-BiggestBucketOfWater.o" "../src/Leet-BiggestBucketOfWater.cpp"
../src/Leet-BiggestBucketOfWater.cpp:19:10: warning: 'auto' type specifier is a C++11 extension [-Wc++11-extensions]
        for(auto i : height){
            ^
../src/Leet-BiggestBucketOfWater.cpp:19:17: warning: range-based for loop is a C++11 extension [-Wc++11-extensions]
        for(auto i : height){
                   ^
../src/Leet-BiggestBucketOfWater.cpp:20:11: warning: 'auto' type specifier is a C++11 extension [-Wc++11-extensions]
                for(auto j = i + 1; j != height.end(); j++) {
                    ^
../src/Leet-BiggestBucketOfWater.cpp:20:29: error: invalid operands to binary expression ('int' and 'iterator' (aka '__wrap_iter<pointer>'))
                for(auto j = i + 1; j != height.end(); j++) {
                                    ~ ^  ~~~~~~~~~~~~
../src/Leet-BiggestBucketOfWater.cpp:21:37: error: indirection requires pointer operand ('int' invalid)
                        max_area = max(max_area, min(*j , *i) * (j-i));
                                                     ^~
../src/Leet-BiggestBucketOfWater.cpp:33:20: error: non-const lvalue reference to type 'vector<int>' cannot bind to a temporary of type 'vector<int> *'
        cout << s.maxArea(new vector<int>())
                          ^~~~~~~~~~~~~~~~~
../src/Leet-BiggestBucketOfWater.cpp:16:30: note: passing argument to parameter 'height' here
    int maxArea(vector<int>& height) {
                             ^
3 warnings and 3 errors generated.
make: *** [src/Leet-BiggestBucketOfWater.o] Error 1
21:13:57 **** Incremental Build of configuration Debug for project Leet-BiggestBucketOfWater ****
make all 
Building file: ../src/Leet-BiggestBucketOfWater.cpp
Invoking: GCC C++ Compiler
g++ -O0 -g3 -Wall -c -fmessage-length=0 -MMD -MP -MF"src/Leet-BiggestBucketOfWater.d" -MT"src/Leet-BiggestBucketOfWater.o" -o "src/Leet-BiggestBucketOfWater.o" "../src/Leet-BiggestBucketOfWater.cpp"
../src/Leet-BiggestBucketOfWater.cpp:22:15: warning: range-based for loop is a C++11 extension [-Wc++11-extensions]
        for(vi i : height){
                 ^
../src/Leet-BiggestBucketOfWater.cpp:22:13: error: no viable conversion from 'int' to 'vi' (aka '__wrap_iter<pointer>')
        for(vi i : height){
               ^ ~
/Applications/Xcode.app/Contents/Developer/Toolchains/XcodeDefault.xctoolchain/usr/bin/../include/c++/v1/iterator:1220:31: note: candidate constructor not viable: no known conversion from 'int' to 'iterator_type' (aka 'int *') for 1st argument; take the address of the argument with &
    _LIBCPP_INLINE_VISIBILITY __wrap_iter(iterator_type __x) _NOEXCEPT : __i(__x) {}
                              ^
/Applications/Xcode.app/Contents/Developer/Toolchains/XcodeDefault.xctoolchain/usr/bin/../include/c++/v1/iterator:1097:7: note: candidate constructor (the implicit copy constructor) not viable: no known conversion from 'int' to 'const std::__1::__wrap_iter<int *> &' for 1st argument
class __wrap_iter
      ^
/Applications/Xcode.app/Contents/Developer/Toolchains/XcodeDefault.xctoolchain/usr/bin/../include/c++/v1/iterator:1118:52: note: candidate template ignored: could not match '__wrap_iter<type-parameter-0-0>' against 'int'
    template <class _Up> _LIBCPP_INLINE_VISIBILITY __wrap_iter(const __wrap_iter<_Up>& __u,
                                                   ^
/Applications/Xcode.app/Contents/Developer/Toolchains/XcodeDefault.xctoolchain/usr/bin/../include/c++/v1/vector:623:54: note: selected 'begin' function with iterator type 'iterator' (aka '__wrap_iter<pointer>')
    _LIBCPP_INLINE_VISIBILITY iterator               begin() _NOEXCEPT;
                                                     ^
../src/Leet-BiggestBucketOfWater.cpp:36:20: error: non-const lvalue reference to type 'vector<int>' cannot bind to a temporary of type 'vector<int> *'
        cout << s.maxArea(new vector<int>())
                          ^~~~~~~~~~~~~~~~~
../src/Leet-BiggestBucketOfWater.cpp:19:30: note: passing argument to parameter 'height' here
    int maxArea(vector<int>& height) {
                             ^
1 warning and 2 errors generated.
make: *** [src/Leet-BiggestBucketOfWater.o] Error 1
21:13:59 **** Incremental Build of configuration Debug for project Leet-BiggestBucketOfWater ****
make all 
Building file: ../src/Leet-BiggestBucketOfWater.cpp
Invoking: GCC C++ Compiler
g++ -O0 -g3 -Wall -c -fmessage-length=0 -MMD -MP -MF"src/Leet-BiggestBucketOfWater.d" -MT"src/Leet-BiggestBucketOfWater.o" -o "src/Leet-BiggestBucketOfWater.o" "../src/Leet-BiggestBucketOfWater.cpp"
../src/Leet-BiggestBucketOfWater.cpp:22:15: warning: range-based for loop is a C++11 extension [-Wc++11-extensions]
        for(vi i : height){
                 ^
../src/Leet-BiggestBucketOfWater.cpp:22:13: error: no viable conversion from 'int' to 'vi' (aka '__wrap_iter<pointer>')
        for(vi i : height){
               ^ ~
/Applications/Xcode.app/Contents/Developer/Toolchains/XcodeDefault.xctoolchain/usr/bin/../include/c++/v1/iterator:1220:31: note: candidate constructor not viable: no known conversion from 'int' to 'iterator_type' (aka 'int *') for 1st argument; take the address of the argument with &
    _LIBCPP_INLINE_VISIBILITY __wrap_iter(iterator_type __x) _NOEXCEPT : __i(__x) {}
                              ^
/Applications/Xcode.app/Contents/Developer/Toolchains/XcodeDefault.xctoolchain/usr/bin/../include/c++/v1/iterator:1097:7: note: candidate constructor (the implicit copy constructor) not viable: no known conversion from 'int' to 'const std::__1::__wrap_iter<int *> &' for 1st argument
class __wrap_iter
      ^
/Applications/Xcode.app/Contents/Developer/Toolchains/XcodeDefault.xctoolchain/usr/bin/../include/c++/v1/iterator:1118:52: note: candidate template ignored: could not match '__wrap_iter<type-parameter-0-0>' against 'int'
    template <class _Up> _LIBCPP_INLINE_VISIBILITY __wrap_iter(const __wrap_iter<_Up>& __u,
                                                   ^
/Applications/Xcode.app/Contents/Developer/Toolchains/XcodeDefault.xctoolchain/usr/bin/../include/c++/v1/vector:623:54: note: selected 'begin' function with iterator type 'iterator' (aka '__wrap_iter<pointer>')
    _LIBCPP_INLINE_VISIBILITY iterator               begin() _NOEXCEPT;
                                                     ^
../src/Leet-BiggestBucketOfWater.cpp:36:20: error: non-const lvalue reference to type 'vector<int>' cannot bind to a temporary of type 'vector<int> *'
        cout << s.maxArea(new vector<int>())
                          ^~~~~~~~~~~~~~~~~
../src/Leet-BiggestBucketOfWater.cpp:19:30: note: passing argument to parameter 'height' here
    int maxArea(vector<int>& height) {
                             ^
1 warning and 2 errors generated.
make: *** [src/Leet-BiggestBucketOfWater.o] Error 1
21:14:32 **** Incremental Build of configuration Debug for project Leet-BiggestBucketOfWater ****
make all 
Building file: ../src/Leet-BiggestBucketOfWater.cpp
Invoking: GCC C++ Compiler
g++ -O0 -g3 -Wall -c -fmessage-length=0 -MMD -MP -MF"src/Leet-BiggestBucketOfWater.d" -MT"src/Leet-BiggestBucketOfWater.o" -o "src/Leet-BiggestBucketOfWater.o" "../src/Leet-BiggestBucketOfWater.cpp"
../src/Leet-BiggestBucketOfWater.cpp:22:15: warning: range-based for loop is a C++11 extension [-Wc++11-extensions]
        for(vi i : height){
                 ^
../src/Leet-BiggestBucketOfWater.cpp:22:13: error: no viable conversion from 'int' to 'vi' (aka '__wrap_iter<pointer>')
        for(vi i : height){
               ^ ~
/Applications/Xcode.app/Contents/Developer/Toolchains/XcodeDefault.xctoolchain/usr/bin/../include/c++/v1/iterator:1220:31: note: candidate constructor not viable: no known conversion from 'int' to 'iterator_type' (aka 'int *') for 1st argument; take the address of the argument with &
    _LIBCPP_INLINE_VISIBILITY __wrap_iter(iterator_type __x) _NOEXCEPT : __i(__x) {}
                              ^
/Applications/Xcode.app/Contents/Developer/Toolchains/XcodeDefault.xctoolchain/usr/bin/../include/c++/v1/iterator:1097:7: note: candidate constructor (the implicit copy constructor) not viable: no known conversion from 'int' to 'const std::__1::__wrap_iter<int *> &' for 1st argument
class __wrap_iter
      ^
/Applications/Xcode.app/Contents/Developer/Toolchains/XcodeDefault.xctoolchain/usr/bin/../include/c++/v1/iterator:1118:52: note: candidate template ignored: could not match '__wrap_iter<type-parameter-0-0>' against 'int'
    template <class _Up> _LIBCPP_INLINE_VISIBILITY __wrap_iter(const __wrap_iter<_Up>& __u,
                                                   ^
/Applications/Xcode.app/Contents/Developer/Toolchains/XcodeDefault.xctoolchain/usr/bin/../include/c++/v1/vector:623:54: note: selected 'begin' function with iterator type 'iterator' (aka '__wrap_iter<pointer>')
    _LIBCPP_INLINE_VISIBILITY iterator               begin() _NOEXCEPT;
                                                     ^
../src/Leet-BiggestBucketOfWater.cpp:36:20: error: non-const lvalue reference to type 'vector<int>' cannot bind to a temporary of type 'vector<int> *'
        cout << s.maxArea(new vector<int>())
                          ^~~~~~~~~~~~~~~~~
../src/Leet-BiggestBucketOfWater.cpp:19:30: note: passing argument to parameter 'height' here
    int maxArea(vector<int>& height) {
                             ^
1 warning and 2 errors generated.
make: *** [src/Leet-BiggestBucketOfWater.o] Error 1
21:14:34 **** Incremental Build of configuration Debug for project Leet-BiggestBucketOfWater ****
make all 
Building file: ../src/Leet-BiggestBucketOfWater.cpp
Invoking: GCC C++ Compiler
g++ -O0 -g3 -Wall -c -fmessage-length=0 -MMD -MP -MF"src/Leet-BiggestBucketOfWater.d" -MT"src/Leet-BiggestBucketOfWater.o" -o "src/Leet-BiggestBucketOfWater.o" "../src/Leet-BiggestBucketOfWater.cpp"
../src/Leet-BiggestBucketOfWater.cpp:22:15: warning: range-based for loop is a C++11 extension [-Wc++11-extensions]
        for(vi i : height){
                 ^
../src/Leet-BiggestBucketOfWater.cpp:22:13: error: no viable conversion from 'int' to 'vi' (aka '__wrap_iter<pointer>')
        for(vi i : height){
               ^ ~
/Applications/Xcode.app/Contents/Developer/Toolchains/XcodeDefault.xctoolchain/usr/bin/../include/c++/v1/iterator:1220:31: note: candidate constructor not viable: no known conversion from 'int' to 'iterator_type' (aka 'int *') for 1st argument; take the address of the argument with &
    _LIBCPP_INLINE_VISIBILITY __wrap_iter(iterator_type __x) _NOEXCEPT : __i(__x) {}
                              ^
/Applications/Xcode.app/Contents/Developer/Toolchains/XcodeDefault.xctoolchain/usr/bin/../include/c++/v1/iterator:1097:7: note: candidate constructor (the implicit copy constructor) not viable: no known conversion from 'int' to 'const std::__1::__wrap_iter<int *> &' for 1st argument
class __wrap_iter
      ^
/Applications/Xcode.app/Contents/Developer/Toolchains/XcodeDefault.xctoolchain/usr/bin/../include/c++/v1/iterator:1118:52: note: candidate template ignored: could not match '__wrap_iter<type-parameter-0-0>' against 'int'
    template <class _Up> _LIBCPP_INLINE_VISIBILITY __wrap_iter(const __wrap_iter<_Up>& __u,
                                                   ^
/Applications/Xcode.app/Contents/Developer/Toolchains/XcodeDefault.xctoolchain/usr/bin/../include/c++/v1/vector:623:54: note: selected 'begin' function with iterator type 'iterator' (aka '__wrap_iter<pointer>')
    _LIBCPP_INLINE_VISIBILITY iterator               begin() _NOEXCEPT;
                                                     ^
../src/Leet-BiggestBucketOfWater.cpp:36:20: error: non-const lvalue reference to type 'vector<int>' cannot bind to a temporary of type 'vector<int> *'
        cout << s.maxArea(new vector<int>())
                          ^~~~~~~~~~~~~~~~~
../src/Leet-BiggestBucketOfWater.cpp:19:30: note: passing argument to parameter 'height' here
    int maxArea(vector<int>& height) {
                             ^
1 warning and 2 errors generated.
make: *** [src/Leet-BiggestBucketOfWater.o] Error 1
21:14:36 **** Incremental Build of configuration Debug for project Leet-BiggestBucketOfWater ****
make all 
Building file: ../src/Leet-BiggestBucketOfWater.cpp
Invoking: GCC C++ Compiler
g++ -O0 -g3 -Wall -c -fmessage-length=0 -MMD -MP -MF"src/Leet-BiggestBucketOfWater.d" -MT"src/Leet-BiggestBucketOfWater.o" -o "src/Leet-BiggestBucketOfWater.o" "../src/Leet-BiggestBucketOfWater.cpp"
../src/Leet-BiggestBucketOfWater.cpp:24:19: error: no matching function for call to 'max'
                        max_area = max(max_area, min(*j , *i) * (j-i));
                                   ^~~
/Applications/Xcode.app/Contents/Developer/Toolchains/XcodeDefault.xctoolchain/usr/bin/../include/c++/v1/algorithm:2608:1: note: candidate template ignored: deduced conflicting types for parameter '_Tp' ('int' vs. 'long')
max(const _Tp& __a, const _Tp& __b)
^
/Applications/Xcode.app/Contents/Developer/Toolchains/XcodeDefault.xctoolchain/usr/bin/../include/c++/v1/algorithm:2600:1: note: candidate function template not viable: requires 3 arguments, but 2 were provided
max(const _Tp& __a, const _Tp& __b, _Compare __comp)
^
../src/Leet-BiggestBucketOfWater.cpp:36:20: error: non-const lvalue reference to type 'vector<int>' cannot bind to a temporary of type 'vector<int> *'
        cout << s.maxArea(new vector<int>())
                          ^~~~~~~~~~~~~~~~~
../src/Leet-BiggestBucketOfWater.cpp:19:30: note: passing argument to parameter 'height' here
    int maxArea(vector<int>& height) {
                             ^
2 errors generated.
make: *** [src/Leet-BiggestBucketOfWater.o] Error 1
21:14:39 **** Incremental Build of configuration Debug for project Leet-BiggestBucketOfWater ****
make all 
Building file: ../src/Leet-BiggestBucketOfWater.cpp
Invoking: GCC C++ Compiler
g++ -O0 -g3 -Wall -c -fmessage-length=0 -MMD -MP -MF"src/Leet-BiggestBucketOfWater.d" -MT"src/Leet-BiggestBucketOfWater.o" -o "src/Leet-BiggestBucketOfWater.o" "../src/Leet-BiggestBucketOfWater.cpp"
../src/Leet-BiggestBucketOfWater.cpp:24:19: error: no matching function for call to 'max'
                        max_area = max(max_area, min(*j , *i) * (j-i));
                                   ^~~
/Applications/Xcode.app/Contents/Developer/Toolchains/XcodeDefault.xctoolchain/usr/bin/../include/c++/v1/algorithm:2608:1: note: candidate template ignored: deduced conflicting types for parameter '_Tp' ('int' vs. 'long')
max(const _Tp& __a, const _Tp& __b)
^
/Applications/Xcode.app/Contents/Developer/Toolchains/XcodeDefault.xctoolchain/usr/bin/../include/c++/v1/algorithm:2600:1: note: candidate function template not viable: requires 3 arguments, but 2 were provided
max(const _Tp& __a, const _Tp& __b, _Compare __comp)
^
../src/Leet-BiggestBucketOfWater.cpp:36:20: error: non-const lvalue reference to type 'vector<int>' cannot bind to a temporary of type 'vector<int> *'
        cout << s.maxArea(new vector<int>())
                          ^~~~~~~~~~~~~~~~~
../src/Leet-BiggestBucketOfWater.cpp:19:30: note: passing argument to parameter 'height' here
    int maxArea(vector<int>& height) {
                             ^
2 errors generated.
make: *** [src/Leet-BiggestBucketOfWater.o] Error 1
21:14:52 **** Incremental Build of configuration Debug for project Leet-BiggestBucketOfWater ****
make all 
Building file: ../src/Leet-BiggestBucketOfWater.cpp
Invoking: GCC C++ Compiler
g++ -O0 -g3 -Wall -c -fmessage-length=0 -MMD -MP -MF"src/Leet-BiggestBucketOfWater.d" -MT"src/Leet-BiggestBucketOfWater.o" -o "src/Leet-BiggestBucketOfWater.o" "../src/Leet-BiggestBucketOfWater.cpp"
../src/Leet-BiggestBucketOfWater.cpp:24:19: error: no matching function for call to 'max'
                        max_area = max(max_area, min(*j , *i) * (j-i));
                                   ^~~
/Applications/Xcode.app/Contents/Developer/Toolchains/XcodeDefault.xctoolchain/usr/bin/../include/c++/v1/algorithm:2608:1: note: candidate template ignored: deduced conflicting types for parameter '_Tp' ('int' vs. 'long')
max(const _Tp& __a, const _Tp& __b)
^
/Applications/Xcode.app/Contents/Developer/Toolchains/XcodeDefault.xctoolchain/usr/bin/../include/c++/v1/algorithm:2600:1: note: candidate function template not viable: requires 3 arguments, but 2 were provided
max(const _Tp& __a, const _Tp& __b, _Compare __comp)
^
../src/Leet-BiggestBucketOfWater.cpp:36:20: error: non-const lvalue reference to type 'vector<int>' cannot bind to a temporary of type 'vector<int> *'
        cout << s.maxArea(new vector<int>())
                          ^~~~~~~~~~~~~~~~~
../src/Leet-BiggestBucketOfWater.cpp:19:30: note: passing argument to parameter 'height' here
    int maxArea(vector<int>& height) {
                             ^
2 errors generated.
make: *** [src/Leet-BiggestBucketOfWater.o] Error 1
21:15:01 **** Incremental Build of configuration Debug for project Leet-BiggestBucketOfWater ****
make all 
Building file: ../src/Leet-BiggestBucketOfWater.cpp
Invoking: GCC C++ Compiler
g++ -O0 -g3 -Wall -c -fmessage-length=0 -MMD -MP -MF"src/Leet-BiggestBucketOfWater.d" -MT"src/Leet-BiggestBucketOfWater.o" -o "src/Leet-BiggestBucketOfWater.o" "../src/Leet-BiggestBucketOfWater.cpp"
../src/Leet-BiggestBucketOfWater.cpp:24:19: error: no matching function for call to 'max'
                        max_area = std::max(max_area, min(*j , *i) * (j-i));
                                   ^~~~~~~~
/Applications/Xcode.app/Contents/Developer/Toolchains/XcodeDefault.xctoolchain/usr/bin/../include/c++/v1/algorithm:2608:1: note: candidate template ignored: deduced conflicting types for parameter '_Tp' ('int' vs. 'long')
max(const _Tp& __a, const _Tp& __b)
^
/Applications/Xcode.app/Contents/Developer/Toolchains/XcodeDefault.xctoolchain/usr/bin/../include/c++/v1/algorithm:2600:1: note: candidate function template not viable: requires 3 arguments, but 2 were provided
max(const _Tp& __a, const _Tp& __b, _Compare __comp)
^
../src/Leet-BiggestBucketOfWater.cpp:36:20: error: non-const lvalue reference to type 'vector<int>' cannot bind to a temporary of type 'vector<int> *'
        cout << s.maxArea(new vector<int>())
                          ^~~~~~~~~~~~~~~~~
../src/Leet-BiggestBucketOfWater.cpp:19:30: note: passing argument to parameter 'height' here
    int maxArea(vector<int>& height) {
                             ^
2 errors generated.
make: *** [src/Leet-BiggestBucketOfWater.o] Error 1
21:16:50 **** Incremental Build of configuration Debug for project Leet-BiggestBucketOfWater ****
make all 
Building file: ../src/Leet-BiggestBucketOfWater.cpp
Invoking: GCC C++ Compiler
g++ -O0 -g3 -Wall -c -fmessage-length=0 -MMD -MP -MF"src/Leet-BiggestBucketOfWater.d" -MT"src/Leet-BiggestBucketOfWater.o" -o "src/Leet-BiggestBucketOfWater.o" "../src/Leet-BiggestBucketOfWater.cpp"
../src/Leet-BiggestBucketOfWater.cpp:24:19: error: no matching function for call to 'max'
                        max_area = max(max_area, (min(*j , *i) * (j-i)));
                                   ^~~
/Applications/Xcode.app/Contents/Developer/Toolchains/XcodeDefault.xctoolchain/usr/bin/../include/c++/v1/algorithm:2608:1: note: candidate template ignored: deduced conflicting types for parameter '_Tp' ('int' vs. 'long')
max(const _Tp& __a, const _Tp& __b)
^
/Applications/Xcode.app/Contents/Developer/Toolchains/XcodeDefault.xctoolchain/usr/bin/../include/c++/v1/algorithm:2600:1: note: candidate function template not viable: requires 3 arguments, but 2 were provided
max(const _Tp& __a, const _Tp& __b, _Compare __comp)
^
../src/Leet-BiggestBucketOfWater.cpp:36:20: error: non-const lvalue reference to type 'vector<int>' cannot bind to a temporary of type 'vector<int> *'
        cout << s.maxArea(new vector<int>())
                          ^~~~~~~~~~~~~~~~~
../src/Leet-BiggestBucketOfWater.cpp:19:30: note: passing argument to parameter 'height' here
    int maxArea(vector<int>& height) {
                             ^
2 errors generated.
make: *** [src/Leet-BiggestBucketOfWater.o] Error 1
21:16:53 **** Incremental Build of configuration Debug for project Leet-BiggestBucketOfWater ****
make all 
Building file: ../src/Leet-BiggestBucketOfWater.cpp
Invoking: GCC C++ Compiler
g++ -O0 -g3 -Wall -c -fmessage-length=0 -MMD -MP -MF"src/Leet-BiggestBucketOfWater.d" -MT"src/Leet-BiggestBucketOfWater.o" -o "src/Leet-BiggestBucketOfWater.o" "../src/Leet-BiggestBucketOfWater.cpp"
../src/Leet-BiggestBucketOfWater.cpp:24:19: error: no matching function for call to 'max'
                        max_area = max(max_area, (min(*j , *i) * (j-i)));
                                   ^~~
/Applications/Xcode.app/Contents/Developer/Toolchains/XcodeDefault.xctoolchain/usr/bin/../include/c++/v1/algorithm:2608:1: note: candidate template ignored: deduced conflicting types for parameter '_Tp' ('int' vs. 'long')
max(const _Tp& __a, const _Tp& __b)
^
/Applications/Xcode.app/Contents/Developer/Toolchains/XcodeDefault.xctoolchain/usr/bin/../include/c++/v1/algorithm:2600:1: note: candidate function template not viable: requires 3 arguments, but 2 were provided
max(const _Tp& __a, const _Tp& __b, _Compare __comp)
^
../src/Leet-BiggestBucketOfWater.cpp:36:20: error: non-const lvalue reference to type 'vector<int>' cannot bind to a temporary of type 'vector<int> *'
        cout << s.maxArea(new vector<int>())
                          ^~~~~~~~~~~~~~~~~
../src/Leet-BiggestBucketOfWater.cpp:19:30: note: passing argument to parameter 'height' here
    int maxArea(vector<int>& height) {
                             ^
2 errors generated.
make: *** [src/Leet-BiggestBucketOfWater.o] Error 1
21:17:22 **** Incremental Build of configuration Debug for project Leet-BiggestBucketOfWater ****
make all 
Building file: ../src/Leet-BiggestBucketOfWater.cpp
Invoking: GCC C++ Compiler
g++ -O0 -g3 -Wall -c -fmessage-length=0 -MMD -MP -MF"src/Leet-BiggestBucketOfWater.d" -MT"src/Leet-BiggestBucketOfWater.o" -o "src/Leet-BiggestBucketOfWater.o" "../src/Leet-BiggestBucketOfWater.cpp"
../src/Leet-BiggestBucketOfWater.cpp:24:19: error: no matching function for call to 'max'
                        max_area = max(max_area, (min(*j , *i) * (j-i)));
                                   ^~~
/Applications/Xcode.app/Contents/Developer/Toolchains/XcodeDefault.xctoolchain/usr/bin/../include/c++/v1/algorithm:2608:1: note: candidate template ignored: deduced conflicting types for parameter '_Tp' ('int' vs. 'long')
max(const _Tp& __a, const _Tp& __b)
^
/Applications/Xcode.app/Contents/Developer/Toolchains/XcodeDefault.xctoolchain/usr/bin/../include/c++/v1/algorithm:2600:1: note: candidate function template not viable: requires 3 arguments, but 2 were provided
max(const _Tp& __a, const _Tp& __b, _Compare __comp)
^
../src/Leet-BiggestBucketOfWater.cpp:36:20: error: non-const lvalue reference to type 'vector<int>' cannot bind to a temporary of type 'vector<int> *'
        cout << s.maxArea(new vector<int>())
                          ^~~~~~~~~~~~~~~~~
../src/Leet-BiggestBucketOfWater.cpp:19:30: note: passing argument to parameter 'height' here
    int maxArea(vector<int>& height) {
                             ^
2 errors generated.
make: *** [src/Leet-BiggestBucketOfWater.o] Error 1
21:17:35 **** Incremental Build of configuration Debug for project Leet-BiggestBucketOfWater ****
make all 
Building file: ../src/Leet-BiggestBucketOfWater.cpp
Invoking: GCC C++ Compiler
g++ -O0 -g3 -Wall -c -fmessage-length=0 -MMD -MP -MF"src/Leet-BiggestBucketOfWater.d" -MT"src/Leet-BiggestBucketOfWater.o" -o "src/Leet-BiggestBucketOfWater.o" "../src/Leet-BiggestBucketOfWater.cpp"
../src/Leet-BiggestBucketOfWater.cpp:24:19: error: no matching function for call to 'max'
                        max_area = max(max_area, (min(*j , *i) * distance(i,j)));
                                   ^~~
/Applications/Xcode.app/Contents/Developer/Toolchains/XcodeDefault.xctoolchain/usr/bin/../include/c++/v1/algorithm:2608:1: note: candidate template ignored: deduced conflicting types for parameter '_Tp' ('int' vs. 'long')
max(const _Tp& __a, const _Tp& __b)
^
/Applications/Xcode.app/Contents/Developer/Toolchains/XcodeDefault.xctoolchain/usr/bin/../include/c++/v1/algorithm:2600:1: note: candidate function template not viable: requires 3 arguments, but 2 were provided
max(const _Tp& __a, const _Tp& __b, _Compare __comp)
^
../src/Leet-BiggestBucketOfWater.cpp:36:20: error: non-const lvalue reference to type 'vector<int>' cannot bind to a temporary of type 'vector<int> *'
        cout << s.maxArea(new vector<int>())
                          ^~~~~~~~~~~~~~~~~
../src/Leet-BiggestBucketOfWater.cpp:19:30: note: passing argument to parameter 'height' here
    int maxArea(vector<int>& height) {
                             ^
2 errors generated.
make: *** [src/Leet-BiggestBucketOfWater.o] Error 1
21:18:07 **** Incremental Build of configuration Debug for project Leet-BiggestBucketOfWater ****
make all 
Building file: ../src/Leet-BiggestBucketOfWater.cpp
Invoking: GCC C++ Compiler
g++ -O0 -g3 -Wall -c -fmessage-length=0 -MMD -MP -MF"src/Leet-BiggestBucketOfWater.d" -MT"src/Leet-BiggestBucketOfWater.o" -o "src/Leet-BiggestBucketOfWater.o" "../src/Leet-BiggestBucketOfWater.cpp"
../src/Leet-BiggestBucketOfWater.cpp:25:19: error: no matching function for call to 'max'
                        max_area = max(max_area, (min(*j , *i) * distance(i,j)));
                                   ^~~
/Applications/Xcode.app/Contents/Developer/Toolchains/XcodeDefault.xctoolchain/usr/bin/../include/c++/v1/algorithm:2608:1: note: candidate template ignored: deduced conflicting types for parameter '_Tp' ('int' vs. 'long')
max(const _Tp& __a, const _Tp& __b)
^
/Applications/Xcode.app/Contents/Developer/Toolchains/XcodeDefault.xctoolchain/usr/bin/../include/c++/v1/algorithm:2600:1: note: candidate function template not viable: requires 3 arguments, but 2 were provided
max(const _Tp& __a, const _Tp& __b, _Compare __comp)
^
../src/Leet-BiggestBucketOfWater.cpp:37:20: error: non-const lvalue reference to type 'vector<int>' cannot bind to a temporary of type 'vector<int> *'
        cout << s.maxArea(new vector<int>())
                          ^~~~~~~~~~~~~~~~~
../src/Leet-BiggestBucketOfWater.cpp:20:30: note: passing argument to parameter 'height' here
    int maxArea(vector<int>& height) {
                             ^
2 errors generated.
make: *** [src/Leet-BiggestBucketOfWater.o] Error 1
21:18:10 **** Incremental Build of configuration Debug for project Leet-BiggestBucketOfWater ****
make all 
Building file: ../src/Leet-BiggestBucketOfWater.cpp
Invoking: GCC C++ Compiler
g++ -O0 -g3 -Wall -c -fmessage-length=0 -MMD -MP -MF"src/Leet-BiggestBucketOfWater.d" -MT"src/Leet-BiggestBucketOfWater.o" -o "src/Leet-BiggestBucketOfWater.o" "../src/Leet-BiggestBucketOfWater.cpp"
../src/Leet-BiggestBucketOfWater.cpp:25:19: error: no matching function for call to 'max'
                        max_area = max(max_area, (min(*j , *i) * distance(i,j)));
                                   ^~~
/Applications/Xcode.app/Contents/Developer/Toolchains/XcodeDefault.xctoolchain/usr/bin/../include/c++/v1/algorithm:2608:1: note: candidate template ignored: deduced conflicting types for parameter '_Tp' ('int' vs. 'long')
max(const _Tp& __a, const _Tp& __b)
^
/Applications/Xcode.app/Contents/Developer/Toolchains/XcodeDefault.xctoolchain/usr/bin/../include/c++/v1/algorithm:2600:1: note: candidate function template not viable: requires 3 arguments, but 2 were provided
max(const _Tp& __a, const _Tp& __b, _Compare __comp)
^
../src/Leet-BiggestBucketOfWater.cpp:37:20: error: non-const lvalue reference to type 'vector<int>' cannot bind to a temporary of type 'vector<int> *'
        cout << s.maxArea(new vector<int>())
                          ^~~~~~~~~~~~~~~~~
../src/Leet-BiggestBucketOfWater.cpp:20:30: note: passing argument to parameter 'height' here
    int maxArea(vector<int>& height) {
                             ^
2 errors generated.
make: *** [src/Leet-BiggestBucketOfWater.o] Error 1
21:18:55 **** Incremental Build of configuration Debug for project Leet-BiggestBucketOfWater ****
make all 
Building file: ../src/Leet-BiggestBucketOfWater.cpp
Invoking: GCC C++ Compiler
g++ -O0 -g3 -Wall -c -fmessage-length=0 -MMD -MP -MF"src/Leet-BiggestBucketOfWater.d" -MT"src/Leet-BiggestBucketOfWater.o" -o "src/Leet-BiggestBucketOfWater.o" "../src/Leet-BiggestBucketOfWater.cpp"
../src/Leet-BiggestBucketOfWater.cpp:27:39: error: extraneous ')' before ';'
                        max_area = max(max_area, y * x));
                                                       ^
../src/Leet-BiggestBucketOfWater.cpp:39:20: error: non-const lvalue reference to type 'vector<int>' cannot bind to a temporary of type 'vector<int> *'
        cout << s.maxArea(new vector<int>())
                          ^~~~~~~~~~~~~~~~~
../src/Leet-BiggestBucketOfWater.cpp:20:30: note: passing argument to parameter 'height' here
    int maxArea(vector<int>& height) {
                             ^
2 errors generated.
make: *** [src/Leet-BiggestBucketOfWater.o] Error 1
21:18:58 **** Incremental Build of configuration Debug for project Leet-BiggestBucketOfWater ****
make all 
Building file: ../src/Leet-BiggestBucketOfWater.cpp
Invoking: GCC C++ Compiler
g++ -O0 -g3 -Wall -c -fmessage-length=0 -MMD -MP -MF"src/Leet-BiggestBucketOfWater.d" -MT"src/Leet-BiggestBucketOfWater.o" -o "src/Leet-BiggestBucketOfWater.o" "../src/Leet-BiggestBucketOfWater.cpp"
../src/Leet-BiggestBucketOfWater.cpp:27:39: error: extraneous ')' before ';'
                        max_area = max(max_area, y * x));
                                                       ^
../src/Leet-BiggestBucketOfWater.cpp:39:20: error: non-const lvalue reference to type 'vector<int>' cannot bind to a temporary of type 'vector<int> *'
        cout << s.maxArea(new vector<int>())
                          ^~~~~~~~~~~~~~~~~
../src/Leet-BiggestBucketOfWater.cpp:20:30: note: passing argument to parameter 'height' here
    int maxArea(vector<int>& height) {
                             ^
2 errors generated.
make: *** [src/Leet-BiggestBucketOfWater.o] Error 1
21:19:15 **** Incremental Build of configuration Debug for project Leet-BiggestBucketOfWater ****
make all 
Building file: ../src/Leet-BiggestBucketOfWater.cpp
Invoking: GCC C++ Compiler
g++ -O0 -g3 -Wall -c -fmessage-length=0 -MMD -MP -MF"src/Leet-BiggestBucketOfWater.d" -MT"src/Leet-BiggestBucketOfWater.o" -o "src/Leet-BiggestBucketOfWater.o" "../src/Leet-BiggestBucketOfWater.cpp"
../src/Leet-BiggestBucketOfWater.cpp:27:39: error: extraneous ')' before ';'
                        max_area = max(max_area, y * x));
                                                       ^
../src/Leet-BiggestBucketOfWater.cpp:39:20: error: non-const lvalue reference to type 'vector<int>' cannot bind to a temporary of type 'vector<int> *'
        cout << s.maxArea(new vector<int>())
                          ^~~~~~~~~~~~~~~~~
../src/Leet-BiggestBucketOfWater.cpp:20:30: note: passing argument to parameter 'height' here
    int maxArea(vector<int>& height) {
                             ^
2 errors generated.
make: *** [src/Leet-BiggestBucketOfWater.o] Error 1
21:19:37 **** Incremental Build of configuration Debug for project Leet-BiggestBucketOfWater ****
make all 
Building file: ../src/Leet-BiggestBucketOfWater.cpp
Invoking: GCC C++ Compiler
g++ -O0 -g3 -Wall -c -fmessage-length=0 -MMD -MP -MF"src/Leet-BiggestBucketOfWater.d" -MT"src/Leet-BiggestBucketOfWater.o" -o "src/Leet-BiggestBucketOfWater.o" "../src/Leet-BiggestBucketOfWater.cpp"
../src/Leet-BiggestBucketOfWater.cpp:39:20: error: non-const lvalue reference to type 'vector<int>' cannot bind to a temporary of type 'vector<int> *'
        cout << s.maxArea(new vector<int>())
                          ^~~~~~~~~~~~~~~~~
../src/Leet-BiggestBucketOfWater.cpp:20:30: note: passing argument to parameter 'height' here
    int maxArea(vector<int>& height) {
                             ^
1 error generated.
make: *** [src/Leet-BiggestBucketOfWater.o] Error 1
21:21:05 **** Incremental Build of configuration Debug for project Leet-BiggestBucketOfWater ****
make all 
Building file: ../src/Leet-BiggestBucketOfWater.cpp
Invoking: GCC C++ Compiler
g++ -O0 -g3 -Wall -c -fmessage-length=0 -MMD -MP -MF"src/Leet-BiggestBucketOfWater.d" -MT"src/Leet-BiggestBucketOfWater.o" -o "src/Leet-BiggestBucketOfWater.o" "../src/Leet-BiggestBucketOfWater.cpp"
../src/Leet-BiggestBucketOfWater.cpp:26:12: warning: unused variable 'ival' [-Wunused-variable]
                        int ival = *i;
                            ^
../src/Leet-BiggestBucketOfWater.cpp:27:12: warning: unused variable 'jval' [-Wunused-variable]
                        int jval = *j;
                            ^
../src/Leet-BiggestBucketOfWater.cpp:41:20: error: non-const lvalue reference to type 'vector<int>' cannot bind to a temporary of type 'vector<int> *'
        cout << s.maxArea(new vector<int>())
                          ^~~~~~~~~~~~~~~~~
../src/Leet-BiggestBucketOfWater.cpp:20:30: note: passing argument to parameter 'height' here
    int maxArea(vector<int>& height) {
                             ^
2 warnings and 1 error generated.
make: *** [src/Leet-BiggestBucketOfWater.o] Error 1
21:21:11 **** Incremental Build of configuration Debug for project Leet-BiggestBucketOfWater ****
make all 
Building file: ../src/Leet-BiggestBucketOfWater.cpp
Invoking: GCC C++ Compiler
g++ -O0 -g3 -Wall -c -fmessage-length=0 -MMD -MP -MF"src/Leet-BiggestBucketOfWater.d" -MT"src/Leet-BiggestBucketOfWater.o" -o "src/Leet-BiggestBucketOfWater.o" "../src/Leet-BiggestBucketOfWater.cpp"
../src/Leet-BiggestBucketOfWater.cpp:26:12: warning: unused variable 'ival' [-Wunused-variable]
                        int ival = *i;
                            ^
../src/Leet-BiggestBucketOfWater.cpp:27:12: warning: unused variable 'jval' [-Wunused-variable]
                        int jval = *j;
                            ^
../src/Leet-BiggestBucketOfWater.cpp:41:20: error: non-const lvalue reference to type 'vector<int>' cannot bind to a temporary of type 'vector<int> *'
        cout << s.maxArea(new vector<int>())
                          ^~~~~~~~~~~~~~~~~
../src/Leet-BiggestBucketOfWater.cpp:20:30: note: passing argument to parameter 'height' here
    int maxArea(vector<int>& height) {
                             ^
2 warnings and 1 error generated.
make: *** [src/Leet-BiggestBucketOfWater.o] Error 1
21:21:12 **** Incremental Build of configuration Debug for project Leet-BiggestBucketOfWater ****
make all 
Building file: ../src/Leet-BiggestBucketOfWater.cpp
Invoking: GCC C++ Compiler
g++ -O0 -g3 -Wall -c -fmessage-length=0 -MMD -MP -MF"src/Leet-BiggestBucketOfWater.d" -MT"src/Leet-BiggestBucketOfWater.o" -o "src/Leet-BiggestBucketOfWater.o" "../src/Leet-BiggestBucketOfWater.cpp"
../src/Leet-BiggestBucketOfWater.cpp:26:12: warning: unused variable 'ival' [-Wunused-variable]
                        int ival = *i;
                            ^
../src/Leet-BiggestBucketOfWater.cpp:27:12: warning: unused variable 'jval' [-Wunused-variable]
                        int jval = *j;
                            ^
../src/Leet-BiggestBucketOfWater.cpp:41:20: error: non-const lvalue reference to type 'vector<int>' cannot bind to a temporary of type 'vector<int> *'
        cout << s.maxArea(new vector<int>())
                          ^~~~~~~~~~~~~~~~~
../src/Leet-BiggestBucketOfWater.cpp:20:30: note: passing argument to parameter 'height' here
    int maxArea(vector<int>& height) {
                             ^
2 warnings and 1 error generated.
make: *** [src/Leet-BiggestBucketOfWater.o] Error 1
21:21:23 **** Incremental Build of configuration Debug for project Leet-BiggestBucketOfWater ****
make all 
Building file: ../src/Leet-BiggestBucketOfWater.cpp
Invoking: GCC C++ Compiler
g++ -O0 -g3 -Wall -c -fmessage-length=0 -MMD -MP -MF"src/Leet-BiggestBucketOfWater.d" -MT"src/Leet-BiggestBucketOfWater.o" -o "src/Leet-BiggestBucketOfWater.o" "../src/Leet-BiggestBucketOfWater.cpp"
../src/Leet-BiggestBucketOfWater.cpp:41:20: error: non-const lvalue reference to type 'vector<int>' cannot bind to a temporary of type 'vector<int> *'
        cout << s.maxArea(new vector<int>())
                          ^~~~~~~~~~~~~~~~~
../src/Leet-BiggestBucketOfWater.cpp:20:30: note: passing argument to parameter 'height' here
    int maxArea(vector<int>& height) {
                             ^
1 error generated.
make: *** [src/Leet-BiggestBucketOfWater.o] Error 1
21:21:26 **** Incremental Build of configuration Debug for project Leet-BiggestBucketOfWater ****
make all 
Building file: ../src/Leet-BiggestBucketOfWater.cpp
Invoking: GCC C++ Compiler
g++ -O0 -g3 -Wall -c -fmessage-length=0 -MMD -MP -MF"src/Leet-BiggestBucketOfWater.d" -MT"src/Leet-BiggestBucketOfWater.o" -o "src/Leet-BiggestBucketOfWater.o" "../src/Leet-BiggestBucketOfWater.cpp"
../src/Leet-BiggestBucketOfWater.cpp:41:20: error: non-const lvalue reference to type 'vector<int>' cannot bind to a temporary of type 'vector<int> *'
        cout << s.maxArea(new vector<int>())
                          ^~~~~~~~~~~~~~~~~
../src/Leet-BiggestBucketOfWater.cpp:20:30: note: passing argument to parameter 'height' here
    int maxArea(vector<int>& height) {
                             ^
1 error generated.
make: *** [src/Leet-BiggestBucketOfWater.o] Error 1
21:21:27 **** Incremental Build of configuration Debug for project Leet-BiggestBucketOfWater ****
make all 
Building file: ../src/Leet-BiggestBucketOfWater.cpp
Invoking: GCC C++ Compiler
g++ -O0 -g3 -Wall -c -fmessage-length=0 -MMD -MP -MF"src/Leet-BiggestBucketOfWater.d" -MT"src/Leet-BiggestBucketOfWater.o" -o "src/Leet-BiggestBucketOfWater.o" "../src/Leet-BiggestBucketOfWater.cpp"
../src/Leet-BiggestBucketOfWater.cpp:41:20: error: non-const lvalue reference to type 'vector<int>' cannot bind to a temporary of type 'vector<int> *'
        cout << s.maxArea(new vector<int>())
                          ^~~~~~~~~~~~~~~~~
../src/Leet-BiggestBucketOfWater.cpp:20:30: note: passing argument to parameter 'height' here
    int maxArea(vector<int>& height) {
                             ^
1 error generated.
make: *** [src/Leet-BiggestBucketOfWater.o] Error 1
21:21:28 **** Incremental Build of configuration Debug for project Leet-BiggestBucketOfWater ****
make all 
Building file: ../src/Leet-BiggestBucketOfWater.cpp
Invoking: GCC C++ Compiler
g++ -O0 -g3 -Wall -c -fmessage-length=0 -MMD -MP -MF"src/Leet-BiggestBucketOfWater.d" -MT"src/Leet-BiggestBucketOfWater.o" -o "src/Leet-BiggestBucketOfWater.o" "../src/Leet-BiggestBucketOfWater.cpp"
../src/Leet-BiggestBucketOfWater.cpp:41:20: error: non-const lvalue reference to type 'vector<int>' cannot bind to a temporary of type 'vector<int> *'
        cout << s.maxArea(new vector<int>())
                          ^~~~~~~~~~~~~~~~~
../src/Leet-BiggestBucketOfWater.cpp:20:30: note: passing argument to parameter 'height' here
    int maxArea(vector<int>& height) {
                             ^
1 error generated.
make: *** [src/Leet-BiggestBucketOfWater.o] Error 1
21:21:30 **** Incremental Build of configuration Debug for project Leet-BiggestBucketOfWater ****
make all 
Building file: ../src/Leet-BiggestBucketOfWater.cpp
Invoking: GCC C++ Compiler
g++ -O0 -g3 -Wall -c -fmessage-length=0 -MMD -MP -MF"src/Leet-BiggestBucketOfWater.d" -MT"src/Leet-BiggestBucketOfWater.o" -o "src/Leet-BiggestBucketOfWater.o" "../src/Leet-BiggestBucketOfWater.cpp"
../src/Leet-BiggestBucketOfWater.cpp:41:20: error: non-const lvalue reference to type 'vector<int>' cannot bind to a temporary of type 'vector<int> *'
        cout << s.maxArea(new vector<int>())
                          ^~~~~~~~~~~~~~~~~
../src/Leet-BiggestBucketOfWater.cpp:20:30: note: passing argument to parameter 'height' here
    int maxArea(vector<int>& height) {
                             ^
1 error generated.
make: *** [src/Leet-BiggestBucketOfWater.o] Error 1
21:21:37 **** Incremental Build of configuration Debug for project Leet-BiggestBucketOfWater ****
make all 
Building file: ../src/Leet-BiggestBucketOfWater.cpp
Invoking: GCC C++ Compiler
g++ -O0 -g3 -Wall -c -fmessage-length=0 -MMD -MP -MF"src/Leet-BiggestBucketOfWater.d" -MT"src/Leet-BiggestBucketOfWater.o" -o "src/Leet-BiggestBucketOfWater.o" "../src/Leet-BiggestBucketOfWater.cpp"
../src/Leet-BiggestBucketOfWater.cpp:41:20: error: non-const lvalue reference to type 'vector<int>' cannot bind to a temporary of type 'vector<int> *'
        cout << s.maxArea(new vector<int>());
                          ^~~~~~~~~~~~~~~~~
../src/Leet-BiggestBucketOfWater.cpp:20:30: note: passing argument to parameter 'height' here
    int maxArea(vector<int>& height) {
                             ^
1 error generated.
make: *** [src/Leet-BiggestBucketOfWater.o] Error 1
21:22:33 **** Incremental Build of configuration Debug for project Leet-BiggestBucketOfWater ****
make all 
Building file: ../src/Leet-BiggestBucketOfWater.cpp
Invoking: GCC C++ Compiler
g++ -O0 -g3 -Wall -c -fmessage-length=0 -MMD -MP -MF"src/Leet-BiggestBucketOfWater.d" -MT"src/Leet-BiggestBucketOfWater.o" -o "src/Leet-BiggestBucketOfWater.o" "../src/Leet-BiggestBucketOfWater.cpp"
../src/Leet-BiggestBucketOfWater.cpp:41:5: error: expected unqualified-id
        int[] arr = { 1, 2, 3, 4 };
           ^
../src/Leet-BiggestBucketOfWater.cpp:42:36: error: use of undeclared identifier 'arr'
        cout << s.maxArea(new vector<int>(arr));
                                          ^
2 errors generated.
make: *** [src/Leet-BiggestBucketOfWater.o] Error 1
21:22:46 **** Incremental Build of configuration Debug for project Leet-BiggestBucketOfWater ****
make all 
Building file: ../src/Leet-BiggestBucketOfWater.cpp
Invoking: GCC C++ Compiler
g++ -O0 -g3 -Wall -c -fmessage-length=0 -MMD -MP -MF"src/Leet-BiggestBucketOfWater.d" -MT"src/Leet-BiggestBucketOfWater.o" -o "src/Leet-BiggestBucketOfWater.o" "../src/Leet-BiggestBucketOfWater.cpp"
../src/Leet-BiggestBucketOfWater.cpp:42:24: error: no matching constructor for initialization of 'vector<int>'
        cout << s.maxArea(new vector<int>(arr));
                              ^           ~~~
/Applications/Xcode.app/Contents/Developer/Toolchains/XcodeDefault.xctoolchain/usr/bin/../include/c++/v1/vector:513:40: note: candidate constructor not viable: no known conversion from 'int [4]' to 'const allocator_type' (aka 'const std::__1::allocator<int>') for 1st argument
    _LIBCPP_INLINE_VISIBILITY explicit vector(const allocator_type& __a)
                                       ^
/Applications/Xcode.app/Contents/Developer/Toolchains/XcodeDefault.xctoolchain/usr/bin/../include/c++/v1/vector:520:14: note: candidate constructor not viable: no known conversion from 'int [4]' to 'size_type' (aka 'unsigned long') for 1st argument
    explicit vector(size_type __n);
             ^
/Applications/Xcode.app/Contents/Developer/Toolchains/XcodeDefault.xctoolchain/usr/bin/../include/c++/v1/vector:568:5: note: candidate constructor not viable: no known conversion from 'int [4]' to 'const std::__1::vector<int, std::__1::allocator<int> >' for 1st argument
    vector(const vector& __x);
    ^
/Applications/Xcode.app/Contents/Developer/Toolchains/XcodeDefault.xctoolchain/usr/bin/../include/c++/v1/vector:527:9: note: candidate constructor template not viable: requires 2 arguments, but 1 was provided
        vector(_InputIterator __first,
        ^
/Applications/Xcode.app/Contents/Developer/Toolchains/XcodeDefault.xctoolchain/usr/bin/../include/c++/v1/vector:535:9: note: candidate constructor template not viable: requires at least 3 arguments, but 1 was provided
        vector(_InputIterator __first, _InputIterator __last, const allocator_type& __a,
        ^
/Applications/Xcode.app/Contents/Developer/Toolchains/XcodeDefault.xctoolchain/usr/bin/../include/c++/v1/vector:542:9: note: candidate constructor template not viable: requires 2 arguments, but 1 was provided
        vector(_ForwardIterator __first,
        ^
/Applications/Xcode.app/Contents/Developer/Toolchains/XcodeDefault.xctoolchain/usr/bin/../include/c++/v1/vector:549:9: note: candidate constructor template not viable: requires at least 3 arguments, but 1 was provided
        vector(_ForwardIterator __first, _ForwardIterator __last, const allocator_type& __a,
        ^
/Applications/Xcode.app/Contents/Developer/Toolchains/XcodeDefault.xctoolchain/usr/bin/../include/c++/v1/vector:506:5: note: candidate constructor not viable: requires 0 arguments, but 1 was provided
    vector()
    ^
/Applications/Xcode.app/Contents/Developer/Toolchains/XcodeDefault.xctoolchain/usr/bin/../include/c++/v1/vector:524:5: note: candidate constructor not viable: requires 2 arguments, but 1 was provided
    vector(size_type __n, const_reference __x);
    ^
/Applications/Xcode.app/Contents/Developer/Toolchains/XcodeDefault.xctoolchain/usr/bin/../include/c++/v1/vector:525:5: note: candidate constructor not viable: requires 3 arguments, but 1 was provided
    vector(size_type __n, const_reference __x, const allocator_type& __a);
    ^
/Applications/Xcode.app/Contents/Developer/Toolchains/XcodeDefault.xctoolchain/usr/bin/../include/c++/v1/vector:569:5: note: candidate constructor not viable: requires 2 arguments, but 1 was provided
    vector(const vector& __x, const allocator_type& __a);
    ^
1 error generated.
make: *** [src/Leet-BiggestBucketOfWater.o] Error 1
21:23:28 **** Incremental Build of configuration Debug for project Leet-BiggestBucketOfWater ****
make all 
Building file: ../src/Leet-BiggestBucketOfWater.cpp
Invoking: GCC C++ Compiler
g++ -O0 -g3 -Wall -c -fmessage-length=0 -MMD -MP -MF"src/Leet-BiggestBucketOfWater.d" -MT"src/Leet-BiggestBucketOfWater.o" -o "src/Leet-BiggestBucketOfWater.o" "../src/Leet-BiggestBucketOfWater.cpp"
../src/Leet-BiggestBucketOfWater.cpp:42:20: error: non-const lvalue reference to type 'vector<int>' cannot bind to a temporary of type 'vector<int> *'
        cout << s.maxArea(new vector<int>(arr, arr + sizeof(arr)/ sizeof(int)));
                          ^~~~~~~~~~~~~~~~~~~~~~~~~~~~~~~~~~~~~~~~~~~~~~~~~~~~
../src/Leet-BiggestBucketOfWater.cpp:20:30: note: passing argument to parameter 'height' here
    int maxArea(vector<int>& height) {
                             ^
1 error generated.
make: *** [src/Leet-BiggestBucketOfWater.o] Error 1
21:24:21 **** Incremental Build of configuration Debug for project Leet-BiggestBucketOfWater ****
make all 
Building file: ../src/Leet-BiggestBucketOfWater.cpp
Invoking: GCC C++ Compiler
g++ -O0 -g3 -Wall -c -fmessage-length=0 -MMD -MP -MF"src/Leet-BiggestBucketOfWater.d" -MT"src/Leet-BiggestBucketOfWater.o" -o "src/Leet-BiggestBucketOfWater.o" "../src/Leet-BiggestBucketOfWater.cpp"
Finished building: ../src/Leet-BiggestBucketOfWater.cpp
 
Building target: Leet-BiggestBucketOfWater
Invoking: MacOS X C++ Linker
g++  -o "Leet-BiggestBucketOfWater"  ./src/Leet-BiggestBucketOfWater.o   
Finished building target: Leet-BiggestBucketOfWater
 
21:24:37 **** Incremental Build of configuration Debug for project Leet-BiggestBucketOfWater ****
make all 
make: Nothing to be done for `all'.
21:26:11 **** Incremental Build of configuration Debug for project Leet-BiggestBucketOfWater ****
make all 
Building file: ../src/Leet-BiggestBucketOfWater.cpp
Invoking: GCC C++ Compiler
g++ -O0 -g3 -Wall -c -fmessage-length=0 -MMD -MP -MF"src/Leet-BiggestBucketOfWater.d" -MT"src/Leet-BiggestBucketOfWater.o" -o "src/Leet-BiggestBucketOfWater.o" "../src/Leet-BiggestBucketOfWater.cpp"
Finished building: ../src/Leet-BiggestBucketOfWater.cpp
 
Building target: Leet-BiggestBucketOfWater
Invoking: MacOS X C++ Linker
g++  -o "Leet-BiggestBucketOfWater"  ./src/Leet-BiggestBucketOfWater.o   
Finished building target: Leet-BiggestBucketOfWater
 
21:27:47 **** Incremental Build of configuration Debug for project Leet-BiggestBucketOfWater ****
make all 
make: Nothing to be done for `all'.
21:27:50 **** Incremental Build of configuration Debug for project Leet-BiggestBucketOfWater ****
make all 
make: Nothing to be done for `all'.
21:27:51 **** Incremental Build of configuration Debug for project Leet-BiggestBucketOfWater ****
make all 
make: Nothing to be done for `all'.
21:27:51 **** Incremental Build of configuration Debug for project Leet-BiggestBucketOfWater ****
make all 
make: Nothing to be done for `all'.
21:27:53 **** Incremental Build of configuration Debug for project Leet-BiggestBucketOfWater ****
make all 
make: Nothing to be done for `all'.
21:27:54 **** Incremental Build of configuration Debug for project Leet-BiggestBucketOfWater ****
make all 
make: Nothing to be done for `all'.
21:27:54 **** Incremental Build of configuration Debug for project Leet-BiggestBucketOfWater ****
make all 
make: Nothing to be done for `all'.
21:27:54 **** Incremental Build of configuration Debug for project Leet-BiggestBucketOfWater ****
make all 
make: Nothing to be done for `all'.
21:27:58 **** Incremental Build of configuration Debug for project Leet-BiggestBucketOfWater ****
make all 
make: Nothing to be done for `all'.
21:30:10 **** Incremental Build of configuration Debug for project Leet-BiggestBucketOfWater ****
make all 
Building file: ../src/Leet-BiggestBucketOfWater.cpp
Invoking: GCC C++ Compiler
g++ -O0 -g3 -Wall -c -fmessage-length=0 -MMD -MP -MF"src/Leet-BiggestBucketOfWater.d" -MT"src/Leet-BiggestBucketOfWater.o" -o "src/Leet-BiggestBucketOfWater.o" "../src/Leet-BiggestBucketOfWater.cpp"
Finished building: ../src/Leet-BiggestBucketOfWater.cpp
 
Building target: Leet-BiggestBucketOfWater
Invoking: MacOS X C++ Linker
g++  -o "Leet-BiggestBucketOfWater"  ./src/Leet-BiggestBucketOfWater.o   
Finished building target: Leet-BiggestBucketOfWater
 
21:55:18 **** Build of configuration Debug for project Leet-Pow ****
make all 
Building file: ../src/Leet-Pow.cpp
Invoking: GCC C++ Compiler
g++ -O0 -g3 -Wall -c -fmessage-length=0 -MMD -MP -MF"src/Leet-Pow.d" -MT"src/Leet-Pow.o" -o "src/Leet-Pow.o" "../src/Leet-Pow.cpp"
Finished building: ../src/Leet-Pow.cpp
 
Building target: Leet-Pow
Invoking: MacOS X C++ Linker
g++  -o "Leet-Pow"  ./src/Leet-Pow.o   
Finished building target: Leet-Pow
 
21:55:22 **** Incremental Build of configuration Debug for project Leet-Pow ****
make all 
make: Nothing to be done for `all'.
22:10:57 **** Incremental Build of configuration Debug for project Leet-Pow ****
make all 
make: Nothing to be done for `all'.
22:11:58 **** Incremental Build of configuration Debug for project Leet-Pow ****
make all 
Building file: ../src/Leet-Pow.cpp
Invoking: GCC C++ Compiler
g++ -O0 -g3 -Wall -c -fmessage-length=0 -MMD -MP -MF"src/Leet-Pow.d" -MT"src/Leet-Pow.o" -o "src/Leet-Pow.o" "../src/Leet-Pow.cpp"
Finished building: ../src/Leet-Pow.cpp
 
Building target: Leet-Pow
Invoking: MacOS X C++ Linker
g++  -o "Leet-Pow"  ./src/Leet-Pow.o   
Finished building target: Leet-Pow
 
22:13:13 **** Incremental Build of configuration Debug for project Leet-Pow ****
make all 
Building file: ../src/Leet-Pow.cpp
Invoking: GCC C++ Compiler
g++ -O0 -g3 -Wall -c -fmessage-length=0 -MMD -MP -MF"src/Leet-Pow.d" -MT"src/Leet-Pow.o" -o "src/Leet-Pow.o" "../src/Leet-Pow.cpp"
Finished building: ../src/Leet-Pow.cpp
 
Building target: Leet-Pow
Invoking: MacOS X C++ Linker
g++  -o "Leet-Pow"  ./src/Leet-Pow.o   
Finished building target: Leet-Pow
 
22:14:17 **** Incremental Build of configuration Debug for project Leet-Pow ****
make all 
Building file: ../src/Leet-Pow.cpp
Invoking: GCC C++ Compiler
g++ -O0 -g3 -Wall -c -fmessage-length=0 -MMD -MP -MF"src/Leet-Pow.d" -MT"src/Leet-Pow.o" -o "src/Leet-Pow.o" "../src/Leet-Pow.cpp"
Finished building: ../src/Leet-Pow.cpp
 
Building target: Leet-Pow
Invoking: MacOS X C++ Linker
g++  -o "Leet-Pow"  ./src/Leet-Pow.o   
Finished building target: Leet-Pow
 
22:15:57 **** Incremental Build of configuration Debug for project Leet-Pow ****
make all 
make: Nothing to be done for `all'.
22:17:10 **** Incremental Build of configuration Debug for project Leet-Pow ****
make all 
make: Nothing to be done for `all'.
22:17:18 **** Incremental Build of configuration Debug for project Leet-Pow ****
make all 
Building file: ../src/Leet-Pow.cpp
Invoking: GCC C++ Compiler
g++ -O0 -g3 -Wall -c -fmessage-length=0 -MMD -MP -MF"src/Leet-Pow.d" -MT"src/Leet-Pow.o" -o "src/Leet-Pow.o" "../src/Leet-Pow.cpp"
Finished building: ../src/Leet-Pow.cpp
 
Building target: Leet-Pow
Invoking: MacOS X C++ Linker
g++  -o "Leet-Pow"  ./src/Leet-Pow.o   
Finished building target: Leet-Pow
 
22:17:59 **** Incremental Build of configuration Debug for project Leet-Pow ****
make all 
make: Nothing to be done for `all'.
22:18:03 **** Incremental Build of configuration Debug for project Leet-Pow ****
make all 
make: Nothing to be done for `all'.
22:19:46 **** Incremental Build of configuration Debug for project Leet-Pow ****
make all 
Building file: ../src/Leet-Pow.cpp
Invoking: GCC C++ Compiler
g++ -O0 -g3 -Wall -c -fmessage-length=0 -MMD -MP -MF"src/Leet-Pow.d" -MT"src/Leet-Pow.o" -o "src/Leet-Pow.o" "../src/Leet-Pow.cpp"
Finished building: ../src/Leet-Pow.cpp
 
Building target: Leet-Pow
Invoking: MacOS X C++ Linker
g++  -o "Leet-Pow"  ./src/Leet-Pow.o   
Finished building target: Leet-Pow
 
22:20:48 **** Incremental Build of configuration Debug for project Leet-Pow ****
make all 
make: Nothing to be done for `all'.
22:22:43 **** Incremental Build of configuration Debug for project Leet-Pow ****
make all 
make: Nothing to be done for `all'.
22:23:09 **** Incremental Build of configuration Debug for project Leet-Pow ****
make all 
make: Nothing to be done for `all'.
22:32:59 **** Incremental Build of configuration Debug for project Leet-Pow ****
make all 
make: Nothing to be done for `all'.
22:36:07 **** Incremental Build of configuration Debug for project Leet-Pow ****
make all 
make: Nothing to be done for `all'.
22:36:08 **** Incremental Build of configuration Debug for project Leet-Pow ****
make all 
make: Nothing to be done for `all'.
22:36:09 **** Incremental Build of configuration Debug for project Leet-Pow ****
make all 
make: Nothing to be done for `all'.
22:36:09 **** Incremental Build of configuration Debug for project Leet-Pow ****
make all 
make: Nothing to be done for `all'.
22:36:09 **** Incremental Build of configuration Debug for project Leet-Pow ****
make all 
make: Nothing to be done for `all'.
22:36:13 **** Incremental Build of configuration Debug for project Leet-Pow ****
make all 
make: Nothing to be done for `all'.
22:37:36 **** Incremental Build of configuration Debug for project Leet-Pow ****
make all 
make: Nothing to be done for `all'.
22:41:35 **** Incremental Build of configuration Debug for project Leet-Pow ****
make all 
make: Nothing to be done for `all'.
22:42:58 **** Incremental Build of configuration Debug for project Leet-Pow ****
make all 
make: Nothing to be done for `all'.
22:43:12 **** Incremental Build of configuration Debug for project Leet-Pow ****
make all 
make: Nothing to be done for `all'.
22:43:36 **** Incremental Build of configuration Debug for project Leet-Pow ****
make all 
make: Nothing to be done for `all'.
23:17:56 **** Incremental Build of configuration Debug for project Leet-Pow ****
make all 
Building file: ../src/Leet-Pow.cpp
Invoking: GCC C++ Compiler
g++ -O0 -g3 -Wall -c -fmessage-length=0 -MMD -MP -MF"src/Leet-Pow.d" -MT"src/Leet-Pow.o" -o "src/Leet-Pow.o" "../src/Leet-Pow.cpp"
Finished building: ../src/Leet-Pow.cpp
 
Building target: Leet-Pow
Invoking: MacOS X C++ Linker
g++  -o "Leet-Pow"  ./src/Leet-Pow.o   
Finished building target: Leet-Pow
 
23:18:28 **** Incremental Build of configuration Debug for project Leet-Pow ****
make all 
make: Nothing to be done for `all'.
